mode: set
github.com/operan/modules/01-tenant-control-plane/internal/config/config.go:30.27,39.27 1 0
github.com/operan/modules/01-tenant-control-plane/internal/config/config.go:39.27,40.53 1 0
github.com/operan/modules/01-tenant-control-plane/internal/config/config.go:41.17,42.19 1 0
github.com/operan/modules/01-tenant-control-plane/internal/config/config.go:43.12,44.18 1 0
github.com/operan/modules/01-tenant-control-plane/internal/config/config.go:50.51,51.34 1 0
github.com/operan/modules/01-tenant-control-plane/internal/config/config.go:51.34,53.3 1 0
github.com/operan/modules/01-tenant-control-plane/internal/config/config.go:54.2,54.17 1 0
github.com/operan/modules/01-tenant-control-plane/cmd/tenant-control-plane/main.go:18.13,24.29 3 0
github.com/operan/modules/01-tenant-control-plane/cmd/tenant-control-plane/main.go:24.29,29.3 4 0
github.com/operan/modules/01-tenant-control-plane/cmd/tenant-control-plane/main.go:31.2,52.12 11 0
github.com/operan/modules/01-tenant-control-plane/cmd/tenant-control-plane/main.go:52.12,57.54 5 0
github.com/operan/modules/01-tenant-control-plane/cmd/tenant-control-plane/main.go:57.54,59.4 1 0
github.com/operan/modules/01-tenant-control-plane/cmd/tenant-control-plane/main.go:62.2,63.79 2 0
github.com/operan/modules/01-tenant-control-plane/cmd/tenant-control-plane/main.go:63.79,65.3 1 0
github.com/operan/modules/01-tenant-control-plane/cmd/tenant-control-plane/main.go:66.2,66.45 1 0
github.com/operan/modules/01-tenant-control-plane/internal/events/events.go:22.32,28.2 1 0
github.com/operan/modules/01-tenant-control-plane/internal/events/events.go:80.80,85.16 4 0
github.com/operan/modules/01-tenant-control-plane/internal/events/events.go:85.16,87.3 1 0
github.com/operan/modules/01-tenant-control-plane/internal/events/events.go:89.2,90.12 2 0
github.com/operan/modules/01-tenant-control-plane/internal/events/events.go:94.76,99.16 4 0
github.com/operan/modules/01-tenant-control-plane/internal/events/events.go:99.16,101.3 1 0
github.com/operan/modules/01-tenant-control-plane/internal/events/events.go:103.2,104.12 2 0
github.com/operan/modules/01-tenant-control-plane/internal/events/events.go:108.84,113.16 4 0
github.com/operan/modules/01-tenant-control-plane/internal/events/events.go:113.16,115.3 1 0
github.com/operan/modules/01-tenant-control-plane/internal/events/events.go:117.2,118.12 2 0
github.com/operan/modules/01-tenant-control-plane/internal/events/events.go:122.84,127.16 4 0
github.com/operan/modules/01-tenant-control-plane/internal/events/events.go:127.16,129.3 1 0
github.com/operan/modules/01-tenant-control-plane/internal/events/events.go:131.2,132.12 2 0
github.com/operan/modules/01-tenant-control-plane/internal/events/events.go:136.56,140.2 1 0
github.com/operan/modules/01-tenant-control-plane/internal/handler/handler_agents_status.go:16.62,17.54 1 1
github.com/operan/modules/01-tenant-control-plane/internal/handler/handler_agents_status.go:17.54,19.10 2 1
github.com/operan/modules/01-tenant-control-plane/internal/handler/handler_agents_status.go:19.10,22.4 2 0
github.com/operan/modules/01-tenant-control-plane/internal/handler/handler_agents_status.go:24.3,25.17 2 1
github.com/operan/modules/01-tenant-control-plane/internal/handler/handler_agents_status.go:25.17,28.4 2 1
github.com/operan/modules/01-tenant-control-plane/internal/handler/handler_agents_status.go:30.3,36.67 2 1
github.com/operan/modules/01-tenant-control-plane/internal/handler/handler_agents_status.go:36.67,42.4 2 1
github.com/operan/modules/01-tenant-control-plane/internal/handler/handler_agents_status.go:44.3,44.38 1 1
github.com/operan/modules/01-tenant-control-plane/internal/handler/handler_agents_status.go:49.69,50.54 1 1
github.com/operan/modules/01-tenant-control-plane/internal/handler/handler_agents_status.go:50.54,52.10 2 1
github.com/operan/modules/01-tenant-control-plane/internal/handler/handler_agents_status.go:52.10,55.4 2 0
github.com/operan/modules/01-tenant-control-plane/internal/handler/handler_agents_status.go:57.3,58.17 2 1
github.com/operan/modules/01-tenant-control-plane/internal/handler/handler_agents_status.go:58.17,61.4 2 0
github.com/operan/modules/01-tenant-control-plane/internal/handler/handler_agents_status.go:63.3,67.52 2 1
github.com/operan/modules/01-tenant-control-plane/internal/handler/handler_agents_status.go:67.52,70.4 2 0
github.com/operan/modules/01-tenant-control-plane/internal/handler/handler_agents_status.go:72.3,72.26 1 1
github.com/operan/modules/01-tenant-control-plane/internal/handler/handler_agents_status.go:72.26,75.4 2 1
github.com/operan/modules/01-tenant-control-plane/internal/handler/handler_agents_status.go:77.3,80.17 2 1
github.com/operan/modules/01-tenant-control-plane/internal/handler/handler_agents_status.go:80.17,83.4 2 1
github.com/operan/modules/01-tenant-control-plane/internal/handler/handler_agents_status.go:85.3,88.5 1 1
github.com/operan/modules/01-tenant-control-plane/internal/handler/handler_agents_status.go:95.57,96.54 1 1
github.com/operan/modules/01-tenant-control-plane/internal/handler/handler_agents_status.go:96.54,98.10 2 1
github.com/operan/modules/01-tenant-control-plane/internal/handler/handler_agents_status.go:98.10,101.4 2 0
github.com/operan/modules/01-tenant-control-plane/internal/handler/handler_agents_status.go:104.3,105.17 2 1
github.com/operan/modules/01-tenant-control-plane/internal/handler/handler_agents_status.go:105.17,108.4 2 1
github.com/operan/modules/01-tenant-control-plane/internal/handler/handler_agents_status.go:110.3,112.46 3 1
github.com/operan/modules/01-tenant-control-plane/internal/handler/handler_agents_status.go:112.46,113.54 1 1
github.com/operan/modules/01-tenant-control-plane/internal/handler/handler_agents_status.go:113.54,115.5 1 1
github.com/operan/modules/01-tenant-control-plane/internal/handler/handler_agents_status.go:117.3,117.53 1 1
github.com/operan/modules/01-tenant-control-plane/internal/handler/handler_agents_status.go:117.53,118.55 1 1
github.com/operan/modules/01-tenant-control-plane/internal/handler/handler_agents_status.go:118.55,120.5 1 1
github.com/operan/modules/01-tenant-control-plane/internal/handler/handler_agents_status.go:123.3,130.27 3 1
github.com/operan/modules/01-tenant-control-plane/internal/handler/handler_agents_status.go:130.27,145.4 1 1
github.com/operan/modules/01-tenant-control-plane/internal/handler/handler_agents_status.go:147.3,147.38 1 1
github.com/operan/modules/01-tenant-control-plane/internal/handler/handler_agents_status.go:152.58,153.54 1 1
github.com/operan/modules/01-tenant-control-plane/internal/handler/handler_agents_status.go:153.54,155.10 2 1
github.com/operan/modules/01-tenant-control-plane/internal/handler/handler_agents_status.go:155.10,158.4 2 0
github.com/operan/modules/01-tenant-control-plane/internal/handler/handler_agents_status.go:161.3,162.17 2 1
github.com/operan/modules/01-tenant-control-plane/internal/handler/handler_agents_status.go:162.17,165.4 2 1
github.com/operan/modules/01-tenant-control-plane/internal/handler/handler_agents_status.go:167.3,168.17 2 1
github.com/operan/modules/01-tenant-control-plane/internal/handler/handler_agents_status.go:168.17,171.4 2 0
github.com/operan/modules/01-tenant-control-plane/internal/handler/handler_agents_status.go:173.3,181.52 2 1
github.com/operan/modules/01-tenant-control-plane/internal/handler/handler_agents_status.go:181.52,184.4 2 1
github.com/operan/modules/01-tenant-control-plane/internal/handler/handler_agents_status.go:186.3,196.17 3 1
github.com/operan/modules/01-tenant-control-plane/internal/handler/handler_agents_status.go:196.17,199.4 2 0
github.com/operan/modules/01-tenant-control-plane/internal/handler/handler_agents_status.go:201.3,214.5 1 1
github.com/operan/modules/01-tenant-control-plane/internal/handler/handler_agents_status.go:219.55,220.54 1 1
github.com/operan/modules/01-tenant-control-plane/internal/handler/handler_agents_status.go:220.54,222.10 2 1
github.com/operan/modules/01-tenant-control-plane/internal/handler/handler_agents_status.go:222.10,225.4 2 0
github.com/operan/modules/01-tenant-control-plane/internal/handler/handler_agents_status.go:227.3,228.17 2 1
github.com/operan/modules/01-tenant-control-plane/internal/handler/handler_agents_status.go:228.17,231.4 2 1
github.com/operan/modules/01-tenant-control-plane/internal/handler/handler_agents_status.go:233.3,248.5 1 1
github.com/operan/modules/01-tenant-control-plane/internal/handler/handler_agents_status.go:253.57,254.54 1 1
github.com/operan/modules/01-tenant-control-plane/internal/handler/handler_agents_status.go:254.54,256.10 2 1
github.com/operan/modules/01-tenant-control-plane/internal/handler/handler_agents_status.go:256.10,259.4 2 0
github.com/operan/modules/01-tenant-control-plane/internal/handler/handler_agents_status.go:261.3,262.17 2 1
github.com/operan/modules/01-tenant-control-plane/internal/handler/handler_agents_status.go:262.17,265.4 2 0
github.com/operan/modules/01-tenant-control-plane/internal/handler/handler_agents_status.go:267.3,268.52 2 1
github.com/operan/modules/01-tenant-control-plane/internal/handler/handler_agents_status.go:268.52,271.4 2 0
github.com/operan/modules/01-tenant-control-plane/internal/handler/handler_agents_status.go:273.3,280.17 2 1
github.com/operan/modules/01-tenant-control-plane/internal/handler/handler_agents_status.go:280.17,283.4 2 0
github.com/operan/modules/01-tenant-control-plane/internal/handler/handler_agents_status.go:285.3,294.5 1 1
github.com/operan/modules/01-tenant-control-plane/internal/handler/handler_agents_status.go:299.58,300.54 1 1
github.com/operan/modules/01-tenant-control-plane/internal/handler/handler_agents_status.go:300.54,302.10 2 1
github.com/operan/modules/01-tenant-control-plane/internal/handler/handler_agents_status.go:302.10,305.4 2 0
github.com/operan/modules/01-tenant-control-plane/internal/handler/handler_agents_status.go:307.3,308.17 2 1
github.com/operan/modules/01-tenant-control-plane/internal/handler/handler_agents_status.go:308.17,311.4 2 0
github.com/operan/modules/01-tenant-control-plane/internal/handler/handler_agents_status.go:313.3,313.38 1 1
github.com/operan/modules/01-tenant-control-plane/internal/handler/handler_billing.go:17.61,18.54 1 0
github.com/operan/modules/01-tenant-control-plane/internal/handler/handler_billing.go:18.54,20.10 2 0
github.com/operan/modules/01-tenant-control-plane/internal/handler/handler_billing.go:20.10,23.4 2 0
github.com/operan/modules/01-tenant-control-plane/internal/handler/handler_billing.go:25.3,26.17 2 0
github.com/operan/modules/01-tenant-control-plane/internal/handler/handler_billing.go:26.17,29.4 2 0
github.com/operan/modules/01-tenant-control-plane/internal/handler/handler_billing.go:31.3,40.38 2 0
github.com/operan/modules/01-tenant-control-plane/internal/handler/handler_billing.go:47.62,48.54 1 0
github.com/operan/modules/01-tenant-control-plane/internal/handler/handler_billing.go:48.54,50.10 2 0
github.com/operan/modules/01-tenant-control-plane/internal/handler/handler_billing.go:50.10,53.4 2 0
github.com/operan/modules/01-tenant-control-plane/internal/handler/handler_billing.go:55.3,56.17 2 0
github.com/operan/modules/01-tenant-control-plane/internal/handler/handler_billing.go:56.17,59.4 2 0
github.com/operan/modules/01-tenant-control-plane/internal/handler/handler_billing.go:61.3,75.38 3 0
github.com/operan/modules/01-tenant-control-plane/internal/handler/handler_billing.go:80.62,81.54 1 0
github.com/operan/modules/01-tenant-control-plane/internal/handler/handler_billing.go:81.54,83.10 2 0
github.com/operan/modules/01-tenant-control-plane/internal/handler/handler_billing.go:83.10,86.4 2 0
github.com/operan/modules/01-tenant-control-plane/internal/handler/handler_billing.go:88.3,89.10 2 0
github.com/operan/modules/01-tenant-control-plane/internal/handler/handler_billing.go:89.10,92.4 2 0
github.com/operan/modules/01-tenant-control-plane/internal/handler/handler_billing.go:94.3,95.17 2 0
github.com/operan/modules/01-tenant-control-plane/internal/handler/handler_billing.go:95.17,98.4 2 0
github.com/operan/modules/01-tenant-control-plane/internal/handler/handler_billing.go:100.3,104.65 4 0
github.com/operan/modules/01-tenant-control-plane/internal/handler/handler_billing.go:111.65,112.54 1 0
github.com/operan/modules/01-tenant-control-plane/internal/handler/handler_billing.go:112.54,114.10 2 0
github.com/operan/modules/01-tenant-control-plane/internal/handler/handler_billing.go:114.10,117.4 2 0
github.com/operan/modules/01-tenant-control-plane/internal/handler/handler_billing.go:119.3,121.46 3 0
github.com/operan/modules/01-tenant-control-plane/internal/handler/handler_billing.go:121.46,122.49 1 0
github.com/operan/modules/01-tenant-control-plane/internal/handler/handler_billing.go:122.49,124.5 1 0
github.com/operan/modules/01-tenant-control-plane/internal/handler/handler_billing.go:126.3,126.53 1 0
github.com/operan/modules/01-tenant-control-plane/internal/handler/handler_billing.go:126.53,127.50 1 0
github.com/operan/modules/01-tenant-control-plane/internal/handler/handler_billing.go:127.50,129.5 1 0
github.com/operan/modules/01-tenant-control-plane/internal/handler/handler_billing.go:132.3,141.28 3 0
github.com/operan/modules/01-tenant-control-plane/internal/handler/handler_billing.go:141.28,143.4 1 0
github.com/operan/modules/01-tenant-control-plane/internal/handler/handler_billing.go:145.3,145.38 1 0
github.com/operan/modules/01-tenant-control-plane/internal/handler/handler_billing.go:150.66,151.54 1 0
github.com/operan/modules/01-tenant-control-plane/internal/handler/handler_billing.go:151.54,153.10 2 0
github.com/operan/modules/01-tenant-control-plane/internal/handler/handler_billing.go:153.10,156.4 2 0
github.com/operan/modules/01-tenant-control-plane/internal/handler/handler_billing.go:158.3,159.17 2 0
github.com/operan/modules/01-tenant-control-plane/internal/handler/handler_billing.go:159.17,162.4 2 0
github.com/operan/modules/01-tenant-control-plane/internal/handler/handler_billing.go:164.3,173.52 2 0
github.com/operan/modules/01-tenant-control-plane/internal/handler/handler_billing.go:173.52,176.4 2 0
github.com/operan/modules/01-tenant-control-plane/internal/handler/handler_billing.go:178.3,178.21 1 0
github.com/operan/modules/01-tenant-control-plane/internal/handler/handler_billing.go:178.21,181.4 2 0
github.com/operan/modules/01-tenant-control-plane/internal/handler/handler_billing.go:182.3,182.25 1 0
github.com/operan/modules/01-tenant-control-plane/internal/handler/handler_billing.go:182.25,185.4 2 0
github.com/operan/modules/01-tenant-control-plane/internal/handler/handler_billing.go:187.3,199.17 3 0
github.com/operan/modules/01-tenant-control-plane/internal/handler/handler_billing.go:199.17,202.4 2 0
github.com/operan/modules/01-tenant-control-plane/internal/handler/handler_billing.go:204.3,204.69 1 0
github.com/operan/modules/01-tenant-control-plane/internal/handler/handler_billing.go:209.70,210.54 1 0
github.com/operan/modules/01-tenant-control-plane/internal/handler/handler_billing.go:210.54,212.10 2 0
github.com/operan/modules/01-tenant-control-plane/internal/handler/handler_billing.go:212.10,215.4 2 0
github.com/operan/modules/01-tenant-control-plane/internal/handler/handler_billing.go:217.3,218.10 2 0
github.com/operan/modules/01-tenant-control-plane/internal/handler/handler_billing.go:218.10,221.4 2 0
github.com/operan/modules/01-tenant-control-plane/internal/handler/handler_billing.go:223.3,224.17 2 0
github.com/operan/modules/01-tenant-control-plane/internal/handler/handler_billing.go:224.17,227.4 2 0
github.com/operan/modules/01-tenant-control-plane/internal/handler/handler_billing.go:229.3,231.17 3 0
github.com/operan/modules/01-tenant-control-plane/internal/handler/handler_billing.go:231.17,234.4 2 0
github.com/operan/modules/01-tenant-control-plane/internal/handler/handler_billing.go:236.3,236.64 1 0
github.com/operan/modules/01-tenant-control-plane/internal/handler/handler_billing.go:241.58,242.54 1 0
github.com/operan/modules/01-tenant-control-plane/internal/handler/handler_billing.go:242.54,244.10 2 0
github.com/operan/modules/01-tenant-control-plane/internal/handler/handler_billing.go:244.10,247.4 2 0
github.com/operan/modules/01-tenant-control-plane/internal/handler/handler_billing.go:249.3,250.17 2 0
github.com/operan/modules/01-tenant-control-plane/internal/handler/handler_billing.go:250.17,253.4 2 0
github.com/operan/modules/01-tenant-control-plane/internal/handler/handler_billing.go:255.3,259.52 2 0
github.com/operan/modules/01-tenant-control-plane/internal/handler/handler_billing.go:259.52,262.4 2 0
github.com/operan/modules/01-tenant-control-plane/internal/handler/handler_billing.go:264.3,264.24 1 0
github.com/operan/modules/01-tenant-control-plane/internal/handler/handler_billing.go:264.24,267.4 2 0
github.com/operan/modules/01-tenant-control-plane/internal/handler/handler_billing.go:269.3,270.17 2 0
github.com/operan/modules/01-tenant-control-plane/internal/handler/handler_billing.go:270.17,273.4 2 0
github.com/operan/modules/01-tenant-control-plane/internal/handler/handler_billing.go:275.3,282.17 5 0
github.com/operan/modules/01-tenant-control-plane/internal/handler/handler_billing.go:282.17,285.4 2 0
github.com/operan/modules/01-tenant-control-plane/internal/handler/handler_billing.go:287.3,296.38 2 0
github.com/operan/modules/01-tenant-control-plane/internal/handler/handler_billing.go:302.76,315.2 1 0
github.com/operan/modules/01-tenant-control-plane/internal/handler/handler_resources_billing.go:15.60,16.54 1 1
github.com/operan/modules/01-tenant-control-plane/internal/handler/handler_resources_billing.go:16.54,18.10 2 1
github.com/operan/modules/01-tenant-control-plane/internal/handler/handler_resources_billing.go:18.10,21.4 2 0
github.com/operan/modules/01-tenant-control-plane/internal/handler/handler_resources_billing.go:23.3,24.17 2 1
github.com/operan/modules/01-tenant-control-plane/internal/handler/handler_resources_billing.go:24.17,27.4 2 1
github.com/operan/modules/01-tenant-control-plane/internal/handler/handler_resources_billing.go:29.3,36.29 3 1
github.com/operan/modules/01-tenant-control-plane/internal/handler/handler_resources_billing.go:36.29,57.4 1 1
github.com/operan/modules/01-tenant-control-plane/internal/handler/handler_resources_billing.go:59.3,59.38 1 1
github.com/operan/modules/01-tenant-control-plane/internal/handler/handler_resources_billing.go:64.61,65.54 1 1
github.com/operan/modules/01-tenant-control-plane/internal/handler/handler_resources_billing.go:65.54,67.10 2 1
github.com/operan/modules/01-tenant-control-plane/internal/handler/handler_resources_billing.go:67.10,70.4 2 0
github.com/operan/modules/01-tenant-control-plane/internal/handler/handler_resources_billing.go:72.3,73.17 2 1
github.com/operan/modules/01-tenant-control-plane/internal/handler/handler_resources_billing.go:73.17,76.4 2 1
github.com/operan/modules/01-tenant-control-plane/internal/handler/handler_resources_billing.go:78.3,79.17 2 1
github.com/operan/modules/01-tenant-control-plane/internal/handler/handler_resources_billing.go:79.17,82.4 2 0
github.com/operan/modules/01-tenant-control-plane/internal/handler/handler_resources_billing.go:84.3,92.52 2 1
github.com/operan/modules/01-tenant-control-plane/internal/handler/handler_resources_billing.go:92.52,95.4 2 0
github.com/operan/modules/01-tenant-control-plane/internal/handler/handler_resources_billing.go:97.3,107.17 3 1
github.com/operan/modules/01-tenant-control-plane/internal/handler/handler_resources_billing.go:107.17,110.4 2 0
github.com/operan/modules/01-tenant-control-plane/internal/handler/handler_resources_billing.go:112.3,131.5 1 1
github.com/operan/modules/01-tenant-control-plane/internal/handler/handler_resources_billing.go:136.58,137.54 1 1
github.com/operan/modules/01-tenant-control-plane/internal/handler/handler_resources_billing.go:137.54,139.10 2 1
github.com/operan/modules/01-tenant-control-plane/internal/handler/handler_resources_billing.go:139.10,142.4 2 0
github.com/operan/modules/01-tenant-control-plane/internal/handler/handler_resources_billing.go:144.3,145.17 2 1
github.com/operan/modules/01-tenant-control-plane/internal/handler/handler_resources_billing.go:145.17,148.4 2 1
github.com/operan/modules/01-tenant-control-plane/internal/handler/handler_resources_billing.go:150.3,169.5 1 1
github.com/operan/modules/01-tenant-control-plane/internal/handler/handler_resources_billing.go:174.60,175.54 1 1
github.com/operan/modules/01-tenant-control-plane/internal/handler/handler_resources_billing.go:175.54,177.10 2 1
github.com/operan/modules/01-tenant-control-plane/internal/handler/handler_resources_billing.go:177.10,180.4 2 0
github.com/operan/modules/01-tenant-control-plane/internal/handler/handler_resources_billing.go:182.3,183.17 2 1
github.com/operan/modules/01-tenant-control-plane/internal/handler/handler_resources_billing.go:183.17,186.4 2 0
github.com/operan/modules/01-tenant-control-plane/internal/handler/handler_resources_billing.go:188.3,189.52 2 1
github.com/operan/modules/01-tenant-control-plane/internal/handler/handler_resources_billing.go:189.52,192.4 2 0
github.com/operan/modules/01-tenant-control-plane/internal/handler/handler_resources_billing.go:194.3,199.17 2 1
github.com/operan/modules/01-tenant-control-plane/internal/handler/handler_resources_billing.go:199.17,202.4 2 0
github.com/operan/modules/01-tenant-control-plane/internal/handler/handler_resources_billing.go:204.3,223.5 1 1
github.com/operan/modules/01-tenant-control-plane/internal/handler/handler_resources_billing.go:228.61,229.54 1 1
github.com/operan/modules/01-tenant-control-plane/internal/handler/handler_resources_billing.go:229.54,231.10 2 1
github.com/operan/modules/01-tenant-control-plane/internal/handler/handler_resources_billing.go:231.10,234.4 2 0
github.com/operan/modules/01-tenant-control-plane/internal/handler/handler_resources_billing.go:236.3,237.17 2 1
github.com/operan/modules/01-tenant-control-plane/internal/handler/handler_resources_billing.go:237.17,240.4 2 0
github.com/operan/modules/01-tenant-control-plane/internal/handler/handler_resources_billing.go:242.3,242.38 1 1
github.com/operan/modules/01-tenant-control-plane/internal/handler/handler_resources_billing.go:249.59,250.54 1 1
github.com/operan/modules/01-tenant-control-plane/internal/handler/handler_resources_billing.go:250.54,252.10 2 1
github.com/operan/modules/01-tenant-control-plane/internal/handler/handler_resources_billing.go:252.10,255.4 2 0
github.com/operan/modules/01-tenant-control-plane/internal/handler/handler_resources_billing.go:257.3,258.17 2 1
github.com/operan/modules/01-tenant-control-plane/internal/handler/handler_resources_billing.go:258.17,261.4 2 1
github.com/operan/modules/01-tenant-control-plane/internal/handler/handler_resources_billing.go:263.3,270.29 3 1
github.com/operan/modules/01-tenant-control-plane/internal/handler/handler_resources_billing.go:270.29,286.4 1 1
github.com/operan/modules/01-tenant-control-plane/internal/handler/handler_resources_billing.go:288.3,288.38 1 1
github.com/operan/modules/01-tenant-control-plane/internal/handler/handler_resources_billing.go:293.57,294.54 1 1
github.com/operan/modules/01-tenant-control-plane/internal/handler/handler_resources_billing.go:294.54,296.10 2 1
github.com/operan/modules/01-tenant-control-plane/internal/handler/handler_resources_billing.go:296.10,299.4 2 0
github.com/operan/modules/01-tenant-control-plane/internal/handler/handler_resources_billing.go:301.3,302.17 2 1
github.com/operan/modules/01-tenant-control-plane/internal/handler/handler_resources_billing.go:302.17,305.4 2 1
github.com/operan/modules/01-tenant-control-plane/internal/handler/handler_resources_billing.go:307.3,321.5 1 1
github.com/operan/modules/01-tenant-control-plane/internal/handler/handler_resources_billing.go:326.60,327.54 1 1
github.com/operan/modules/01-tenant-control-plane/internal/handler/handler_resources_billing.go:327.54,329.10 2 1
github.com/operan/modules/01-tenant-control-plane/internal/handler/handler_resources_billing.go:329.10,332.4 2 0
github.com/operan/modules/01-tenant-control-plane/internal/handler/handler_resources_billing.go:334.3,335.17 2 1
github.com/operan/modules/01-tenant-control-plane/internal/handler/handler_resources_billing.go:335.17,338.4 2 0
github.com/operan/modules/01-tenant-control-plane/internal/handler/handler_resources_billing.go:340.3,341.52 2 1
github.com/operan/modules/01-tenant-control-plane/internal/handler/handler_resources_billing.go:341.52,344.4 2 0
github.com/operan/modules/01-tenant-control-plane/internal/handler/handler_resources_billing.go:346.3,349.17 2 1
github.com/operan/modules/01-tenant-control-plane/internal/handler/handler_resources_billing.go:349.17,352.4 2 1
github.com/operan/modules/01-tenant-control-plane/internal/handler/handler_resources_billing.go:354.3,365.5 1 1
github.com/operan/modules/01-tenant-control-plane/internal/handler/handler_resources_billing.go:372.62,373.54 1 1
github.com/operan/modules/01-tenant-control-plane/internal/handler/handler_resources_billing.go:373.54,375.10 2 1
github.com/operan/modules/01-tenant-control-plane/internal/handler/handler_resources_billing.go:375.10,378.4 2 0
github.com/operan/modules/01-tenant-control-plane/internal/handler/handler_resources_billing.go:380.3,381.17 2 1
github.com/operan/modules/01-tenant-control-plane/internal/handler/handler_resources_billing.go:381.17,384.4 2 1
github.com/operan/modules/01-tenant-control-plane/internal/handler/handler_resources_billing.go:386.3,404.5 1 1
github.com/operan/modules/01-tenant-control-plane/internal/handler/handler_resources_billing.go:409.64,410.54 1 1
github.com/operan/modules/01-tenant-control-plane/internal/handler/handler_resources_billing.go:410.54,412.10 2 1
github.com/operan/modules/01-tenant-control-plane/internal/handler/handler_resources_billing.go:412.10,415.4 2 0
github.com/operan/modules/01-tenant-control-plane/internal/handler/handler_resources_billing.go:417.3,418.17 2 1
github.com/operan/modules/01-tenant-control-plane/internal/handler/handler_resources_billing.go:418.17,421.4 2 0
github.com/operan/modules/01-tenant-control-plane/internal/handler/handler_resources_billing.go:423.3,424.17 2 1
github.com/operan/modules/01-tenant-control-plane/internal/handler/handler_resources_billing.go:424.17,427.4 2 0
github.com/operan/modules/01-tenant-control-plane/internal/handler/handler_resources_billing.go:429.3,430.52 2 1
github.com/operan/modules/01-tenant-control-plane/internal/handler/handler_resources_billing.go:430.52,433.4 2 0
github.com/operan/modules/01-tenant-control-plane/internal/handler/handler_resources_billing.go:435.3,441.17 2 1
github.com/operan/modules/01-tenant-control-plane/internal/handler/handler_resources_billing.go:441.17,444.4 2 0
github.com/operan/modules/01-tenant-control-plane/internal/handler/handler_resources_billing.go:446.3,464.5 1 1
github.com/operan/modules/01-tenant-control-plane/internal/handler/handler_resources_billing.go:469.65,470.54 1 1
github.com/operan/modules/01-tenant-control-plane/internal/handler/handler_resources_billing.go:470.54,472.10 2 1
github.com/operan/modules/01-tenant-control-plane/internal/handler/handler_resources_billing.go:472.10,475.4 2 0
github.com/operan/modules/01-tenant-control-plane/internal/handler/handler_resources_billing.go:477.3,478.17 2 1
github.com/operan/modules/01-tenant-control-plane/internal/handler/handler_resources_billing.go:478.17,481.4 2 0
github.com/operan/modules/01-tenant-control-plane/internal/handler/handler_resources_billing.go:483.3,484.17 2 1
github.com/operan/modules/01-tenant-control-plane/internal/handler/handler_resources_billing.go:484.17,487.4 2 0
github.com/operan/modules/01-tenant-control-plane/internal/handler/handler_resources_billing.go:489.3,490.52 2 1
github.com/operan/modules/01-tenant-control-plane/internal/handler/handler_resources_billing.go:490.52,493.4 2 0
github.com/operan/modules/01-tenant-control-plane/internal/handler/handler_resources_billing.go:495.3,499.17 2 1
github.com/operan/modules/01-tenant-control-plane/internal/handler/handler_resources_billing.go:499.17,502.4 2 0
github.com/operan/modules/01-tenant-control-plane/internal/handler/handler_resources_billing.go:504.3,522.5 1 1
github.com/operan/modules/01-tenant-control-plane/internal/handler/handler_secrets_status.go:23.58,24.54 1 0
github.com/operan/modules/01-tenant-control-plane/internal/handler/handler_secrets_status.go:24.54,26.10 2 0
github.com/operan/modules/01-tenant-control-plane/internal/handler/handler_secrets_status.go:26.10,29.4 2 0
github.com/operan/modules/01-tenant-control-plane/internal/handler/handler_secrets_status.go:31.3,32.17 2 0
github.com/operan/modules/01-tenant-control-plane/internal/handler/handler_secrets_status.go:32.17,35.4 2 0
github.com/operan/modules/01-tenant-control-plane/internal/handler/handler_secrets_status.go:37.3,44.27 3 0
github.com/operan/modules/01-tenant-control-plane/internal/handler/handler_secrets_status.go:44.27,55.4 1 0
github.com/operan/modules/01-tenant-control-plane/internal/handler/handler_secrets_status.go:57.3,57.38 1 0
github.com/operan/modules/01-tenant-control-plane/internal/handler/handler_secrets_status.go:62.59,63.54 1 0
github.com/operan/modules/01-tenant-control-plane/internal/handler/handler_secrets_status.go:63.54,65.10 2 0
github.com/operan/modules/01-tenant-control-plane/internal/handler/handler_secrets_status.go:65.10,68.4 2 0
github.com/operan/modules/01-tenant-control-plane/internal/handler/handler_secrets_status.go:70.3,71.17 2 0
github.com/operan/modules/01-tenant-control-plane/internal/handler/handler_secrets_status.go:71.17,74.4 2 0
github.com/operan/modules/01-tenant-control-plane/internal/handler/handler_secrets_status.go:76.3,83.52 2 0
github.com/operan/modules/01-tenant-control-plane/internal/handler/handler_secrets_status.go:83.52,86.4 2 0
github.com/operan/modules/01-tenant-control-plane/internal/handler/handler_secrets_status.go:88.3,88.20 1 0
github.com/operan/modules/01-tenant-control-plane/internal/handler/handler_secrets_status.go:88.20,91.4 2 0
github.com/operan/modules/01-tenant-control-plane/internal/handler/handler_secrets_status.go:93.3,94.17 2 0
github.com/operan/modules/01-tenant-control-plane/internal/handler/handler_secrets_status.go:94.17,97.4 2 0
github.com/operan/modules/01-tenant-control-plane/internal/handler/handler_secrets_status.go:99.3,109.5 1 0
github.com/operan/modules/01-tenant-control-plane/internal/handler/handler_secrets_status.go:114.56,115.54 1 0
github.com/operan/modules/01-tenant-control-plane/internal/handler/handler_secrets_status.go:115.54,117.10 2 0
github.com/operan/modules/01-tenant-control-plane/internal/handler/handler_secrets_status.go:117.10,120.4 2 0
github.com/operan/modules/01-tenant-control-plane/internal/handler/handler_secrets_status.go:122.3,123.17 2 0
github.com/operan/modules/01-tenant-control-plane/internal/handler/handler_secrets_status.go:123.17,126.4 2 0
github.com/operan/modules/01-tenant-control-plane/internal/handler/handler_secrets_status.go:129.3,131.27 3 0
github.com/operan/modules/01-tenant-control-plane/internal/handler/handler_secrets_status.go:131.27,132.28 1 0
github.com/operan/modules/01-tenant-control-plane/internal/handler/handler_secrets_status.go:132.28,134.5 1 0
github.com/operan/modules/01-tenant-control-plane/internal/handler/handler_secrets_status.go:137.3,148.5 1 0
github.com/operan/modules/01-tenant-control-plane/internal/handler/handler_secrets_status.go:153.59,154.54 1 0
github.com/operan/modules/01-tenant-control-plane/internal/handler/handler_secrets_status.go:154.54,156.10 2 0
github.com/operan/modules/01-tenant-control-plane/internal/handler/handler_secrets_status.go:156.10,159.4 2 0
github.com/operan/modules/01-tenant-control-plane/internal/handler/handler_secrets_status.go:161.3,162.17 2 0
github.com/operan/modules/01-tenant-control-plane/internal/handler/handler_secrets_status.go:162.17,165.4 2 0
github.com/operan/modules/01-tenant-control-plane/internal/handler/handler_secrets_status.go:167.3,172.52 2 0
github.com/operan/modules/01-tenant-control-plane/internal/handler/handler_secrets_status.go:172.52,175.4 2 0
github.com/operan/modules/01-tenant-control-plane/internal/handler/handler_secrets_status.go:177.3,178.17 2 0
github.com/operan/modules/01-tenant-control-plane/internal/handler/handler_secrets_status.go:178.17,181.4 2 0
github.com/operan/modules/01-tenant-control-plane/internal/handler/handler_secrets_status.go:183.3,191.5 1 0
github.com/operan/modules/01-tenant-control-plane/internal/handler/handler_secrets_status.go:196.59,197.54 1 0
github.com/operan/modules/01-tenant-control-plane/internal/handler/handler_secrets_status.go:197.54,199.10 2 0
github.com/operan/modules/01-tenant-control-plane/internal/handler/handler_secrets_status.go:199.10,202.4 2 0
github.com/operan/modules/01-tenant-control-plane/internal/handler/handler_secrets_status.go:204.3,205.17 2 0
github.com/operan/modules/01-tenant-control-plane/internal/handler/handler_secrets_status.go:205.17,208.4 2 0
github.com/operan/modules/01-tenant-control-plane/internal/handler/handler_secrets_status.go:210.3,210.38 1 0
github.com/operan/modules/01-tenant-control-plane/internal/handler/handler_secrets_status.go:215.59,216.54 1 0
github.com/operan/modules/01-tenant-control-plane/internal/handler/handler_secrets_status.go:216.54,218.10 2 0
github.com/operan/modules/01-tenant-control-plane/internal/handler/handler_secrets_status.go:218.10,221.4 2 0
github.com/operan/modules/01-tenant-control-plane/internal/handler/handler_secrets_status.go:223.3,224.17 2 0
github.com/operan/modules/01-tenant-control-plane/internal/handler/handler_secrets_status.go:224.17,227.4 2 0
github.com/operan/modules/01-tenant-control-plane/internal/handler/handler_secrets_status.go:229.3,233.52 2 0
github.com/operan/modules/01-tenant-control-plane/internal/handler/handler_secrets_status.go:233.52,236.4 2 0
github.com/operan/modules/01-tenant-control-plane/internal/handler/handler_secrets_status.go:238.3,238.25 1 0
github.com/operan/modules/01-tenant-control-plane/internal/handler/handler_secrets_status.go:238.25,241.4 2 0
github.com/operan/modules/01-tenant-control-plane/internal/handler/handler_secrets_status.go:243.3,244.17 2 0
github.com/operan/modules/01-tenant-control-plane/internal/handler/handler_secrets_status.go:244.17,247.4 2 0
github.com/operan/modules/01-tenant-control-plane/internal/handler/handler_secrets_status.go:249.3,259.5 1 0
github.com/operan/modules/01-tenant-control-plane/internal/handler/handler_secrets_status.go:266.62,267.54 1 0
github.com/operan/modules/01-tenant-control-plane/internal/handler/handler_secrets_status.go:267.54,278.3 2 0
github.com/operan/modules/01-tenant-control-plane/internal/handler/handler_secrets_status.go:286.68,291.11 4 1
github.com/operan/modules/01-tenant-control-plane/internal/handler/handler_secrets_status.go:292.9,294.15 1 0
github.com/operan/modules/01-tenant-control-plane/internal/handler/handler_secrets_status.go:295.17,296.20 1 0
github.com/operan/modules/01-tenant-control-plane/internal/handler/handler_secrets_status.go:296.20,298.5 1 0
github.com/operan/modules/01-tenant-control-plane/internal/handler/handler_secrets_status.go:299.17,300.22 1 0
github.com/operan/modules/01-tenant-control-plane/internal/handler/handler_secrets_status.go:300.22,302.5 1 0
github.com/operan/modules/01-tenant-control-plane/internal/handler/handler_secrets_status.go:305.9,307.31 1 1
github.com/operan/modules/01-tenant-control-plane/internal/handler/handler_secrets_status.go:307.31,308.16 1 1
github.com/operan/modules/01-tenant-control-plane/internal/handler/handler_secrets_status.go:309.27,310.29 1 1
github.com/operan/modules/01-tenant-control-plane/internal/handler/handler_secrets_status.go:314.9,316.31 1 1
github.com/operan/modules/01-tenant-control-plane/internal/handler/handler_secrets_status.go:316.31,317.23 1 1
github.com/operan/modules/01-tenant-control-plane/internal/handler/handler_secrets_status.go:318.18,319.44 1 1
github.com/operan/modules/01-tenant-control-plane/internal/handler/handler_secrets_status.go:319.44,321.6 1 1
github.com/operan/modules/01-tenant-control-plane/internal/handler/handler_secrets_status.go:322.25,323.44 1 1
github.com/operan/modules/01-tenant-control-plane/internal/handler/handler_secrets_status.go:323.44,325.6 1 1
github.com/operan/modules/01-tenant-control-plane/internal/handler/handler_secrets_status.go:326.18,327.44 1 1
github.com/operan/modules/01-tenant-control-plane/internal/handler/handler_secrets_status.go:327.44,329.6 1 1
github.com/operan/modules/01-tenant-control-plane/internal/handler/handler_secrets_status.go:330.21,331.44 1 1
github.com/operan/modules/01-tenant-control-plane/internal/handler/handler_secrets_status.go:331.44,333.6 1 1
github.com/operan/modules/01-tenant-control-plane/internal/handler/handler_secrets_status.go:337.9,338.31 1 1
github.com/operan/modules/01-tenant-control-plane/internal/handler/handler_secrets_status.go:338.31,339.23 1 1
github.com/operan/modules/01-tenant-control-plane/internal/handler/handler_secrets_status.go:340.18,342.36 1 1
github.com/operan/modules/01-tenant-control-plane/internal/handler/handler_secrets_status.go:342.36,343.45 1 1
github.com/operan/modules/01-tenant-control-plane/internal/handler/handler_secrets_status.go:343.45,345.7 1 1
github.com/operan/modules/01-tenant-control-plane/internal/handler/handler_secrets_status.go:347.18,349.17 1 1
github.com/operan/modules/01-tenant-control-plane/internal/handler/handler_secrets_status.go:350.28,351.30 1 0
github.com/operan/modules/01-tenant-control-plane/internal/handler/handler_secrets_status.go:352.21,353.30 1 1
github.com/operan/modules/01-tenant-control-plane/internal/handler/handler_secrets_status.go:355.21,357.17 1 1
github.com/operan/modules/01-tenant-control-plane/internal/handler/handler_secrets_status.go:358.28,359.30 1 0
github.com/operan/modules/01-tenant-control-plane/internal/handler/handler_secrets_status.go:360.24,361.30 1 1
github.com/operan/modules/01-tenant-control-plane/internal/handler/handler_secrets_status.go:363.25,365.32 1 1
github.com/operan/modules/01-tenant-control-plane/internal/handler/handler_secrets_status.go:365.32,366.45 1 1
github.com/operan/modules/01-tenant-control-plane/internal/handler/handler_secrets_status.go:366.45,368.7 1 1
github.com/operan/modules/01-tenant-control-plane/internal/handler/handler_secrets_status.go:370.19,372.17 1 0
github.com/operan/modules/01-tenant-control-plane/internal/handler/handler_secrets_status.go:373.28,374.30 1 0
github.com/operan/modules/01-tenant-control-plane/internal/handler/handler_secrets_status.go:375.22,376.30 1 0
github.com/operan/modules/01-tenant-control-plane/internal/handler/handler_secrets_status.go:378.19,380.34 1 1
github.com/operan/modules/01-tenant-control-plane/internal/handler/handler_secrets_status.go:380.34,381.45 1 1
github.com/operan/modules/01-tenant-control-plane/internal/handler/handler_secrets_status.go:381.45,383.7 1 1
github.com/operan/modules/01-tenant-control-plane/internal/handler/handler_secrets_status.go:388.9,389.31 1 1
github.com/operan/modules/01-tenant-control-plane/internal/handler/handler_secrets_status.go:389.31,390.23 1 1
github.com/operan/modules/01-tenant-control-plane/internal/handler/handler_secrets_status.go:391.18,393.32 1 0
github.com/operan/modules/01-tenant-control-plane/internal/handler/handler_secrets_status.go:393.32,394.18 1 0
github.com/operan/modules/01-tenant-control-plane/internal/handler/handler_secrets_status.go:395.29,396.31 1 0
github.com/operan/modules/01-tenant-control-plane/internal/handler/handler_secrets_status.go:397.22,398.31 1 0
github.com/operan/modules/01-tenant-control-plane/internal/handler/handler_secrets_status.go:401.21,403.32 1 0
github.com/operan/modules/01-tenant-control-plane/internal/handler/handler_secrets_status.go:403.32,404.18 1 0
github.com/operan/modules/01-tenant-control-plane/internal/handler/handler_secrets_status.go:405.29,406.31 1 0
github.com/operan/modules/01-tenant-control-plane/internal/handler/handler_secrets_status.go:407.25,408.31 1 0
github.com/operan/modules/01-tenant-control-plane/internal/handler/handler_secrets_status.go:411.19,413.57 1 0
github.com/operan/modules/01-tenant-control-plane/internal/handler/handler_secrets_status.go:413.57,414.18 1 0
github.com/operan/modules/01-tenant-control-plane/internal/handler/handler_secrets_status.go:415.29,416.31 1 0
github.com/operan/modules/01-tenant-control-plane/internal/handler/handler_secrets_status.go:417.23,418.31 1 0
github.com/operan/modules/01-tenant-control-plane/internal/handler/handler_secrets_status.go:424.3,424.60 1 1
github.com/operan/modules/01-tenant-control-plane/internal/handler/handler_secrets_status.go:424.60,425.16 1 1
github.com/operan/modules/01-tenant-control-plane/internal/handler/handler_secrets_status.go:426.27,427.29 1 0
github.com/operan/modules/01-tenant-control-plane/internal/handler/handler_secrets_status.go:428.22,429.29 1 1
github.com/operan/modules/01-tenant-control-plane/internal/handler/handler_secrets_status.go:433.9,435.114 1 0
github.com/operan/modules/01-tenant-control-plane/internal/handler/handler_secrets_status.go:435.114,436.16 1 0
github.com/operan/modules/01-tenant-control-plane/internal/handler/handler_secrets_status.go:437.27,438.29 1 0
github.com/operan/modules/01-tenant-control-plane/internal/handler/handler_secrets_status.go:439.22,440.29 1 0
github.com/operan/modules/01-tenant-control-plane/internal/handler/handler_secrets_status.go:445.2,445.18 1 0
github.com/operan/modules/01-tenant-control-plane/internal/handler/handler_secrets_status.go:449.82,451.29 2 1
github.com/operan/modules/01-tenant-control-plane/internal/handler/handler_secrets_status.go:451.29,458.3 1 1
github.com/operan/modules/01-tenant-control-plane/internal/handler/handler_secrets_status.go:459.2,459.15 1 1
github.com/operan/modules/01-tenant-control-plane/internal/handler/handler_secrets_status.go:463.46,465.25 2 0
github.com/operan/modules/01-tenant-control-plane/internal/handler/handler_secrets_status.go:465.25,467.3 1 0
github.com/operan/modules/01-tenant-control-plane/internal/handler/handler_secrets_status.go:468.2,468.15 1 0
github.com/operan/modules/01-tenant-control-plane/internal/handler/handler_tenants.go:22.59,23.54 1 1
github.com/operan/modules/01-tenant-control-plane/internal/handler/handler_tenants.go:23.54,25.17 2 1
github.com/operan/modules/01-tenant-control-plane/internal/handler/handler_tenants.go:25.17,28.4 2 0
github.com/operan/modules/01-tenant-control-plane/internal/handler/handler_tenants.go:30.3,42.52 2 1
github.com/operan/modules/01-tenant-control-plane/internal/handler/handler_tenants.go:42.52,45.4 2 1
github.com/operan/modules/01-tenant-control-plane/internal/handler/handler_tenants.go:47.3,47.21 1 1
github.com/operan/modules/01-tenant-control-plane/internal/handler/handler_tenants.go:47.21,50.4 2 1
github.com/operan/modules/01-tenant-control-plane/internal/handler/handler_tenants.go:51.3,51.21 1 1
github.com/operan/modules/01-tenant-control-plane/internal/handler/handler_tenants.go:51.21,54.4 2 0
github.com/operan/modules/01-tenant-control-plane/internal/handler/handler_tenants.go:55.3,55.23 1 1
github.com/operan/modules/01-tenant-control-plane/internal/handler/handler_tenants.go:55.23,58.4 2 0
github.com/operan/modules/01-tenant-control-plane/internal/handler/handler_tenants.go:59.3,59.31 1 1
github.com/operan/modules/01-tenant-control-plane/internal/handler/handler_tenants.go:59.31,62.4 2 0
github.com/operan/modules/01-tenant-control-plane/internal/handler/handler_tenants.go:64.3,65.23 2 1
github.com/operan/modules/01-tenant-control-plane/internal/handler/handler_tenants.go:65.23,66.31 1 1
github.com/operan/modules/01-tenant-control-plane/internal/handler/handler_tenants.go:66.31,68.5 1 1
github.com/operan/modules/01-tenant-control-plane/internal/handler/handler_tenants.go:69.4,69.40 1 1
github.com/operan/modules/01-tenant-control-plane/internal/handler/handler_tenants.go:69.40,71.5 1 1
github.com/operan/modules/01-tenant-control-plane/internal/handler/handler_tenants.go:72.4,72.34 1 1
github.com/operan/modules/01-tenant-control-plane/internal/handler/handler_tenants.go:72.34,74.5 1 0
github.com/operan/modules/01-tenant-control-plane/internal/handler/handler_tenants.go:75.4,75.38 1 1
github.com/operan/modules/01-tenant-control-plane/internal/handler/handler_tenants.go:75.38,77.5 1 0
github.com/operan/modules/01-tenant-control-plane/internal/handler/handler_tenants.go:78.4,78.44 1 1
github.com/operan/modules/01-tenant-control-plane/internal/handler/handler_tenants.go:78.44,80.5 1 0
github.com/operan/modules/01-tenant-control-plane/internal/handler/handler_tenants.go:83.3,97.17 3 1
github.com/operan/modules/01-tenant-control-plane/internal/handler/handler_tenants.go:97.17,100.4 2 0
github.com/operan/modules/01-tenant-control-plane/internal/handler/handler_tenants.go:102.3,109.62 2 1
github.com/operan/modules/01-tenant-control-plane/internal/handler/handler_tenants.go:114.58,115.54 1 1
github.com/operan/modules/01-tenant-control-plane/internal/handler/handler_tenants.go:115.54,120.46 4 1
github.com/operan/modules/01-tenant-control-plane/internal/handler/handler_tenants.go:120.46,121.54 1 1
github.com/operan/modules/01-tenant-control-plane/internal/handler/handler_tenants.go:121.54,123.5 1 1
github.com/operan/modules/01-tenant-control-plane/internal/handler/handler_tenants.go:125.3,125.53 1 1
github.com/operan/modules/01-tenant-control-plane/internal/handler/handler_tenants.go:125.53,126.55 1 1
github.com/operan/modules/01-tenant-control-plane/internal/handler/handler_tenants.go:126.55,128.5 1 1
github.com/operan/modules/01-tenant-control-plane/internal/handler/handler_tenants.go:130.3,130.48 1 1
github.com/operan/modules/01-tenant-control-plane/internal/handler/handler_tenants.go:130.48,132.4 1 1
github.com/operan/modules/01-tenant-control-plane/internal/handler/handler_tenants.go:134.3,143.27 3 1
github.com/operan/modules/01-tenant-control-plane/internal/handler/handler_tenants.go:143.27,145.4 1 1
github.com/operan/modules/01-tenant-control-plane/internal/handler/handler_tenants.go:147.3,147.38 1 1
github.com/operan/modules/01-tenant-control-plane/internal/handler/handler_tenants.go:152.56,153.54 1 1
github.com/operan/modules/01-tenant-control-plane/internal/handler/handler_tenants.go:153.54,155.10 2 1
github.com/operan/modules/01-tenant-control-plane/internal/handler/handler_tenants.go:155.10,158.4 2 0
github.com/operan/modules/01-tenant-control-plane/internal/handler/handler_tenants.go:160.3,161.17 2 1
github.com/operan/modules/01-tenant-control-plane/internal/handler/handler_tenants.go:161.17,164.4 2 1
github.com/operan/modules/01-tenant-control-plane/internal/handler/handler_tenants.go:166.3,166.56 1 1
github.com/operan/modules/01-tenant-control-plane/internal/handler/handler_tenants.go:171.58,172.54 1 1
github.com/operan/modules/01-tenant-control-plane/internal/handler/handler_tenants.go:172.54,174.10 2 1
github.com/operan/modules/01-tenant-control-plane/internal/handler/handler_tenants.go:174.10,177.4 2 0
github.com/operan/modules/01-tenant-control-plane/internal/handler/handler_tenants.go:179.3,180.17 2 1
github.com/operan/modules/01-tenant-control-plane/internal/handler/handler_tenants.go:180.17,183.4 2 0
github.com/operan/modules/01-tenant-control-plane/internal/handler/handler_tenants.go:185.3,186.52 2 1
github.com/operan/modules/01-tenant-control-plane/internal/handler/handler_tenants.go:186.52,189.4 2 0
github.com/operan/modules/01-tenant-control-plane/internal/handler/handler_tenants.go:191.3,202.17 2 1
github.com/operan/modules/01-tenant-control-plane/internal/handler/handler_tenants.go:202.17,203.66 1 1
github.com/operan/modules/01-tenant-control-plane/internal/handler/handler_tenants.go:203.66,206.5 2 1
github.com/operan/modules/01-tenant-control-plane/internal/handler/handler_tenants.go:207.4,208.10 2 1
github.com/operan/modules/01-tenant-control-plane/internal/handler/handler_tenants.go:211.3,213.56 2 1
github.com/operan/modules/01-tenant-control-plane/internal/handler/handler_tenants.go:218.59,219.54 1 1
github.com/operan/modules/01-tenant-control-plane/internal/handler/handler_tenants.go:219.54,221.10 2 1
github.com/operan/modules/01-tenant-control-plane/internal/handler/handler_tenants.go:221.10,224.4 2 0
github.com/operan/modules/01-tenant-control-plane/internal/handler/handler_tenants.go:226.3,227.17 2 1
github.com/operan/modules/01-tenant-control-plane/internal/handler/handler_tenants.go:227.17,230.4 2 1
github.com/operan/modules/01-tenant-control-plane/internal/handler/handler_tenants.go:232.3,238.38 2 1
github.com/operan/modules/01-tenant-control-plane/internal/handler/handler_tenants.go:244.54,260.2 1 1
github.com/operan/modules/01-tenant-control-plane/internal/handler/handler_tenants.go:262.55,270.2 1 1
github.com/operan/modules/01-tenant-control-plane/internal/handler/response_types.go:303.64,364.2 37 0
github.com/operan/modules/01-tenant-control-plane/internal/middleware/middleware.go:34.48,35.71 1 1
github.com/operan/modules/01-tenant-control-plane/internal/middleware/middleware.go:35.71,40.3 4 1
github.com/operan/modules/01-tenant-control-plane/internal/middleware/middleware.go:44.46,45.71 1 1
github.com/operan/modules/01-tenant-control-plane/internal/middleware/middleware.go:45.71,47.20 2 1
github.com/operan/modules/01-tenant-control-plane/internal/middleware/middleware.go:47.20,49.4 1 1
github.com/operan/modules/01-tenant-control-plane/internal/middleware/middleware.go:50.3,52.40 3 1
github.com/operan/modules/01-tenant-control-plane/internal/middleware/middleware.go:57.52,58.71 1 1
github.com/operan/modules/01-tenant-control-plane/internal/middleware/middleware.go:58.71,60.21 2 1
github.com/operan/modules/01-tenant-control-plane/internal/middleware/middleware.go:60.21,63.4 2 1
github.com/operan/modules/01-tenant-control-plane/internal/middleware/middleware.go:63.9,65.4 1 1
github.com/operan/modules/01-tenant-control-plane/internal/middleware/middleware.go:84.159,95.2 1 0
github.com/operan/modules/01-tenant-control-plane/internal/middleware/middleware.go:100.79,104.2 3 1
github.com/operan/modules/01-tenant-control-plane/internal/middleware/middleware.go:107.107,115.2 2 1
github.com/operan/modules/01-tenant-control-plane/internal/middleware/middleware.go:118.45,119.71 1 1
github.com/operan/modules/01-tenant-control-plane/internal/middleware/middleware.go:119.71,125.3 5 1
github.com/operan/modules/01-tenant-control-plane/internal/middleware/middleware.go:133.56,136.2 2 1
github.com/operan/modules/01-tenant-control-plane/internal/middleware/middleware.go:205.26,209.2 3 1
github.com/operan/modules/01-tenant-control-plane/internal/store/invoice.go:61.38,67.2 1 1
github.com/operan/modules/01-tenant-control-plane/internal/store/invoice.go:70.70,74.18 3 1
github.com/operan/modules/01-tenant-control-plane/internal/store/invoice.go:74.18,76.3 1 1
github.com/operan/modules/01-tenant-control-plane/internal/store/invoice.go:77.2,77.28 1 1
github.com/operan/modules/01-tenant-control-plane/internal/store/invoice.go:77.28,79.3 1 1
github.com/operan/modules/01-tenant-control-plane/internal/store/invoice.go:80.2,82.22 2 1
github.com/operan/modules/01-tenant-control-plane/internal/store/invoice.go:82.22,84.3 1 1
github.com/operan/modules/01-tenant-control-plane/internal/store/invoice.go:85.2,85.24 1 1
github.com/operan/modules/01-tenant-control-plane/internal/store/invoice.go:85.24,87.3 1 1
github.com/operan/modules/01-tenant-control-plane/internal/store/invoice.go:88.2,88.28 1 1
github.com/operan/modules/01-tenant-control-plane/internal/store/invoice.go:88.28,90.3 1 1
github.com/operan/modules/01-tenant-control-plane/internal/store/invoice.go:93.2,93.26 1 1
github.com/operan/modules/01-tenant-control-plane/internal/store/invoice.go:93.26,96.3 2 1
github.com/operan/modules/01-tenant-control-plane/internal/store/invoice.go:98.2,98.26 1 1
github.com/operan/modules/01-tenant-control-plane/internal/store/invoice.go:98.26,100.3 1 1
github.com/operan/modules/01-tenant-control-plane/internal/store/invoice.go:102.2,104.30 3 1
github.com/operan/modules/01-tenant-control-plane/internal/store/invoice.go:104.30,106.3 1 1
github.com/operan/modules/01-tenant-control-plane/internal/store/invoice.go:108.2,108.17 1 1
github.com/operan/modules/01-tenant-control-plane/internal/store/invoice.go:112.61,117.9 4 1
github.com/operan/modules/01-tenant-control-plane/internal/store/invoice.go:117.9,119.3 1 1
github.com/operan/modules/01-tenant-control-plane/internal/store/invoice.go:120.2,121.18 2 1
github.com/operan/modules/01-tenant-control-plane/internal/store/invoice.go:125.86,130.9 4 1
github.com/operan/modules/01-tenant-control-plane/internal/store/invoice.go:130.9,132.3 1 1
github.com/operan/modules/01-tenant-control-plane/internal/store/invoice.go:134.2,135.37 2 1
github.com/operan/modules/01-tenant-control-plane/internal/store/invoice.go:135.37,138.3 2 1
github.com/operan/modules/01-tenant-control-plane/internal/store/invoice.go:139.2,141.17 2 1
github.com/operan/modules/01-tenant-control-plane/internal/store/invoice.go:145.97,150.9 4 1
github.com/operan/modules/01-tenant-control-plane/internal/store/invoice.go:150.9,152.3 1 1
github.com/operan/modules/01-tenant-control-plane/internal/store/invoice.go:154.2,155.25 2 1
github.com/operan/modules/01-tenant-control-plane/internal/store/invoice.go:155.25,157.10 2 1
github.com/operan/modules/01-tenant-control-plane/internal/store/invoice.go:157.10,158.12 1 0
github.com/operan/modules/01-tenant-control-plane/internal/store/invoice.go:160.3,161.30 2 1
github.com/operan/modules/01-tenant-control-plane/internal/store/invoice.go:164.2,165.49 2 1
github.com/operan/modules/01-tenant-control-plane/internal/store/invoice.go:165.49,167.3 1 1
github.com/operan/modules/01-tenant-control-plane/internal/store/invoice.go:169.2,169.14 1 1
github.com/operan/modules/01-tenant-control-plane/internal/store/invoice.go:169.14,171.3 1 0
github.com/operan/modules/01-tenant-control-plane/internal/store/invoice.go:172.2,172.18 1 1
github.com/operan/modules/01-tenant-control-plane/internal/store/invoice.go:172.18,174.3 1 0
github.com/operan/modules/01-tenant-control-plane/internal/store/invoice.go:176.2,178.19 3 1
github.com/operan/modules/01-tenant-control-plane/internal/store/invoice.go:178.19,180.3 1 0
github.com/operan/modules/01-tenant-control-plane/internal/store/invoice.go:181.2,181.17 1 1
github.com/operan/modules/01-tenant-control-plane/internal/store/invoice.go:181.17,183.3 1 1
github.com/operan/modules/01-tenant-control-plane/internal/store/invoice.go:185.2,188.34 3 1
github.com/operan/modules/01-tenant-control-plane/internal/store/invoice.go:192.41,196.2 3 1
github.com/operan/modules/01-tenant-control-plane/internal/store/payment_method.go:44.50,49.2 1 0
github.com/operan/modules/01-tenant-control-plane/internal/store/payment_method.go:52.80,56.17 3 0
github.com/operan/modules/01-tenant-control-plane/internal/store/payment_method.go:56.17,58.3 1 0
github.com/operan/modules/01-tenant-control-plane/internal/store/payment_method.go:59.2,59.27 1 0
github.com/operan/modules/01-tenant-control-plane/internal/store/payment_method.go:59.27,61.3 1 0
github.com/operan/modules/01-tenant-control-plane/internal/store/payment_method.go:62.2,64.23 2 0
github.com/operan/modules/01-tenant-control-plane/internal/store/payment_method.go:64.23,66.3 1 0
github.com/operan/modules/01-tenant-control-plane/internal/store/payment_method.go:69.2,69.18 1 0
github.com/operan/modules/01-tenant-control-plane/internal/store/payment_method.go:69.18,70.38 1 0
github.com/operan/modules/01-tenant-control-plane/internal/store/payment_method.go:70.38,71.40 1 0
github.com/operan/modules/01-tenant-control-plane/internal/store/payment_method.go:71.40,74.5 2 0
github.com/operan/modules/01-tenant-control-plane/internal/store/payment_method.go:78.2,81.16 3 0
github.com/operan/modules/01-tenant-control-plane/internal/store/payment_method.go:85.73,90.9 4 0
github.com/operan/modules/01-tenant-control-plane/internal/store/payment_method.go:90.9,92.3 1 0
github.com/operan/modules/01-tenant-control-plane/internal/store/payment_method.go:93.2,94.18 2 0
github.com/operan/modules/01-tenant-control-plane/internal/store/payment_method.go:98.80,103.9 4 0
github.com/operan/modules/01-tenant-control-plane/internal/store/payment_method.go:103.9,105.3 1 0
github.com/operan/modules/01-tenant-control-plane/internal/store/payment_method.go:107.2,111.18 4 0
github.com/operan/modules/01-tenant-control-plane/internal/store/payment_method.go:115.85,120.31 4 0
github.com/operan/modules/01-tenant-control-plane/internal/store/payment_method.go:120.31,123.3 2 0
github.com/operan/modules/01-tenant-control-plane/internal/store/payment_method.go:125.2,126.14 2 0
github.com/operan/modules/01-tenant-control-plane/internal/store/payment_method.go:126.14,128.3 1 0
github.com/operan/modules/01-tenant-control-plane/internal/store/payment_method.go:129.2,129.18 1 0
github.com/operan/modules/01-tenant-control-plane/internal/store/payment_method.go:129.18,131.3 1 0
github.com/operan/modules/01-tenant-control-plane/internal/store/payment_method.go:133.2,133.53 1 0
github.com/operan/modules/01-tenant-control-plane/internal/store/payment_method.go:133.53,134.30 1 0
github.com/operan/modules/01-tenant-control-plane/internal/store/payment_method.go:134.30,136.4 1 0
github.com/operan/modules/01-tenant-control-plane/internal/store/payment_method.go:137.3,137.30 1 0
github.com/operan/modules/01-tenant-control-plane/internal/store/payment_method.go:137.30,139.4 1 0
github.com/operan/modules/01-tenant-control-plane/internal/store/payment_method.go:140.3,140.37 1 0
github.com/operan/modules/01-tenant-control-plane/internal/store/payment_method.go:143.2,145.19 3 0
github.com/operan/modules/01-tenant-control-plane/internal/store/payment_method.go:145.19,147.3 1 0
github.com/operan/modules/01-tenant-control-plane/internal/store/payment_method.go:148.2,148.17 1 0
github.com/operan/modules/01-tenant-control-plane/internal/store/payment_method.go:148.17,150.3 1 0
github.com/operan/modules/01-tenant-control-plane/internal/store/payment_method.go:152.2,155.34 3 0
github.com/operan/modules/01-tenant-control-plane/internal/store/payment_method.go:159.85,164.9 4 0
github.com/operan/modules/01-tenant-control-plane/internal/store/payment_method.go:164.9,166.3 1 0
github.com/operan/modules/01-tenant-control-plane/internal/store/payment_method.go:168.2,169.25 2 0
github.com/operan/modules/01-tenant-control-plane/internal/store/payment_method.go:169.25,171.10 2 0
github.com/operan/modules/01-tenant-control-plane/internal/store/payment_method.go:171.10,172.12 1 0
github.com/operan/modules/01-tenant-control-plane/internal/store/payment_method.go:174.3,175.32 2 0
github.com/operan/modules/01-tenant-control-plane/internal/store/payment_method.go:178.2,178.20 1 0
github.com/operan/modules/01-tenant-control-plane/internal/store/payment_method.go:182.54,187.9 4 0
github.com/operan/modules/01-tenant-control-plane/internal/store/payment_method.go:187.9,189.3 1 0
github.com/operan/modules/01-tenant-control-plane/internal/store/payment_method.go:191.2,192.53 2 0
github.com/operan/modules/01-tenant-control-plane/internal/store/payment_method.go:192.53,193.23 1 0
github.com/operan/modules/01-tenant-control-plane/internal/store/payment_method.go:193.23,195.9 2 0
github.com/operan/modules/01-tenant-control-plane/internal/store/payment_method.go:199.2,199.12 1 0
github.com/operan/modules/01-tenant-control-plane/internal/store/payment_method.go:203.47,207.2 3 0
github.com/operan/modules/01-tenant-control-plane/internal/store/resources.go:80.40,85.2 1 1
github.com/operan/modules/01-tenant-control-plane/internal/store/resources.go:88.66,92.18 3 1
github.com/operan/modules/01-tenant-control-plane/internal/store/resources.go:92.18,94.3 1 1
github.com/operan/modules/01-tenant-control-plane/internal/store/resources.go:95.2,95.22 1 1
github.com/operan/modules/01-tenant-control-plane/internal/store/resources.go:95.22,97.3 1 1
github.com/operan/modules/01-tenant-control-plane/internal/store/resources.go:98.2,98.28 1 1
github.com/operan/modules/01-tenant-control-plane/internal/store/resources.go:98.28,100.3 1 1
github.com/operan/modules/01-tenant-control-plane/internal/store/resources.go:101.2,106.17 4 1
github.com/operan/modules/01-tenant-control-plane/internal/store/resources.go:110.63,115.9 4 1
github.com/operan/modules/01-tenant-control-plane/internal/store/resources.go:115.9,117.3 1 1
github.com/operan/modules/01-tenant-control-plane/internal/store/resources.go:118.2,119.18 2 1
github.com/operan/modules/01-tenant-control-plane/internal/store/resources.go:123.87,128.9 4 1
github.com/operan/modules/01-tenant-control-plane/internal/store/resources.go:128.9,130.3 1 1
github.com/operan/modules/01-tenant-control-plane/internal/store/resources.go:132.2,132.20 1 1
github.com/operan/modules/01-tenant-control-plane/internal/store/resources.go:132.20,134.3 1 1
github.com/operan/modules/01-tenant-control-plane/internal/store/resources.go:135.2,135.22 1 1
github.com/operan/modules/01-tenant-control-plane/internal/store/resources.go:135.22,137.3 1 1
github.com/operan/modules/01-tenant-control-plane/internal/store/resources.go:138.2,138.27 1 1
github.com/operan/modules/01-tenant-control-plane/internal/store/resources.go:138.27,140.3 1 0
github.com/operan/modules/01-tenant-control-plane/internal/store/resources.go:141.2,141.25 1 1
github.com/operan/modules/01-tenant-control-plane/internal/store/resources.go:141.25,143.3 1 0
github.com/operan/modules/01-tenant-control-plane/internal/store/resources.go:144.2,144.24 1 1
github.com/operan/modules/01-tenant-control-plane/internal/store/resources.go:144.24,146.3 1 1
github.com/operan/modules/01-tenant-control-plane/internal/store/resources.go:147.2,147.24 1 1
github.com/operan/modules/01-tenant-control-plane/internal/store/resources.go:147.24,149.3 1 1
github.com/operan/modules/01-tenant-control-plane/internal/store/resources.go:150.2,150.28 1 1
github.com/operan/modules/01-tenant-control-plane/internal/store/resources.go:150.28,152.3 1 1
github.com/operan/modules/01-tenant-control-plane/internal/store/resources.go:153.2,153.27 1 1
github.com/operan/modules/01-tenant-control-plane/internal/store/resources.go:153.27,155.3 1 0
github.com/operan/modules/01-tenant-control-plane/internal/store/resources.go:156.2,156.33 1 1
github.com/operan/modules/01-tenant-control-plane/internal/store/resources.go:156.33,157.34 1 0
github.com/operan/modules/01-tenant-control-plane/internal/store/resources.go:157.34,159.4 1 0
github.com/operan/modules/01-tenant-control-plane/internal/store/resources.go:160.3,160.42 1 0
github.com/operan/modules/01-tenant-control-plane/internal/store/resources.go:160.42,162.4 1 0
github.com/operan/modules/01-tenant-control-plane/internal/store/resources.go:165.2,167.17 2 1
github.com/operan/modules/01-tenant-control-plane/internal/store/resources.go:171.49,176.9 4 1
github.com/operan/modules/01-tenant-control-plane/internal/store/resources.go:176.9,178.3 1 1
github.com/operan/modules/01-tenant-control-plane/internal/store/resources.go:181.2,182.8 2 1
github.com/operan/modules/01-tenant-control-plane/internal/store/resources.go:182.8,184.15 2 1
github.com/operan/modules/01-tenant-control-plane/internal/store/resources.go:184.15,186.4 1 1
github.com/operan/modules/01-tenant-control-plane/internal/store/resources.go:189.2,191.12 2 1
github.com/operan/modules/01-tenant-control-plane/internal/store/resources.go:195.100,200.9 4 1
github.com/operan/modules/01-tenant-control-plane/internal/store/resources.go:200.9,202.3 1 1
github.com/operan/modules/01-tenant-control-plane/internal/store/resources.go:204.2,205.25 2 1
github.com/operan/modules/01-tenant-control-plane/internal/store/resources.go:205.25,207.10 2 1
github.com/operan/modules/01-tenant-control-plane/internal/store/resources.go:207.10,208.12 1 0
github.com/operan/modules/01-tenant-control-plane/internal/store/resources.go:210.3,211.30 2 1
github.com/operan/modules/01-tenant-control-plane/internal/store/resources.go:214.2,215.50 2 1
github.com/operan/modules/01-tenant-control-plane/internal/store/resources.go:215.50,217.3 1 1
github.com/operan/modules/01-tenant-control-plane/internal/store/resources.go:219.2,219.14 1 1
github.com/operan/modules/01-tenant-control-plane/internal/store/resources.go:219.14,221.3 1 0
github.com/operan/modules/01-tenant-control-plane/internal/store/resources.go:222.2,222.18 1 1
github.com/operan/modules/01-tenant-control-plane/internal/store/resources.go:222.18,224.3 1 0
github.com/operan/modules/01-tenant-control-plane/internal/store/resources.go:226.2,228.19 3 1
github.com/operan/modules/01-tenant-control-plane/internal/store/resources.go:228.19,230.3 1 0
github.com/operan/modules/01-tenant-control-plane/internal/store/resources.go:231.2,231.17 1 1
github.com/operan/modules/01-tenant-control-plane/internal/store/resources.go:231.17,233.3 1 1
github.com/operan/modules/01-tenant-control-plane/internal/store/resources.go:235.2,238.34 3 1
github.com/operan/modules/01-tenant-control-plane/internal/store/resources.go:241.54,242.24 1 1
github.com/operan/modules/01-tenant-control-plane/internal/store/resources.go:242.24,244.3 1 1
github.com/operan/modules/01-tenant-control-plane/internal/store/resources.go:245.2,245.24 1 0
github.com/operan/modules/01-tenant-control-plane/internal/store/resources.go:245.24,247.3 1 0
github.com/operan/modules/01-tenant-control-plane/internal/store/resources.go:248.2,248.10 1 0
github.com/operan/modules/01-tenant-control-plane/internal/store/resources.go:252.42,256.2 3 1
github.com/operan/modules/01-tenant-control-plane/internal/store/resources.go:310.34,315.2 1 1
github.com/operan/modules/01-tenant-control-plane/internal/store/resources.go:318.59,322.20 3 1
github.com/operan/modules/01-tenant-control-plane/internal/store/resources.go:322.20,324.3 1 1
github.com/operan/modules/01-tenant-control-plane/internal/store/resources.go:325.2,325.24 1 1
github.com/operan/modules/01-tenant-control-plane/internal/store/resources.go:325.24,327.3 1 1
github.com/operan/modules/01-tenant-control-plane/internal/store/resources.go:328.2,328.30 1 1
github.com/operan/modules/01-tenant-control-plane/internal/store/resources.go:328.30,330.3 1 1
github.com/operan/modules/01-tenant-control-plane/internal/store/resources.go:331.2,336.19 4 1
github.com/operan/modules/01-tenant-control-plane/internal/store/resources.go:340.57,345.9 4 1
github.com/operan/modules/01-tenant-control-plane/internal/store/resources.go:345.9,347.3 1 1
github.com/operan/modules/01-tenant-control-plane/internal/store/resources.go:348.2,349.18 2 1
github.com/operan/modules/01-tenant-control-plane/internal/store/resources.go:353.78,358.9 4 1
github.com/operan/modules/01-tenant-control-plane/internal/store/resources.go:358.9,360.3 1 1
github.com/operan/modules/01-tenant-control-plane/internal/store/resources.go:362.2,362.21 1 1
github.com/operan/modules/01-tenant-control-plane/internal/store/resources.go:362.21,364.3 1 1
github.com/operan/modules/01-tenant-control-plane/internal/store/resources.go:365.2,365.20 1 1
github.com/operan/modules/01-tenant-control-plane/internal/store/resources.go:365.20,367.3 1 1
github.com/operan/modules/01-tenant-control-plane/internal/store/resources.go:368.2,368.28 1 1
github.com/operan/modules/01-tenant-control-plane/internal/store/resources.go:368.28,370.3 1 0
github.com/operan/modules/01-tenant-control-plane/internal/store/resources.go:371.2,371.22 1 1
github.com/operan/modules/01-tenant-control-plane/internal/store/resources.go:371.22,373.3 1 1
github.com/operan/modules/01-tenant-control-plane/internal/store/resources.go:374.2,374.31 1 1
github.com/operan/modules/01-tenant-control-plane/internal/store/resources.go:374.31,376.3 1 1
github.com/operan/modules/01-tenant-control-plane/internal/store/resources.go:378.2,380.19 2 1
github.com/operan/modules/01-tenant-control-plane/internal/store/resources.go:384.46,389.9 4 1
github.com/operan/modules/01-tenant-control-plane/internal/store/resources.go:389.9,391.3 1 1
github.com/operan/modules/01-tenant-control-plane/internal/store/resources.go:394.2,395.8 2 1
github.com/operan/modules/01-tenant-control-plane/internal/store/resources.go:395.8,397.15 2 1
github.com/operan/modules/01-tenant-control-plane/internal/store/resources.go:397.15,399.4 1 1
github.com/operan/modules/01-tenant-control-plane/internal/store/resources.go:402.2,404.12 2 1
github.com/operan/modules/01-tenant-control-plane/internal/store/resources.go:408.94,413.9 4 1
github.com/operan/modules/01-tenant-control-plane/internal/store/resources.go:413.9,415.3 1 1
github.com/operan/modules/01-tenant-control-plane/internal/store/resources.go:417.2,418.25 2 1
github.com/operan/modules/01-tenant-control-plane/internal/store/resources.go:418.25,420.10 2 1
github.com/operan/modules/01-tenant-control-plane/internal/store/resources.go:420.10,421.12 1 0
github.com/operan/modules/01-tenant-control-plane/internal/store/resources.go:423.3,424.30 2 1
github.com/operan/modules/01-tenant-control-plane/internal/store/resources.go:427.2,428.47 2 1
github.com/operan/modules/01-tenant-control-plane/internal/store/resources.go:428.47,430.3 1 1
github.com/operan/modules/01-tenant-control-plane/internal/store/resources.go:432.2,432.14 1 1
github.com/operan/modules/01-tenant-control-plane/internal/store/resources.go:432.14,434.3 1 0
github.com/operan/modules/01-tenant-control-plane/internal/store/resources.go:435.2,435.18 1 1
github.com/operan/modules/01-tenant-control-plane/internal/store/resources.go:435.18,437.3 1 0
github.com/operan/modules/01-tenant-control-plane/internal/store/resources.go:439.2,441.19 3 1
github.com/operan/modules/01-tenant-control-plane/internal/store/resources.go:441.19,443.3 1 0
github.com/operan/modules/01-tenant-control-plane/internal/store/resources.go:444.2,444.17 1 1
github.com/operan/modules/01-tenant-control-plane/internal/store/resources.go:444.17,446.3 1 1
github.com/operan/modules/01-tenant-control-plane/internal/store/resources.go:448.2,451.34 3 1
github.com/operan/modules/01-tenant-control-plane/internal/store/resources.go:454.51,455.24 1 1
github.com/operan/modules/01-tenant-control-plane/internal/store/resources.go:455.24,457.3 1 1
github.com/operan/modules/01-tenant-control-plane/internal/store/resources.go:458.2,458.24 1 0
github.com/operan/modules/01-tenant-control-plane/internal/store/resources.go:458.24,460.3 1 0
github.com/operan/modules/01-tenant-control-plane/internal/store/resources.go:461.2,461.10 1 0
github.com/operan/modules/01-tenant-control-plane/internal/store/resources.go:465.39,469.2 3 1
github.com/operan/modules/01-tenant-control-plane/internal/store/secret.go:46.36,51.2 1 1
github.com/operan/modules/01-tenant-control-plane/internal/store/secret.go:54.104,58.15 3 1
github.com/operan/modules/01-tenant-control-plane/internal/store/secret.go:58.15,60.3 1 1
github.com/operan/modules/01-tenant-control-plane/internal/store/secret.go:62.2,63.45 2 1
github.com/operan/modules/01-tenant-control-plane/internal/store/secret.go:63.45,65.3 1 1
github.com/operan/modules/01-tenant-control-plane/internal/store/secret.go:67.2,70.32 3 1
github.com/operan/modules/01-tenant-control-plane/internal/store/secret.go:70.32,71.49 1 1
github.com/operan/modules/01-tenant-control-plane/internal/store/secret.go:71.49,72.26 1 0
github.com/operan/modules/01-tenant-control-plane/internal/store/secret.go:72.26,74.5 1 0
github.com/operan/modules/01-tenant-control-plane/internal/store/secret.go:78.2,95.17 5 1
github.com/operan/modules/01-tenant-control-plane/internal/store/secret.go:99.59,104.9 4 1
github.com/operan/modules/01-tenant-control-plane/internal/store/secret.go:104.9,106.3 1 1
github.com/operan/modules/01-tenant-control-plane/internal/store/secret.go:107.2,108.18 2 1
github.com/operan/modules/01-tenant-control-plane/internal/store/secret.go:112.96,117.32 4 1
github.com/operan/modules/01-tenant-control-plane/internal/store/secret.go:117.32,118.31 1 1
github.com/operan/modules/01-tenant-control-plane/internal/store/secret.go:118.31,119.12 1 1
github.com/operan/modules/01-tenant-control-plane/internal/store/secret.go:122.3,123.35 2 1
github.com/operan/modules/01-tenant-control-plane/internal/store/secret.go:123.35,124.86 1 1
github.com/operan/modules/01-tenant-control-plane/internal/store/secret.go:124.86,126.5 1 0
github.com/operan/modules/01-tenant-control-plane/internal/store/secret.go:129.3,139.30 2 1
github.com/operan/modules/01-tenant-control-plane/internal/store/secret.go:142.2,143.14 2 1
github.com/operan/modules/01-tenant-control-plane/internal/store/secret.go:143.14,145.3 1 0
github.com/operan/modules/01-tenant-control-plane/internal/store/secret.go:146.2,146.18 1 1
github.com/operan/modules/01-tenant-control-plane/internal/store/secret.go:146.18,148.3 1 0
github.com/operan/modules/01-tenant-control-plane/internal/store/secret.go:150.2,150.56 1 1
github.com/operan/modules/01-tenant-control-plane/internal/store/secret.go:150.56,152.3 1 1
github.com/operan/modules/01-tenant-control-plane/internal/store/secret.go:154.2,156.19 3 1
github.com/operan/modules/01-tenant-control-plane/internal/store/secret.go:156.19,158.3 1 0
github.com/operan/modules/01-tenant-control-plane/internal/store/secret.go:159.2,159.17 1 1
github.com/operan/modules/01-tenant-control-plane/internal/store/secret.go:159.17,161.3 1 1
github.com/operan/modules/01-tenant-control-plane/internal/store/secret.go:163.2,166.34 3 1
github.com/operan/modules/01-tenant-control-plane/internal/store/secret.go:170.93,175.9 4 1
github.com/operan/modules/01-tenant-control-plane/internal/store/secret.go:175.9,177.3 1 1
github.com/operan/modules/01-tenant-control-plane/internal/store/secret.go:179.2,183.17 4 1
github.com/operan/modules/01-tenant-control-plane/internal/store/secret.go:187.68,192.9 4 1
github.com/operan/modules/01-tenant-control-plane/internal/store/secret.go:192.9,194.3 1 0
github.com/operan/modules/01-tenant-control-plane/internal/store/secret.go:196.2,213.20 5 1
github.com/operan/modules/01-tenant-control-plane/internal/store/secret.go:217.47,222.9 4 1
github.com/operan/modules/01-tenant-control-plane/internal/store/secret.go:222.9,224.3 1 1
github.com/operan/modules/01-tenant-control-plane/internal/store/secret.go:226.2,230.12 4 1
github.com/operan/modules/01-tenant-control-plane/internal/store/secret.go:233.58,234.22 1 1
github.com/operan/modules/01-tenant-control-plane/internal/store/secret.go:234.22,236.3 1 0
github.com/operan/modules/01-tenant-control-plane/internal/store/secret.go:237.2,237.22 1 1
github.com/operan/modules/01-tenant-control-plane/internal/store/secret.go:237.22,239.3 1 1
github.com/operan/modules/01-tenant-control-plane/internal/store/secret.go:240.2,240.10 1 0
github.com/operan/modules/01-tenant-control-plane/internal/store/secret.go:245.44,247.2 1 1
github.com/operan/modules/01-tenant-control-plane/internal/store/subscription.go:95.48,100.2 1 1
github.com/operan/modules/01-tenant-control-plane/internal/store/subscription.go:103.78,107.18 3 1
github.com/operan/modules/01-tenant-control-plane/internal/store/subscription.go:107.18,109.3 1 1
github.com/operan/modules/01-tenant-control-plane/internal/store/subscription.go:110.2,110.28 1 1
github.com/operan/modules/01-tenant-control-plane/internal/store/subscription.go:110.28,112.3 1 1
github.com/operan/modules/01-tenant-control-plane/internal/store/subscription.go:113.2,115.22 2 1
github.com/operan/modules/01-tenant-control-plane/internal/store/subscription.go:115.22,117.3 1 1
github.com/operan/modules/01-tenant-control-plane/internal/store/subscription.go:118.2,118.24 1 1
github.com/operan/modules/01-tenant-control-plane/internal/store/subscription.go:118.24,120.3 1 0
github.com/operan/modules/01-tenant-control-plane/internal/store/subscription.go:121.2,121.24 1 1
github.com/operan/modules/01-tenant-control-plane/internal/store/subscription.go:121.24,123.3 1 1
github.com/operan/modules/01-tenant-control-plane/internal/store/subscription.go:124.2,124.24 1 1
github.com/operan/modules/01-tenant-control-plane/internal/store/subscription.go:124.24,126.3 1 1
github.com/operan/modules/01-tenant-control-plane/internal/store/subscription.go:127.2,127.28 1 1
github.com/operan/modules/01-tenant-control-plane/internal/store/subscription.go:127.28,129.3 1 1
github.com/operan/modules/01-tenant-control-plane/internal/store/subscription.go:130.2,130.23 1 1
github.com/operan/modules/01-tenant-control-plane/internal/store/subscription.go:130.23,132.3 1 1
github.com/operan/modules/01-tenant-control-plane/internal/store/subscription.go:133.2,133.26 1 1
github.com/operan/modules/01-tenant-control-plane/internal/store/subscription.go:133.26,135.3 1 1
github.com/operan/modules/01-tenant-control-plane/internal/store/subscription.go:136.2,136.37 1 1
github.com/operan/modules/01-tenant-control-plane/internal/store/subscription.go:136.37,138.3 1 1
github.com/operan/modules/01-tenant-control-plane/internal/store/subscription.go:139.2,139.35 1 1
github.com/operan/modules/01-tenant-control-plane/internal/store/subscription.go:139.35,141.3 1 1
github.com/operan/modules/01-tenant-control-plane/internal/store/subscription.go:142.2,142.34 1 1
github.com/operan/modules/01-tenant-control-plane/internal/store/subscription.go:142.34,144.3 1 1
github.com/operan/modules/01-tenant-control-plane/internal/store/subscription.go:147.2,147.60 1 1
github.com/operan/modules/01-tenant-control-plane/internal/store/subscription.go:147.60,149.3 1 1
github.com/operan/modules/01-tenant-control-plane/internal/store/subscription.go:151.2,154.17 3 1
github.com/operan/modules/01-tenant-control-plane/internal/store/subscription.go:158.71,163.9 4 1
github.com/operan/modules/01-tenant-control-plane/internal/store/subscription.go:163.9,165.3 1 1
github.com/operan/modules/01-tenant-control-plane/internal/store/subscription.go:166.2,167.18 2 1
github.com/operan/modules/01-tenant-control-plane/internal/store/subscription.go:171.81,176.9 4 1
github.com/operan/modules/01-tenant-control-plane/internal/store/subscription.go:176.9,178.3 1 1
github.com/operan/modules/01-tenant-control-plane/internal/store/subscription.go:179.2,180.9 2 1
github.com/operan/modules/01-tenant-control-plane/internal/store/subscription.go:180.9,182.3 1 0
github.com/operan/modules/01-tenant-control-plane/internal/store/subscription.go:183.2,184.18 2 1
github.com/operan/modules/01-tenant-control-plane/internal/store/subscription.go:188.100,193.9 4 1
github.com/operan/modules/01-tenant-control-plane/internal/store/subscription.go:193.9,195.3 1 1
github.com/operan/modules/01-tenant-control-plane/internal/store/subscription.go:197.2,197.20 1 1
github.com/operan/modules/01-tenant-control-plane/internal/store/subscription.go:197.20,202.3 4 1
github.com/operan/modules/01-tenant-control-plane/internal/store/subscription.go:203.2,203.28 1 1
github.com/operan/modules/01-tenant-control-plane/internal/store/subscription.go:203.28,205.3 1 0
github.com/operan/modules/01-tenant-control-plane/internal/store/subscription.go:206.2,206.26 1 1
github.com/operan/modules/01-tenant-control-plane/internal/store/subscription.go:206.26,207.25 1 1
github.com/operan/modules/01-tenant-control-plane/internal/store/subscription.go:207.25,209.4 1 1
github.com/operan/modules/01-tenant-control-plane/internal/store/subscription.go:210.3,211.59 2 1
github.com/operan/modules/01-tenant-control-plane/internal/store/subscription.go:213.2,213.29 1 1
github.com/operan/modules/01-tenant-control-plane/internal/store/subscription.go:213.29,215.3 1 1
github.com/operan/modules/01-tenant-control-plane/internal/store/subscription.go:217.2,219.17 2 1
github.com/operan/modules/01-tenant-control-plane/internal/store/subscription.go:223.101,228.9 4 1
github.com/operan/modules/01-tenant-control-plane/internal/store/subscription.go:228.9,230.3 1 1
github.com/operan/modules/01-tenant-control-plane/internal/store/subscription.go:232.2,232.27 1 1
github.com/operan/modules/01-tenant-control-plane/internal/store/subscription.go:232.27,235.3 2 1
github.com/operan/modules/01-tenant-control-plane/internal/store/subscription.go:235.8,239.3 3 1
github.com/operan/modules/01-tenant-control-plane/internal/store/subscription.go:241.2,243.17 2 1
github.com/operan/modules/01-tenant-control-plane/internal/store/subscription.go:247.53,252.9 4 1
github.com/operan/modules/01-tenant-control-plane/internal/store/subscription.go:252.9,254.3 1 1
github.com/operan/modules/01-tenant-control-plane/internal/store/subscription.go:256.2,259.12 3 1
github.com/operan/modules/01-tenant-control-plane/internal/store/subscription.go:263.52,268.38 4 1
github.com/operan/modules/01-tenant-control-plane/internal/store/subscription.go:268.38,271.3 2 1
github.com/operan/modules/01-tenant-control-plane/internal/store/subscription.go:273.2,273.55 1 1
github.com/operan/modules/01-tenant-control-plane/internal/store/subscription.go:273.55,274.30 1 1
github.com/operan/modules/01-tenant-control-plane/internal/store/subscription.go:274.30,276.4 1 1
github.com/operan/modules/01-tenant-control-plane/internal/store/subscription.go:277.3,277.30 1 0
github.com/operan/modules/01-tenant-control-plane/internal/store/subscription.go:277.30,279.4 1 0
github.com/operan/modules/01-tenant-control-plane/internal/store/subscription.go:280.3,280.11 1 0
github.com/operan/modules/01-tenant-control-plane/internal/store/subscription.go:283.2,283.15 1 1
github.com/operan/modules/01-tenant-control-plane/internal/store/subscription.go:287.46,291.2 3 1
github.com/operan/modules/01-tenant-control-plane/internal/store/tenant.go:108.59,110.2 1 1
github.com/operan/modules/01-tenant-control-plane/internal/store/tenant.go:112.48,115.2 2 1
github.com/operan/modules/01-tenant-control-plane/internal/store/tenant.go:118.39,119.11 1 1
github.com/operan/modules/01-tenant-control-plane/internal/store/tenant.go:120.16,121.134 1 1
github.com/operan/modules/01-tenant-control-plane/internal/store/tenant.go:122.22,123.139 1 1
github.com/operan/modules/01-tenant-control-plane/internal/store/tenant.go:124.21,125.144 1 1
github.com/operan/modules/01-tenant-control-plane/internal/store/tenant.go:126.10,127.134 1 1
github.com/operan/modules/01-tenant-control-plane/internal/store/tenant.go:141.36,146.2 1 1
github.com/operan/modules/01-tenant-control-plane/internal/store/tenant.go:149.58,153.16 3 1
github.com/operan/modules/01-tenant-control-plane/internal/store/tenant.go:153.16,155.3 1 1
github.com/operan/modules/01-tenant-control-plane/internal/store/tenant.go:156.2,156.20 1 1
github.com/operan/modules/01-tenant-control-plane/internal/store/tenant.go:156.20,158.3 1 1
github.com/operan/modules/01-tenant-control-plane/internal/store/tenant.go:159.2,159.26 1 1
github.com/operan/modules/01-tenant-control-plane/internal/store/tenant.go:159.26,161.3 1 1
github.com/operan/modules/01-tenant-control-plane/internal/store/tenant.go:162.2,164.42 2 1
github.com/operan/modules/01-tenant-control-plane/internal/store/tenant.go:164.42,166.3 1 1
github.com/operan/modules/01-tenant-control-plane/internal/store/tenant.go:167.2,167.18 1 1
github.com/operan/modules/01-tenant-control-plane/internal/store/tenant.go:167.18,169.53 2 1
github.com/operan/modules/01-tenant-control-plane/internal/store/tenant.go:169.53,171.4 1 1
github.com/operan/modules/01-tenant-control-plane/internal/store/tenant.go:172.3,172.23 1 1
github.com/operan/modules/01-tenant-control-plane/internal/store/tenant.go:175.2,176.15 2 1
github.com/operan/modules/01-tenant-control-plane/internal/store/tenant.go:180.59,185.9 4 1
github.com/operan/modules/01-tenant-control-plane/internal/store/tenant.go:185.9,187.3 1 1
github.com/operan/modules/01-tenant-control-plane/internal/store/tenant.go:189.2,190.18 2 1
github.com/operan/modules/01-tenant-control-plane/internal/store/tenant.go:194.81,199.9 4 1
github.com/operan/modules/01-tenant-control-plane/internal/store/tenant.go:199.9,201.3 1 1
github.com/operan/modules/01-tenant-control-plane/internal/store/tenant.go:203.2,203.20 1 1
github.com/operan/modules/01-tenant-control-plane/internal/store/tenant.go:203.20,205.3 1 1
github.com/operan/modules/01-tenant-control-plane/internal/store/tenant.go:206.2,206.27 1 1
github.com/operan/modules/01-tenant-control-plane/internal/store/tenant.go:206.27,208.3 1 0
github.com/operan/modules/01-tenant-control-plane/internal/store/tenant.go:209.2,209.22 1 1
github.com/operan/modules/01-tenant-control-plane/internal/store/tenant.go:209.22,210.43 1 1
github.com/operan/modules/01-tenant-control-plane/internal/store/tenant.go:210.43,212.4 1 1
github.com/operan/modules/01-tenant-control-plane/internal/store/tenant.go:213.3,213.24 1 1
github.com/operan/modules/01-tenant-control-plane/internal/store/tenant.go:215.2,215.20 1 1
github.com/operan/modules/01-tenant-control-plane/internal/store/tenant.go:215.20,217.3 1 0
github.com/operan/modules/01-tenant-control-plane/internal/store/tenant.go:218.2,218.22 1 1
github.com/operan/modules/01-tenant-control-plane/internal/store/tenant.go:218.22,220.3 1 0
github.com/operan/modules/01-tenant-control-plane/internal/store/tenant.go:221.2,221.30 1 1
github.com/operan/modules/01-tenant-control-plane/internal/store/tenant.go:221.30,223.3 1 0
github.com/operan/modules/01-tenant-control-plane/internal/store/tenant.go:224.2,224.28 1 1
github.com/operan/modules/01-tenant-control-plane/internal/store/tenant.go:224.28,226.3 1 0
github.com/operan/modules/01-tenant-control-plane/internal/store/tenant.go:227.2,227.26 1 1
github.com/operan/modules/01-tenant-control-plane/internal/store/tenant.go:227.26,229.3 1 0
github.com/operan/modules/01-tenant-control-plane/internal/store/tenant.go:230.2,230.31 1 1
github.com/operan/modules/01-tenant-control-plane/internal/store/tenant.go:230.31,232.3 1 0
github.com/operan/modules/01-tenant-control-plane/internal/store/tenant.go:233.2,235.15 2 1
github.com/operan/modules/01-tenant-control-plane/internal/store/tenant.go:239.47,244.9 4 1
github.com/operan/modules/01-tenant-control-plane/internal/store/tenant.go:244.9,246.3 1 1
github.com/operan/modules/01-tenant-control-plane/internal/store/tenant.go:247.2,249.34 2 1
github.com/operan/modules/01-tenant-control-plane/internal/store/tenant.go:249.34,250.16 1 1
github.com/operan/modules/01-tenant-control-plane/internal/store/tenant.go:250.16,252.9 2 1
github.com/operan/modules/01-tenant-control-plane/internal/store/tenant.go:255.2,255.12 1 1
github.com/operan/modules/01-tenant-control-plane/internal/store/tenant.go:259.87,264.30 4 1
github.com/operan/modules/01-tenant-control-plane/internal/store/tenant.go:264.30,265.57 1 1
github.com/operan/modules/01-tenant-control-plane/internal/store/tenant.go:265.57,266.12 1 1
github.com/operan/modules/01-tenant-control-plane/internal/store/tenant.go:268.3,269.26 2 1
github.com/operan/modules/01-tenant-control-plane/internal/store/tenant.go:272.2,273.14 2 1
github.com/operan/modules/01-tenant-control-plane/internal/store/tenant.go:273.14,275.3 1 0
github.com/operan/modules/01-tenant-control-plane/internal/store/tenant.go:276.2,276.18 1 1
github.com/operan/modules/01-tenant-control-plane/internal/store/tenant.go:276.18,278.3 1 0
github.com/operan/modules/01-tenant-control-plane/internal/store/tenant.go:280.2,280.46 1 1
github.com/operan/modules/01-tenant-control-plane/internal/store/tenant.go:280.46,282.3 1 1
github.com/operan/modules/01-tenant-control-plane/internal/store/tenant.go:284.2,286.19 3 1
github.com/operan/modules/01-tenant-control-plane/internal/store/tenant.go:286.19,288.3 1 0
github.com/operan/modules/01-tenant-control-plane/internal/store/tenant.go:289.2,289.17 1 1
github.com/operan/modules/01-tenant-control-plane/internal/store/tenant.go:289.17,291.3 1 1
github.com/operan/modules/01-tenant-control-plane/internal/store/tenant.go:293.2,296.34 3 1
github.com/operan/modules/01-tenant-control-plane/internal/store/tenant.go:300.40,304.2 3 1
github.com/operan/modules/01-tenant-control-plane/internal/store/tenant.go:307.49,308.25 1 1
github.com/operan/modules/01-tenant-control-plane/internal/store/tenant.go:308.25,310.3 1 1
github.com/operan/modules/01-tenant-control-plane/internal/store/tenant.go:311.2,311.25 1 1
github.com/operan/modules/01-tenant-control-plane/internal/store/tenant.go:311.25,313.3 1 1
github.com/operan/modules/01-tenant-control-plane/internal/store/tenant.go:314.2,314.10 1 1
github.com/operan/modules/01-tenant-control-plane/internal/store/tenant.go:317.40,319.2 1 1
