mode: set
github.com/operan/modules/05-department-template-engine/internal/events/events.go:28.123,31.2 2 1
github.com/operan/modules/05-department-template-engine/internal/events/events.go:33.35,35.2 1 1
github.com/operan/modules/05-department-template-engine/internal/events/events.go:45.32,47.2 1 1
github.com/operan/modules/05-department-template-engine/internal/events/events.go:50.55,52.2 1 1
github.com/operan/modules/05-department-template-engine/internal/events/events.go:55.46,57.2 1 1
github.com/operan/modules/05-department-template-engine/internal/events/events.go:60.35,61.21 1 1
github.com/operan/modules/05-department-template-engine/internal/events/events.go:61.21,63.3 1 1
github.com/operan/modules/05-department-template-engine/internal/events/events.go:64.2,64.12 1 0
github.com/operan/modules/05-department-template-engine/internal/events/events.go:67.62,68.21 1 1
github.com/operan/modules/05-department-template-engine/internal/events/events.go:68.21,70.3 1 0
github.com/operan/modules/05-department-template-engine/internal/events/events.go:71.2,71.70 1 1
github.com/operan/modules/05-department-template-engine/internal/events/events.go:194.82,196.16 2 1
github.com/operan/modules/05-department-template-engine/internal/events/events.go:196.16,198.3 1 0
github.com/operan/modules/05-department-template-engine/internal/events/events.go:199.2,199.50 1 1
github.com/operan/modules/05-department-template-engine/internal/events/events.go:203.82,205.16 2 1
github.com/operan/modules/05-department-template-engine/internal/events/events.go:205.16,207.3 1 0
github.com/operan/modules/05-department-template-engine/internal/events/events.go:208.2,208.50 1 1
github.com/operan/modules/05-department-template-engine/internal/events/events.go:212.84,214.16 2 1
github.com/operan/modules/05-department-template-engine/internal/events/events.go:214.16,216.3 1 0
github.com/operan/modules/05-department-template-engine/internal/events/events.go:217.2,217.51 1 1
github.com/operan/modules/05-department-template-engine/internal/events/events.go:221.100,223.16 2 1
github.com/operan/modules/05-department-template-engine/internal/events/events.go:223.16,225.3 1 0
github.com/operan/modules/05-department-template-engine/internal/events/events.go:226.2,226.60 1 1
github.com/operan/modules/05-department-template-engine/internal/events/events.go:230.88,232.16 2 1
github.com/operan/modules/05-department-template-engine/internal/events/events.go:232.16,234.3 1 0
github.com/operan/modules/05-department-template-engine/internal/events/events.go:235.2,235.53 1 1
github.com/operan/modules/05-department-template-engine/internal/events/events.go:239.82,241.16 2 1
github.com/operan/modules/05-department-template-engine/internal/events/events.go:241.16,243.3 1 0
github.com/operan/modules/05-department-template-engine/internal/events/events.go:244.2,244.50 1 1
github.com/operan/modules/05-department-template-engine/internal/events/events.go:248.86,250.16 2 1
github.com/operan/modules/05-department-template-engine/internal/events/events.go:250.16,252.3 1 0
github.com/operan/modules/05-department-template-engine/internal/events/events.go:253.2,253.52 1 1
github.com/operan/modules/05-department-template-engine/internal/events/events.go:257.80,259.16 2 1
github.com/operan/modules/05-department-template-engine/internal/events/events.go:259.16,261.3 1 0
github.com/operan/modules/05-department-template-engine/internal/events/events.go:262.2,262.49 1 1
github.com/operan/modules/05-department-template-engine/internal/store/custom_templates.go:16.52,20.2 1 1
github.com/operan/modules/05-department-template-engine/internal/store/custom_templates.go:23.83,27.17 3 1
github.com/operan/modules/05-department-template-engine/internal/store/custom_templates.go:27.17,29.3 1 1
github.com/operan/modules/05-department-template-engine/internal/store/custom_templates.go:30.2,32.21 3 1
github.com/operan/modules/05-department-template-engine/internal/store/custom_templates.go:32.21,34.3 1 1
github.com/operan/modules/05-department-template-engine/internal/store/custom_templates.go:35.2,35.23 1 1
github.com/operan/modules/05-department-template-engine/internal/store/custom_templates.go:35.23,37.3 1 0
github.com/operan/modules/05-department-template-engine/internal/store/custom_templates.go:39.2,40.16 2 1
github.com/operan/modules/05-department-template-engine/internal/store/custom_templates.go:44.75,49.9 4 1
github.com/operan/modules/05-department-template-engine/internal/store/custom_templates.go:49.9,51.3 1 1
github.com/operan/modules/05-department-template-engine/internal/store/custom_templates.go:52.2,53.23 2 1
github.com/operan/modules/05-department-template-engine/internal/store/custom_templates.go:53.23,55.32 2 1
github.com/operan/modules/05-department-template-engine/internal/store/custom_templates.go:55.32,57.4 1 1
github.com/operan/modules/05-department-template-engine/internal/store/custom_templates.go:59.2,59.17 1 1
github.com/operan/modules/05-department-template-engine/internal/store/custom_templates.go:63.127,68.33 4 1
github.com/operan/modules/05-department-template-engine/internal/store/custom_templates.go:68.33,70.3 1 1
github.com/operan/modules/05-department-template-engine/internal/store/custom_templates.go:72.2,72.52 1 1
github.com/operan/modules/05-department-template-engine/internal/store/custom_templates.go:72.52,74.26 2 0
github.com/operan/modules/05-department-template-engine/internal/store/custom_templates.go:74.26,75.38 1 0
github.com/operan/modules/05-department-template-engine/internal/store/custom_templates.go:75.38,77.5 1 0
github.com/operan/modules/05-department-template-engine/internal/store/custom_templates.go:79.3,79.17 1 0
github.com/operan/modules/05-department-template-engine/internal/store/custom_templates.go:82.2,87.17 5 1
github.com/operan/modules/05-department-template-engine/internal/store/custom_templates.go:87.17,89.3 1 1
github.com/operan/modules/05-department-template-engine/internal/store/custom_templates.go:90.2,90.17 1 1
github.com/operan/modules/05-department-template-engine/internal/store/custom_templates.go:90.17,92.3 1 0
github.com/operan/modules/05-department-template-engine/internal/store/custom_templates.go:94.2,95.31 2 1
github.com/operan/modules/05-department-template-engine/internal/store/custom_templates.go:95.31,97.28 2 1
github.com/operan/modules/05-department-template-engine/internal/store/custom_templates.go:97.28,99.37 2 1
github.com/operan/modules/05-department-template-engine/internal/store/custom_templates.go:99.37,101.5 1 1
github.com/operan/modules/05-department-template-engine/internal/store/custom_templates.go:103.3,103.30 1 1
github.com/operan/modules/05-department-template-engine/internal/store/custom_templates.go:106.2,106.31 1 1
github.com/operan/modules/05-department-template-engine/internal/store/custom_templates.go:110.104,115.9 4 1
github.com/operan/modules/05-department-template-engine/internal/store/custom_templates.go:115.9,117.3 1 0
github.com/operan/modules/05-department-template-engine/internal/store/custom_templates.go:119.2,119.40 1 1
github.com/operan/modules/05-department-template-engine/internal/store/custom_templates.go:119.40,120.41 1 1
github.com/operan/modules/05-department-template-engine/internal/store/custom_templates.go:120.41,122.4 1 1
github.com/operan/modules/05-department-template-engine/internal/store/custom_templates.go:124.2,124.47 1 1
github.com/operan/modules/05-department-template-engine/internal/store/custom_templates.go:124.47,125.30 1 0
github.com/operan/modules/05-department-template-engine/internal/store/custom_templates.go:125.30,127.4 1 0
github.com/operan/modules/05-department-template-engine/internal/store/custom_templates.go:129.2,129.44 1 1
github.com/operan/modules/05-department-template-engine/internal/store/custom_templates.go:129.44,130.41 1 0
github.com/operan/modules/05-department-template-engine/internal/store/custom_templates.go:130.41,132.4 1 0
github.com/operan/modules/05-department-template-engine/internal/store/custom_templates.go:134.2,134.55 1 1
github.com/operan/modules/05-department-template-engine/internal/store/custom_templates.go:134.55,135.46 1 0
github.com/operan/modules/05-department-template-engine/internal/store/custom_templates.go:135.46,137.4 1 0
github.com/operan/modules/05-department-template-engine/internal/store/custom_templates.go:139.2,139.47 1 1
github.com/operan/modules/05-department-template-engine/internal/store/custom_templates.go:139.47,140.34 1 0
github.com/operan/modules/05-department-template-engine/internal/store/custom_templates.go:140.34,142.4 1 0
github.com/operan/modules/05-department-template-engine/internal/store/custom_templates.go:144.2,144.42 1 1
github.com/operan/modules/05-department-template-engine/internal/store/custom_templates.go:144.42,145.41 1 0
github.com/operan/modules/05-department-template-engine/internal/store/custom_templates.go:145.41,147.4 1 0
github.com/operan/modules/05-department-template-engine/internal/store/custom_templates.go:150.2,151.16 2 1
github.com/operan/modules/05-department-template-engine/internal/store/custom_templates.go:155.55,159.35 3 1
github.com/operan/modules/05-department-template-engine/internal/store/custom_templates.go:159.35,161.3 1 0
github.com/operan/modules/05-department-template-engine/internal/store/custom_templates.go:162.2,163.12 2 1
github.com/operan/modules/05-department-template-engine/internal/store/deployments.go:16.44,20.2 1 1
github.com/operan/modules/05-department-template-engine/internal/store/deployments.go:23.86,27.16 3 1
github.com/operan/modules/05-department-template-engine/internal/store/deployments.go:27.16,29.3 1 1
github.com/operan/modules/05-department-template-engine/internal/store/deployments.go:30.2,32.20 3 1
github.com/operan/modules/05-department-template-engine/internal/store/deployments.go:32.20,34.3 1 1
github.com/operan/modules/05-department-template-engine/internal/store/deployments.go:36.2,37.15 2 1
github.com/operan/modules/05-department-template-engine/internal/store/deployments.go:41.75,46.9 4 1
github.com/operan/modules/05-department-template-engine/internal/store/deployments.go:46.9,48.3 1 1
github.com/operan/modules/05-department-template-engine/internal/store/deployments.go:49.2,50.17 2 0
github.com/operan/modules/05-department-template-engine/internal/store/deployments.go:54.115,59.34 4 1
github.com/operan/modules/05-department-template-engine/internal/store/deployments.go:59.34,60.33 1 1
github.com/operan/modules/05-department-template-engine/internal/store/deployments.go:60.33,62.4 1 1
github.com/operan/modules/05-department-template-engine/internal/store/deployments.go:65.2,70.17 5 1
github.com/operan/modules/05-department-template-engine/internal/store/deployments.go:70.17,72.3 1 1
github.com/operan/modules/05-department-template-engine/internal/store/deployments.go:73.2,73.17 1 1
github.com/operan/modules/05-department-template-engine/internal/store/deployments.go:73.17,75.3 1 0
github.com/operan/modules/05-department-template-engine/internal/store/deployments.go:77.2,78.31 2 1
github.com/operan/modules/05-department-template-engine/internal/store/deployments.go:78.31,81.3 2 1
github.com/operan/modules/05-department-template-engine/internal/store/deployments.go:83.2,83.31 1 1
github.com/operan/modules/05-department-template-engine/internal/store/deployments.go:87.113,92.9 4 1
github.com/operan/modules/05-department-template-engine/internal/store/deployments.go:92.9,94.3 1 0
github.com/operan/modules/05-department-template-engine/internal/store/deployments.go:96.2,98.21 3 1
github.com/operan/modules/05-department-template-engine/internal/store/deployments.go:98.21,100.3 1 1
github.com/operan/modules/05-department-template-engine/internal/store/deployments.go:102.2,102.29 1 1
github.com/operan/modules/05-department-template-engine/internal/store/deployments.go:102.29,105.3 2 0
github.com/operan/modules/05-department-template-engine/internal/store/deployments.go:105.8,105.31 1 1
github.com/operan/modules/05-department-template-engine/internal/store/deployments.go:105.31,108.3 2 0
github.com/operan/modules/05-department-template-engine/internal/store/deployments.go:110.2,110.15 1 1
github.com/operan/modules/05-department-template-engine/internal/store/deployments.go:114.51,118.37 3 0
github.com/operan/modules/05-department-template-engine/internal/store/deployments.go:118.37,120.3 1 0
github.com/operan/modules/05-department-template-engine/internal/store/deployments.go:121.2,122.12 2 0
github.com/operan/modules/05-department-template-engine/internal/store/models.go:184.49,185.14 1 0
github.com/operan/modules/05-department-template-engine/internal/store/models.go:185.14,187.3 1 0
github.com/operan/modules/05-department-template-engine/internal/store/models.go:188.2,189.16 2 0
github.com/operan/modules/05-department-template-engine/internal/store/models.go:189.16,191.3 1 0
github.com/operan/modules/05-department-template-engine/internal/store/models.go:192.2,192.27 1 0
github.com/operan/modules/05-department-template-engine/internal/store/models.go:195.44,196.14 1 0
github.com/operan/modules/05-department-template-engine/internal/store/models.go:196.14,198.3 1 0
github.com/operan/modules/05-department-template-engine/internal/store/models.go:199.2,200.16 2 0
github.com/operan/modules/05-department-template-engine/internal/store/models.go:200.16,202.3 1 0
github.com/operan/modules/05-department-template-engine/internal/store/models.go:203.2,203.27 1 0
github.com/operan/modules/05-department-template-engine/internal/store/templates.go:17.40,21.2 1 1
github.com/operan/modules/05-department-template-engine/internal/store/templates.go:24.64,28.16 3 1
github.com/operan/modules/05-department-template-engine/internal/store/templates.go:28.16,30.3 1 1
github.com/operan/modules/05-department-template-engine/internal/store/templates.go:31.2,33.20 3 1
github.com/operan/modules/05-department-template-engine/internal/store/templates.go:33.20,35.3 1 1
github.com/operan/modules/05-department-template-engine/internal/store/templates.go:37.2,38.15 2 1
github.com/operan/modules/05-department-template-engine/internal/store/templates.go:42.63,47.9 4 1
github.com/operan/modules/05-department-template-engine/internal/store/templates.go:47.9,49.3 1 1
github.com/operan/modules/05-department-template-engine/internal/store/templates.go:51.2,52.17 2 1
github.com/operan/modules/05-department-template-engine/internal/store/templates.go:56.115,61.32 4 1
github.com/operan/modules/05-department-template-engine/internal/store/templates.go:61.32,65.3 1 1
github.com/operan/modules/05-department-template-engine/internal/store/templates.go:68.2,68.52 1 1
github.com/operan/modules/05-department-template-engine/internal/store/templates.go:68.52,70.25 2 1
github.com/operan/modules/05-department-template-engine/internal/store/templates.go:70.25,71.37 1 1
github.com/operan/modules/05-department-template-engine/internal/store/templates.go:71.37,73.5 1 1
github.com/operan/modules/05-department-template-engine/internal/store/templates.go:75.3,75.17 1 1
github.com/operan/modules/05-department-template-engine/internal/store/templates.go:78.2,83.17 5 1
github.com/operan/modules/05-department-template-engine/internal/store/templates.go:83.17,85.3 1 1
github.com/operan/modules/05-department-template-engine/internal/store/templates.go:86.2,86.17 1 1
github.com/operan/modules/05-department-template-engine/internal/store/templates.go:86.17,88.3 1 1
github.com/operan/modules/05-department-template-engine/internal/store/templates.go:90.2,91.31 2 1
github.com/operan/modules/05-department-template-engine/internal/store/templates.go:91.31,94.3 2 1
github.com/operan/modules/05-department-template-engine/internal/store/templates.go:96.2,96.31 1 1
github.com/operan/modules/05-department-template-engine/internal/store/templates.go:100.92,105.9 4 1
github.com/operan/modules/05-department-template-engine/internal/store/templates.go:105.9,107.3 1 0
github.com/operan/modules/05-department-template-engine/internal/store/templates.go:109.2,109.40 1 1
github.com/operan/modules/05-department-template-engine/internal/store/templates.go:109.40,110.41 1 1
github.com/operan/modules/05-department-template-engine/internal/store/templates.go:110.41,112.4 1 1
github.com/operan/modules/05-department-template-engine/internal/store/templates.go:114.2,114.47 1 1
github.com/operan/modules/05-department-template-engine/internal/store/templates.go:114.47,115.30 1 0
github.com/operan/modules/05-department-template-engine/internal/store/templates.go:115.30,117.4 1 0
github.com/operan/modules/05-department-template-engine/internal/store/templates.go:119.2,119.44 1 1
github.com/operan/modules/05-department-template-engine/internal/store/templates.go:119.44,120.41 1 0
github.com/operan/modules/05-department-template-engine/internal/store/templates.go:120.41,122.4 1 0
github.com/operan/modules/05-department-template-engine/internal/store/templates.go:124.2,124.43 1 1
github.com/operan/modules/05-department-template-engine/internal/store/templates.go:124.43,125.41 1 0
github.com/operan/modules/05-department-template-engine/internal/store/templates.go:125.41,127.4 1 0
github.com/operan/modules/05-department-template-engine/internal/store/templates.go:129.2,129.42 1 1
github.com/operan/modules/05-department-template-engine/internal/store/templates.go:129.42,130.41 1 0
github.com/operan/modules/05-department-template-engine/internal/store/templates.go:130.41,132.4 1 0
github.com/operan/modules/05-department-template-engine/internal/store/templates.go:134.2,134.40 1 1
github.com/operan/modules/05-department-template-engine/internal/store/templates.go:134.40,135.34 1 0
github.com/operan/modules/05-department-template-engine/internal/store/templates.go:135.34,137.4 1 0
github.com/operan/modules/05-department-template-engine/internal/store/templates.go:139.2,139.44 1 1
github.com/operan/modules/05-department-template-engine/internal/store/templates.go:139.44,140.46 1 0
github.com/operan/modules/05-department-template-engine/internal/store/templates.go:140.46,142.4 1 0
github.com/operan/modules/05-department-template-engine/internal/store/templates.go:144.2,144.42 1 1
github.com/operan/modules/05-department-template-engine/internal/store/templates.go:144.42,145.39 1 0
github.com/operan/modules/05-department-template-engine/internal/store/templates.go:145.39,149.4 2 0
github.com/operan/modules/05-department-template-engine/internal/store/templates.go:151.2,151.45 1 1
github.com/operan/modules/05-department-template-engine/internal/store/templates.go:151.45,152.39 1 0
github.com/operan/modules/05-department-template-engine/internal/store/templates.go:152.39,155.4 2 0
github.com/operan/modules/05-department-template-engine/internal/store/templates.go:157.2,157.63 1 1
github.com/operan/modules/05-department-template-engine/internal/store/templates.go:157.63,160.3 2 0
github.com/operan/modules/05-department-template-engine/internal/store/templates.go:161.2,161.52 1 1
github.com/operan/modules/05-department-template-engine/internal/store/templates.go:161.52,162.39 1 0
github.com/operan/modules/05-department-template-engine/internal/store/templates.go:162.39,165.4 2 0
github.com/operan/modules/05-department-template-engine/internal/store/templates.go:167.2,167.40 1 1
github.com/operan/modules/05-department-template-engine/internal/store/templates.go:167.40,168.39 1 0
github.com/operan/modules/05-department-template-engine/internal/store/templates.go:168.39,171.4 2 0
github.com/operan/modules/05-department-template-engine/internal/store/templates.go:173.2,173.48 1 1
github.com/operan/modules/05-department-template-engine/internal/store/templates.go:173.48,174.39 1 0
github.com/operan/modules/05-department-template-engine/internal/store/templates.go:174.39,177.4 2 0
github.com/operan/modules/05-department-template-engine/internal/store/templates.go:179.2,179.56 1 1
github.com/operan/modules/05-department-template-engine/internal/store/templates.go:179.56,180.39 1 0
github.com/operan/modules/05-department-template-engine/internal/store/templates.go:180.39,183.4 2 0
github.com/operan/modules/05-department-template-engine/internal/store/templates.go:186.2,187.15 2 1
github.com/operan/modules/05-department-template-engine/internal/store/templates.go:191.49,195.35 3 1
github.com/operan/modules/05-department-template-engine/internal/store/templates.go:195.35,197.3 1 1
github.com/operan/modules/05-department-template-engine/internal/store/templates.go:198.2,199.12 2 1
github.com/operan/modules/05-department-template-engine/internal/store/versions.go:17.38,22.2 1 1
github.com/operan/modules/05-department-template-engine/internal/store/versions.go:25.77,29.16 3 1
github.com/operan/modules/05-department-template-engine/internal/store/versions.go:29.16,31.3 1 1
github.com/operan/modules/05-department-template-engine/internal/store/versions.go:32.2,36.15 4 1
github.com/operan/modules/05-department-template-engine/internal/store/versions.go:40.69,45.9 4 1
github.com/operan/modules/05-department-template-engine/internal/store/versions.go:45.9,47.3 1 1
github.com/operan/modules/05-department-template-engine/internal/store/versions.go:48.2,50.33 3 0
github.com/operan/modules/05-department-template-engine/internal/store/versions.go:50.33,52.3 1 0
github.com/operan/modules/05-department-template-engine/internal/store/versions.go:53.2,53.17 1 0
github.com/operan/modules/05-department-template-engine/internal/store/versions.go:57.76,62.27 4 1
github.com/operan/modules/05-department-template-engine/internal/store/versions.go:62.27,64.3 1 1
github.com/operan/modules/05-department-template-engine/internal/store/versions.go:66.2,67.25 2 1
github.com/operan/modules/05-department-template-engine/internal/store/versions.go:67.25,70.34 3 1
github.com/operan/modules/05-department-template-engine/internal/store/versions.go:70.34,72.4 1 0
github.com/operan/modules/05-department-template-engine/internal/store/versions.go:73.3,73.30 1 1
github.com/operan/modules/05-department-template-engine/internal/store/versions.go:75.2,75.15 1 1
github.com/operan/modules/05-department-template-engine/internal/store/versions.go:79.91,84.9 4 1
github.com/operan/modules/05-department-template-engine/internal/store/versions.go:84.9,86.3 1 0
github.com/operan/modules/05-department-template-engine/internal/store/versions.go:88.2,88.25 1 1
github.com/operan/modules/05-department-template-engine/internal/store/versions.go:88.25,89.27 1 1
github.com/operan/modules/05-department-template-engine/internal/store/versions.go:89.27,92.35 3 1
github.com/operan/modules/05-department-template-engine/internal/store/versions.go:92.35,94.5 1 0
github.com/operan/modules/05-department-template-engine/internal/store/versions.go:95.4,95.19 1 1
github.com/operan/modules/05-department-template-engine/internal/store/versions.go:99.2,99.25 1 1
github.com/operan/modules/05-department-template-engine/internal/store/versions.go:103.134,105.33 2 1
github.com/operan/modules/05-department-template-engine/internal/store/versions.go:105.33,107.3 1 1
github.com/operan/modules/05-department-template-engine/internal/store/versions.go:109.2,115.20 2 1
github.com/operan/modules/05-department-template-engine/internal/config/config.go:29.27,49.2 1 1
github.com/operan/modules/05-department-template-engine/internal/config/config.go:51.39,52.34 1 1
github.com/operan/modules/05-department-template-engine/internal/config/config.go:52.34,54.3 1 1
github.com/operan/modules/05-department-template-engine/internal/config/config.go:55.2,55.17 1 1
github.com/operan/modules/05-department-template-engine/internal/config/config.go:58.43,59.34 1 1
github.com/operan/modules/05-department-template-engine/internal/config/config.go:59.34,60.44 1 1
github.com/operan/modules/05-department-template-engine/internal/config/config.go:60.44,62.4 1 1
github.com/operan/modules/05-department-template-engine/internal/config/config.go:64.2,64.17 1 1
github.com/operan/modules/05-department-template-engine/internal/config/config.go:67.35,68.46 1 1
github.com/operan/modules/05-department-template-engine/internal/config/config.go:68.46,70.3 1 1
github.com/operan/modules/05-department-template-engine/internal/config/config.go:71.2,71.12 1 1
github.com/operan/modules/05-department-template-engine/internal/middleware/middleware.go:27.61,28.71 1 1
github.com/operan/modules/05-department-template-engine/internal/middleware/middleware.go:28.71,30.23 2 1
github.com/operan/modules/05-department-template-engine/internal/middleware/middleware.go:30.23,40.4 2 1
github.com/operan/modules/05-department-template-engine/internal/middleware/middleware.go:41.3,41.48 1 1
github.com/operan/modules/05-department-template-engine/internal/middleware/middleware.go:41.48,51.4 2 1
github.com/operan/modules/05-department-template-engine/internal/middleware/middleware.go:52.3,55.17 3 1
github.com/operan/modules/05-department-template-engine/internal/middleware/middleware.go:55.17,65.4 2 1
github.com/operan/modules/05-department-template-engine/internal/middleware/middleware.go:67.3,68.44 2 1
github.com/operan/modules/05-department-template-engine/internal/middleware/middleware.go:68.44,70.4 1 1
github.com/operan/modules/05-department-template-engine/internal/middleware/middleware.go:71.3,71.55 1 1
github.com/operan/modules/05-department-template-engine/internal/middleware/middleware.go:71.55,73.28 2 1
github.com/operan/modules/05-department-template-engine/internal/middleware/middleware.go:73.28,74.33 1 1
github.com/operan/modules/05-department-template-engine/internal/middleware/middleware.go:74.33,76.6 1 1
github.com/operan/modules/05-department-template-engine/internal/middleware/middleware.go:78.4,78.64 1 1
github.com/operan/modules/05-department-template-engine/internal/middleware/middleware.go:80.3,82.23 2 1
github.com/operan/modules/05-department-template-engine/internal/middleware/middleware.go:86.75,88.21 2 1
github.com/operan/modules/05-department-template-engine/internal/middleware/middleware.go:88.21,90.3 1 1
github.com/operan/modules/05-department-template-engine/internal/middleware/middleware.go:92.2,94.43 3 1
github.com/operan/modules/05-department-template-engine/internal/middleware/middleware.go:94.43,96.3 1 1
github.com/operan/modules/05-department-template-engine/internal/middleware/middleware.go:98.2,99.16 2 1
github.com/operan/modules/05-department-template-engine/internal/middleware/middleware.go:99.16,101.3 1 0
github.com/operan/modules/05-department-template-engine/internal/middleware/middleware.go:103.2,104.57 2 1
github.com/operan/modules/05-department-template-engine/internal/middleware/middleware.go:104.57,106.3 1 0
github.com/operan/modules/05-department-template-engine/internal/middleware/middleware.go:108.2,108.44 1 1
github.com/operan/modules/05-department-template-engine/internal/middleware/middleware.go:108.44,109.43 1 0
github.com/operan/modules/05-department-template-engine/internal/middleware/middleware.go:109.43,111.4 1 0
github.com/operan/modules/05-department-template-engine/internal/middleware/middleware.go:114.2,114.20 1 1
github.com/operan/modules/05-department-template-engine/internal/middleware/middleware.go:117.46,120.2 2 1
github.com/operan/modules/05-department-template-engine/internal/middleware/middleware.go:122.48,124.16 2 1
github.com/operan/modules/05-department-template-engine/internal/middleware/middleware.go:124.16,126.3 1 0
github.com/operan/modules/05-department-template-engine/internal/middleware/middleware.go:127.2,127.17 1 1
github.com/operan/modules/05-department-template-engine/internal/middleware/middleware.go:130.42,136.2 5 1
github.com/operan/modules/05-department-template-engine/internal/middleware/middleware.go:138.38,140.2 1 1
github.com/operan/modules/05-department-template-engine/internal/middleware/middleware.go:145.48,146.71 1 1
github.com/operan/modules/05-department-template-engine/internal/middleware/middleware.go:146.71,151.3 4 1
github.com/operan/modules/05-department-template-engine/internal/middleware/middleware.go:155.46,156.71 1 1
github.com/operan/modules/05-department-template-engine/internal/middleware/middleware.go:156.71,158.20 2 1
github.com/operan/modules/05-department-template-engine/internal/middleware/middleware.go:158.20,160.4 1 1
github.com/operan/modules/05-department-template-engine/internal/middleware/middleware.go:161.3,163.40 3 1
github.com/operan/modules/05-department-template-engine/internal/middleware/middleware.go:169.52,170.71 1 1
github.com/operan/modules/05-department-template-engine/internal/middleware/middleware.go:170.71,172.21 2 1
github.com/operan/modules/05-department-template-engine/internal/middleware/middleware.go:172.21,182.4 2 1
github.com/operan/modules/05-department-template-engine/internal/middleware/middleware.go:183.3,184.40 2 1
github.com/operan/modules/05-department-template-engine/internal/middleware/middleware.go:189.45,190.71 1 1
github.com/operan/modules/05-department-template-engine/internal/middleware/middleware.go:190.71,200.3 8 1
github.com/operan/modules/05-department-template-engine/internal/middleware/middleware.go:208.56,211.2 2 1
github.com/operan/modules/05-department-template-engine/internal/middleware/middleware.go:216.55,218.2 1 1
github.com/operan/modules/05-department-template-engine/internal/middleware/middleware.go:221.54,223.2 1 1
github.com/operan/modules/05-department-template-engine/internal/middleware/middleware.go:226.52,228.2 1 1
github.com/operan/modules/05-department-template-engine/internal/middleware/middleware.go:231.57,233.2 1 1
github.com/operan/modules/05-department-template-engine/internal/middleware/middleware.go:235.43,237.14 2 1
github.com/operan/modules/05-department-template-engine/internal/middleware/middleware.go:237.14,239.3 1 1
github.com/operan/modules/05-department-template-engine/internal/middleware/middleware.go:240.2,240.19 1 0
github.com/operan/modules/05-department-template-engine/internal/middleware/middleware.go:243.66,247.2 3 1
github.com/operan/modules/05-department-template-engine/internal/middleware/middleware.go:249.26,253.2 3 1
github.com/operan/modules/05-department-template-engine/internal/middleware/middleware.go:255.42,259.2 3 1
github.com/operan/modules/05-department-template-engine/internal/middleware/middleware.go:261.39,263.2 1 1
github.com/operan/modules/05-department-template-engine/main.go:20.13,23.39 2 0
github.com/operan/modules/05-department-template-engine/main.go:23.39,25.3 1 0
github.com/operan/modules/05-department-template-engine/main.go:28.2,61.77 16 0
github.com/operan/modules/05-department-template-engine/main.go:61.77,65.3 3 0
github.com/operan/modules/05-department-template-engine/main.go:67.2,68.81 2 0
github.com/operan/modules/05-department-template-engine/main.go:68.81,70.3 1 0
github.com/operan/modules/05-department-template-engine/internal/ctxkeys/ctxkeys.go:24.47,26.14 2 0
github.com/operan/modules/05-department-template-engine/internal/ctxkeys/ctxkeys.go:26.14,28.3 1 0
github.com/operan/modules/05-department-template-engine/internal/ctxkeys/ctxkeys.go:29.2,29.19 1 0
github.com/operan/modules/05-department-template-engine/internal/ctxkeys/ctxkeys.go:33.45,35.14 2 0
github.com/operan/modules/05-department-template-engine/internal/ctxkeys/ctxkeys.go:35.14,37.3 1 0
github.com/operan/modules/05-department-template-engine/internal/ctxkeys/ctxkeys.go:38.2,38.19 1 0
github.com/operan/modules/05-department-template-engine/internal/ctxkeys/ctxkeys.go:42.50,44.14 2 0
github.com/operan/modules/05-department-template-engine/internal/ctxkeys/ctxkeys.go:44.14,46.3 1 0
github.com/operan/modules/05-department-template-engine/internal/ctxkeys/ctxkeys.go:47.2,48.9 2 0
github.com/operan/modules/05-department-template-engine/internal/ctxkeys/ctxkeys.go:48.9,50.3 1 0
github.com/operan/modules/05-department-template-engine/internal/ctxkeys/ctxkeys.go:51.2,51.14 1 0
github.com/operan/modules/05-department-template-engine/internal/ctxkeys/ctxkeys.go:55.46,57.14 2 0
github.com/operan/modules/05-department-template-engine/internal/ctxkeys/ctxkeys.go:57.14,59.3 1 0
github.com/operan/modules/05-department-template-engine/internal/ctxkeys/ctxkeys.go:60.2,60.19 1 0
github.com/operan/modules/05-department-template-engine/internal/ctxkeys/ctxkeys.go:64.48,66.14 2 0
github.com/operan/modules/05-department-template-engine/internal/ctxkeys/ctxkeys.go:66.14,68.3 1 0
github.com/operan/modules/05-department-template-engine/internal/ctxkeys/ctxkeys.go:69.2,69.19 1 0
github.com/operan/modules/05-department-template-engine/internal/ctxkeys/ctxkeys.go:73.67,75.2 1 0
github.com/operan/modules/05-department-template-engine/internal/ctxkeys/ctxkeys.go:78.65,80.2 1 0
github.com/operan/modules/05-department-template-engine/internal/ctxkeys/ctxkeys.go:83.73,85.2 1 0
github.com/operan/modules/05-department-template-engine/internal/ctxkeys/ctxkeys.go:88.66,90.2 1 0
github.com/operan/modules/05-department-template-engine/internal/ctxkeys/ctxkeys.go:93.68,95.2 1 0
github.com/operan/modules/05-department-template-engine/internal/handlers/custom_templates.go:13.89,17.16 3 1
github.com/operan/modules/05-department-template-engine/internal/handlers/custom_templates.go:17.16,21.3 2 0
github.com/operan/modules/05-department-template-engine/internal/handlers/custom_templates.go:22.2,25.51 3 1
github.com/operan/modules/05-department-template-engine/internal/handlers/custom_templates.go:25.51,29.3 2 0
github.com/operan/modules/05-department-template-engine/internal/handlers/custom_templates.go:31.2,31.20 1 1
github.com/operan/modules/05-department-template-engine/internal/handlers/custom_templates.go:31.20,35.3 2 0
github.com/operan/modules/05-department-template-engine/internal/handlers/custom_templates.go:37.2,50.16 3 1
github.com/operan/modules/05-department-template-engine/internal/handlers/custom_templates.go:50.16,54.3 2 0
github.com/operan/modules/05-department-template-engine/internal/handlers/custom_templates.go:56.2,56.69 1 1
github.com/operan/modules/05-department-template-engine/internal/handlers/custom_templates.go:60.88,63.45 3 1
github.com/operan/modules/05-department-template-engine/internal/handlers/custom_templates.go:63.45,64.48 1 0
github.com/operan/modules/05-department-template-engine/internal/handlers/custom_templates.go:64.48,66.4 1 0
github.com/operan/modules/05-department-template-engine/internal/handlers/custom_templates.go:68.2,68.52 1 1
github.com/operan/modules/05-department-template-engine/internal/handlers/custom_templates.go:68.52,69.49 1 0
github.com/operan/modules/05-department-template-engine/internal/handlers/custom_templates.go:69.49,71.4 1 0
github.com/operan/modules/05-department-template-engine/internal/handlers/custom_templates.go:73.2,73.30 1 1
github.com/operan/modules/05-department-template-engine/internal/handlers/custom_templates.go:73.30,75.3 1 0
github.com/operan/modules/05-department-template-engine/internal/handlers/custom_templates.go:77.2,78.53 2 1
github.com/operan/modules/05-department-template-engine/internal/handlers/custom_templates.go:78.53,80.3 1 0
github.com/operan/modules/05-department-template-engine/internal/handlers/custom_templates.go:82.2,92.4 2 1
github.com/operan/modules/05-department-template-engine/internal/handlers/custom_templates.go:96.86,100.14 3 1
github.com/operan/modules/05-department-template-engine/internal/handlers/custom_templates.go:100.14,104.3 2 0
github.com/operan/modules/05-department-template-engine/internal/handlers/custom_templates.go:106.2,107.16 2 1
github.com/operan/modules/05-department-template-engine/internal/handlers/custom_templates.go:107.16,111.3 2 1
github.com/operan/modules/05-department-template-engine/internal/handlers/custom_templates.go:113.2,113.59 1 1
github.com/operan/modules/05-department-template-engine/internal/handlers/custom_templates.go:117.89,121.14 3 1
github.com/operan/modules/05-department-template-engine/internal/handlers/custom_templates.go:121.14,125.3 2 0
github.com/operan/modules/05-department-template-engine/internal/handlers/custom_templates.go:127.2,128.16 2 1
github.com/operan/modules/05-department-template-engine/internal/handlers/custom_templates.go:128.16,132.3 2 0
github.com/operan/modules/05-department-template-engine/internal/handlers/custom_templates.go:134.2,138.53 4 1
github.com/operan/modules/05-department-template-engine/internal/handlers/custom_templates.go:138.53,142.3 2 0
github.com/operan/modules/05-department-template-engine/internal/handlers/custom_templates.go:144.2,145.16 2 1
github.com/operan/modules/05-department-template-engine/internal/handlers/custom_templates.go:145.16,149.3 2 0
github.com/operan/modules/05-department-template-engine/internal/handlers/custom_templates.go:151.2,151.64 1 1
github.com/operan/modules/05-department-template-engine/internal/handlers/custom_templates.go:155.89,159.14 3 1
github.com/operan/modules/05-department-template-engine/internal/handlers/custom_templates.go:159.14,163.3 2 0
github.com/operan/modules/05-department-template-engine/internal/handlers/custom_templates.go:165.2,165.57 1 1
github.com/operan/modules/05-department-template-engine/internal/handlers/custom_templates.go:165.57,169.3 2 0
github.com/operan/modules/05-department-template-engine/internal/handlers/custom_templates.go:171.2,171.37 1 1
github.com/operan/modules/05-department-template-engine/internal/handlers/helpers.go:15.66,19.2 3 1
github.com/operan/modules/05-department-template-engine/internal/handlers/helpers.go:22.96,33.2 3 1
github.com/operan/modules/05-department-template-engine/internal/handlers/helpers.go:37.70,49.24 2 1
github.com/operan/modules/05-department-template-engine/internal/handlers/helpers.go:49.24,51.3 1 0
github.com/operan/modules/05-department-template-engine/internal/handlers/helpers.go:52.2,52.27 1 1
github.com/operan/modules/05-department-template-engine/internal/handlers/helpers.go:52.27,54.3 1 0
github.com/operan/modules/05-department-template-engine/internal/handlers/helpers.go:55.2,55.32 1 1
github.com/operan/modules/05-department-template-engine/internal/handlers/helpers.go:55.32,57.3 1 0
github.com/operan/modules/05-department-template-engine/internal/handlers/helpers.go:58.2,58.33 1 1
github.com/operan/modules/05-department-template-engine/internal/handlers/helpers.go:58.33,60.3 1 0
github.com/operan/modules/05-department-template-engine/internal/handlers/helpers.go:61.2,61.22 1 1
github.com/operan/modules/05-department-template-engine/internal/handlers/helpers.go:61.22,63.3 1 0
github.com/operan/modules/05-department-template-engine/internal/handlers/helpers.go:64.2,64.30 1 1
github.com/operan/modules/05-department-template-engine/internal/handlers/helpers.go:64.30,66.3 1 0
github.com/operan/modules/05-department-template-engine/internal/handlers/helpers.go:67.2,67.37 1 1
github.com/operan/modules/05-department-template-engine/internal/handlers/helpers.go:67.37,69.3 1 0
github.com/operan/modules/05-department-template-engine/internal/handlers/helpers.go:70.2,70.26 1 1
github.com/operan/modules/05-department-template-engine/internal/handlers/helpers.go:70.26,72.3 1 0
github.com/operan/modules/05-department-template-engine/internal/handlers/helpers.go:73.2,73.22 1 1
github.com/operan/modules/05-department-template-engine/internal/handlers/helpers.go:73.22,75.3 1 0
github.com/operan/modules/05-department-template-engine/internal/handlers/helpers.go:76.2,76.13 1 1
github.com/operan/modules/05-department-template-engine/internal/handlers/helpers.go:79.71,81.30 2 1
github.com/operan/modules/05-department-template-engine/internal/handlers/helpers.go:81.30,96.20 2 1
github.com/operan/modules/05-department-template-engine/internal/handlers/helpers.go:96.20,98.4 1 0
github.com/operan/modules/05-department-template-engine/internal/handlers/helpers.go:99.3,99.32 1 1
github.com/operan/modules/05-department-template-engine/internal/handlers/helpers.go:101.2,101.15 1 1
github.com/operan/modules/05-department-template-engine/internal/handlers/helpers.go:104.80,118.2 1 1
github.com/operan/modules/05-department-template-engine/internal/handlers/helpers.go:120.83,122.31 2 1
github.com/operan/modules/05-department-template-engine/internal/handlers/helpers.go:122.31,135.3 2 1
github.com/operan/modules/05-department-template-engine/internal/handlers/helpers.go:136.2,136.15 1 1
github.com/operan/modules/05-department-template-engine/internal/handlers/helpers.go:139.79,150.28 2 1
github.com/operan/modules/05-department-template-engine/internal/handlers/helpers.go:150.28,152.3 1 0
github.com/operan/modules/05-department-template-engine/internal/handlers/helpers.go:153.2,153.34 1 1
github.com/operan/modules/05-department-template-engine/internal/handlers/helpers.go:153.34,155.3 1 0
github.com/operan/modules/05-department-template-engine/internal/handlers/helpers.go:156.2,156.24 1 1
github.com/operan/modules/05-department-template-engine/internal/handlers/helpers.go:156.24,158.3 1 1
github.com/operan/modules/05-department-template-engine/internal/handlers/helpers.go:159.2,159.26 1 1
github.com/operan/modules/05-department-template-engine/internal/handlers/helpers.go:159.26,161.3 1 0
github.com/operan/modules/05-department-template-engine/internal/handlers/helpers.go:162.2,162.26 1 1
github.com/operan/modules/05-department-template-engine/internal/handlers/helpers.go:162.26,164.3 1 0
github.com/operan/modules/05-department-template-engine/internal/handlers/helpers.go:165.2,165.13 1 1
github.com/operan/modules/05-department-template-engine/internal/handlers/helpers.go:168.85,170.32 2 0
github.com/operan/modules/05-department-template-engine/internal/handlers/helpers.go:170.32,182.3 2 0
github.com/operan/modules/05-department-template-engine/internal/handlers/helpers.go:183.2,183.15 1 0
github.com/operan/modules/05-department-template-engine/internal/handlers/helpers.go:190.52,191.38 1 1
github.com/operan/modules/05-department-template-engine/internal/handlers/helpers.go:191.38,193.3 1 0
github.com/operan/modules/05-department-template-engine/internal/handlers/helpers.go:194.2,197.11 3 1
github.com/operan/modules/05-department-template-engine/internal/handlers/helpers.go:204.58,207.48 2 1
github.com/operan/modules/05-department-template-engine/internal/handlers/helpers.go:207.48,209.3 1 1
github.com/operan/modules/05-department-template-engine/internal/handlers/helpers.go:210.2,210.11 1 0
github.com/operan/modules/05-department-template-engine/internal/handlers/helpers.go:214.46,216.26 2 0
github.com/operan/modules/05-department-template-engine/internal/handlers/helpers.go:216.26,218.3 1 0
github.com/operan/modules/05-department-template-engine/internal/handlers/helpers.go:219.2,219.15 1 0
github.com/operan/modules/05-department-template-engine/internal/handlers/nested.go:23.89,28.22 3 1
github.com/operan/modules/05-department-template-engine/internal/handlers/nested.go:28.22,32.3 2 0
github.com/operan/modules/05-department-template-engine/internal/handlers/nested.go:35.2,36.16 2 1
github.com/operan/modules/05-department-template-engine/internal/handlers/nested.go:36.16,40.3 2 1
github.com/operan/modules/05-department-template-engine/internal/handlers/nested.go:43.2,45.18 2 1
github.com/operan/modules/05-department-template-engine/internal/handlers/nested.go:46.23,47.20 1 1
github.com/operan/modules/05-department-template-engine/internal/handlers/nested.go:48.17,49.31 1 1
github.com/operan/modules/05-department-template-engine/internal/handlers/nested.go:50.16,51.30 1 1
github.com/operan/modules/05-department-template-engine/internal/handlers/nested.go:52.11,54.44 1 0
github.com/operan/modules/05-department-template-engine/internal/handlers/nested.go:57.22,58.10 1 1
github.com/operan/modules/05-department-template-engine/internal/handlers/nested.go:59.35,60.40 1 0
github.com/operan/modules/05-department-template-engine/internal/handlers/nested.go:61.32,62.37 1 1
github.com/operan/modules/05-department-template-engine/internal/handlers/nested.go:63.53,65.64 2 0
github.com/operan/modules/05-department-template-engine/internal/handlers/nested.go:66.50,68.58 2 1
github.com/operan/modules/05-department-template-engine/internal/handlers/nested.go:69.11,71.44 1 0
github.com/operan/modules/05-department-template-engine/internal/handlers/nested.go:74.24,75.51 1 0
github.com/operan/modules/05-department-template-engine/internal/handlers/nested.go:75.51,78.4 2 0
github.com/operan/modules/05-department-template-engine/internal/handlers/nested.go:80.10,82.44 1 0
github.com/operan/modules/05-department-template-engine/internal/handlers/nested.go:86.95,88.16 2 1
github.com/operan/modules/05-department-template-engine/internal/handlers/nested.go:88.16,92.3 2 0
github.com/operan/modules/05-department-template-engine/internal/handlers/nested.go:93.2,96.51 3 1
github.com/operan/modules/05-department-template-engine/internal/handlers/nested.go:96.51,100.3 2 0
github.com/operan/modules/05-department-template-engine/internal/handlers/nested.go:102.2,102.27 1 1
github.com/operan/modules/05-department-template-engine/internal/handlers/nested.go:102.27,106.3 2 1
github.com/operan/modules/05-department-template-engine/internal/handlers/nested.go:108.2,124.16 5 1
github.com/operan/modules/05-department-template-engine/internal/handlers/nested.go:124.16,128.3 2 0
github.com/operan/modules/05-department-template-engine/internal/handlers/nested.go:130.2,142.65 2 1
github.com/operan/modules/05-department-template-engine/internal/handlers/nested.go:145.94,160.16 7 1
github.com/operan/modules/05-department-template-engine/internal/handlers/nested.go:160.16,164.3 2 0
github.com/operan/modules/05-department-template-engine/internal/handlers/nested.go:166.2,185.16 3 1
github.com/operan/modules/05-department-template-engine/internal/handlers/nested.go:185.16,189.3 2 0
github.com/operan/modules/05-department-template-engine/internal/handlers/nested.go:191.2,202.63 2 1
github.com/operan/modules/05-department-template-engine/internal/handlers/nested.go:205.104,210.45 4 0
github.com/operan/modules/05-department-template-engine/internal/handlers/nested.go:210.45,211.48 1 0
github.com/operan/modules/05-department-template-engine/internal/handlers/nested.go:211.48,213.4 1 0
github.com/operan/modules/05-department-template-engine/internal/handlers/nested.go:216.2,226.4 2 0
github.com/operan/modules/05-department-template-engine/internal/handlers/nested.go:229.128,230.24 1 0
github.com/operan/modules/05-department-template-engine/internal/handlers/nested.go:230.24,234.3 2 0
github.com/operan/modules/05-department-template-engine/internal/handlers/nested.go:236.2,237.16 2 0
github.com/operan/modules/05-department-template-engine/internal/handlers/nested.go:237.16,241.3 2 0
github.com/operan/modules/05-department-template-engine/internal/handlers/nested.go:243.2,243.63 1 0
github.com/operan/modules/05-department-template-engine/internal/handlers/nested.go:246.131,247.24 1 0
github.com/operan/modules/05-department-template-engine/internal/handlers/nested.go:247.24,251.3 2 0
github.com/operan/modules/05-department-template-engine/internal/handlers/nested.go:253.2,257.53 4 0
github.com/operan/modules/05-department-template-engine/internal/handlers/nested.go:257.53,261.3 2 0
github.com/operan/modules/05-department-template-engine/internal/handlers/nested.go:263.2,263.39 1 0
github.com/operan/modules/05-department-template-engine/internal/handlers/nested.go:263.39,264.43 1 0
github.com/operan/modules/05-department-template-engine/internal/handlers/nested.go:264.43,266.18 2 0
github.com/operan/modules/05-department-template-engine/internal/handlers/nested.go:266.18,270.5 2 0
github.com/operan/modules/05-department-template-engine/internal/handlers/nested.go:272.4,273.56 2 0
github.com/operan/modules/05-department-template-engine/internal/handlers/nested.go:273.56,274.37 1 0
github.com/operan/modules/05-department-template-engine/internal/handlers/nested.go:274.37,276.6 1 0
github.com/operan/modules/05-department-template-engine/internal/handlers/nested.go:279.4,279.29 1 0
github.com/operan/modules/05-department-template-engine/internal/handlers/nested.go:279.29,293.5 3 0
github.com/operan/modules/05-department-template-engine/internal/handlers/nested.go:293.10,293.41 1 0
github.com/operan/modules/05-department-template-engine/internal/handlers/nested.go:293.41,305.5 1 0
github.com/operan/modules/05-department-template-engine/internal/handlers/nested.go:307.4,308.10 2 0
github.com/operan/modules/05-department-template-engine/internal/handlers/nested.go:312.2,313.16 2 0
github.com/operan/modules/05-department-template-engine/internal/handlers/nested.go:313.16,317.3 2 0
github.com/operan/modules/05-department-template-engine/internal/handlers/nested.go:319.2,319.60 1 0
github.com/operan/modules/05-department-template-engine/internal/handlers/nested.go:322.101,335.2 3 1
github.com/operan/modules/05-department-template-engine/internal/handlers/nested.go:337.122,338.21 1 1
github.com/operan/modules/05-department-template-engine/internal/handlers/nested.go:338.21,342.3 2 0
github.com/operan/modules/05-department-template-engine/internal/handlers/nested.go:344.2,345.16 2 1
github.com/operan/modules/05-department-template-engine/internal/handlers/nested.go:345.16,349.3 2 0
github.com/operan/modules/05-department-template-engine/internal/handlers/nested.go:351.2,357.4 1 1
github.com/operan/modules/05-department-template-engine/internal/handlers/router.go:8.62,26.2 11 0
github.com/operan/modules/05-department-template-engine/internal/handlers/templates.go:40.65,42.27 2 1
github.com/operan/modules/05-department-template-engine/internal/handlers/templates.go:42.27,43.57 1 1
github.com/operan/modules/05-department-template-engine/internal/handlers/templates.go:43.57,45.4 1 1
github.com/operan/modules/05-department-template-engine/internal/handlers/templates.go:47.2,47.22 1 1
github.com/operan/modules/05-department-template-engine/internal/handlers/templates.go:52.110,61.2 1 1
github.com/operan/modules/05-department-template-engine/internal/handlers/templates.go:66.83,70.16 3 1
github.com/operan/modules/05-department-template-engine/internal/handlers/templates.go:70.16,74.3 2 0
github.com/operan/modules/05-department-template-engine/internal/handlers/templates.go:75.2,78.51 3 1
github.com/operan/modules/05-department-template-engine/internal/handlers/templates.go:78.51,82.3 2 1
github.com/operan/modules/05-department-template-engine/internal/handlers/templates.go:84.2,84.20 1 1
github.com/operan/modules/05-department-template-engine/internal/handlers/templates.go:84.20,88.3 2 1
github.com/operan/modules/05-department-template-engine/internal/handlers/templates.go:90.2,109.16 3 1
github.com/operan/modules/05-department-template-engine/internal/handlers/templates.go:109.16,113.3 2 0
github.com/operan/modules/05-department-template-engine/internal/handlers/templates.go:115.2,130.63 2 1
github.com/operan/modules/05-department-template-engine/internal/handlers/templates.go:134.82,137.45 3 1
github.com/operan/modules/05-department-template-engine/internal/handlers/templates.go:137.45,138.48 1 0
github.com/operan/modules/05-department-template-engine/internal/handlers/templates.go:138.48,140.4 1 0
github.com/operan/modules/05-department-template-engine/internal/handlers/templates.go:142.2,142.52 1 1
github.com/operan/modules/05-department-template-engine/internal/handlers/templates.go:142.52,143.49 1 0
github.com/operan/modules/05-department-template-engine/internal/handlers/templates.go:143.49,145.4 1 0
github.com/operan/modules/05-department-template-engine/internal/handlers/templates.go:147.2,147.30 1 1
github.com/operan/modules/05-department-template-engine/internal/handlers/templates.go:147.30,149.3 1 0
github.com/operan/modules/05-department-template-engine/internal/handlers/templates.go:151.2,152.53 2 1
github.com/operan/modules/05-department-template-engine/internal/handlers/templates.go:152.53,154.3 1 0
github.com/operan/modules/05-department-template-engine/internal/handlers/templates.go:156.2,166.4 2 1
github.com/operan/modules/05-department-template-engine/internal/handlers/templates.go:170.80,174.14 3 1
github.com/operan/modules/05-department-template-engine/internal/handlers/templates.go:174.14,178.3 2 0
github.com/operan/modules/05-department-template-engine/internal/handlers/templates.go:180.2,181.16 2 1
github.com/operan/modules/05-department-template-engine/internal/handlers/templates.go:181.16,185.3 2 1
github.com/operan/modules/05-department-template-engine/internal/handlers/templates.go:187.2,187.55 1 1
github.com/operan/modules/05-department-template-engine/internal/handlers/templates.go:191.83,195.14 3 1
github.com/operan/modules/05-department-template-engine/internal/handlers/templates.go:195.14,199.3 2 0
github.com/operan/modules/05-department-template-engine/internal/handlers/templates.go:201.2,202.16 2 1
github.com/operan/modules/05-department-template-engine/internal/handlers/templates.go:202.16,206.3 2 0
github.com/operan/modules/05-department-template-engine/internal/handlers/templates.go:208.2,212.53 4 1
github.com/operan/modules/05-department-template-engine/internal/handlers/templates.go:212.53,216.3 2 0
github.com/operan/modules/05-department-template-engine/internal/handlers/templates.go:218.2,219.16 2 1
github.com/operan/modules/05-department-template-engine/internal/handlers/templates.go:219.16,223.3 2 0
github.com/operan/modules/05-department-template-engine/internal/handlers/templates.go:225.2,240.58 3 1
github.com/operan/modules/05-department-template-engine/internal/handlers/templates.go:244.83,248.14 3 1
github.com/operan/modules/05-department-template-engine/internal/handlers/templates.go:248.14,252.3 2 0
github.com/operan/modules/05-department-template-engine/internal/handlers/templates.go:254.2,255.16 2 1
github.com/operan/modules/05-department-template-engine/internal/handlers/templates.go:255.16,259.3 2 0
github.com/operan/modules/05-department-template-engine/internal/handlers/templates.go:261.2,261.51 1 1
github.com/operan/modules/05-department-template-engine/internal/handlers/templates.go:261.51,265.3 2 0
github.com/operan/modules/05-department-template-engine/internal/handlers/templates.go:267.2,277.37 2 1
