mode: set
github.com/operan/modules/05-department-template-engine/internal/config/config.go:29.27,49.2 1 1
github.com/operan/modules/05-department-template-engine/internal/config/config.go:51.39,52.34 1 1
github.com/operan/modules/05-department-template-engine/internal/config/config.go:52.34,54.3 1 1
github.com/operan/modules/05-department-template-engine/internal/config/config.go:55.2,55.17 1 1
github.com/operan/modules/05-department-template-engine/internal/config/config.go:58.43,59.34 1 1
github.com/operan/modules/05-department-template-engine/internal/config/config.go:59.34,60.44 1 1
github.com/operan/modules/05-department-template-engine/internal/config/config.go:60.44,62.4 1 1
github.com/operan/modules/05-department-template-engine/internal/config/config.go:64.2,64.17 1 1
github.com/operan/modules/05-department-template-engine/internal/config/config.go:67.35,68.46 1 1
github.com/operan/modules/05-department-template-engine/internal/config/config.go:68.46,70.3 1 1
github.com/operan/modules/05-department-template-engine/internal/config/config.go:71.2,71.12 1 1
github.com/operan/modules/05-department-template-engine/internal/events/events.go:28.123,31.2 2 1
github.com/operan/modules/05-department-template-engine/internal/events/events.go:33.35,35.2 1 1
github.com/operan/modules/05-department-template-engine/internal/events/events.go:45.32,47.2 1 1
github.com/operan/modules/05-department-template-engine/internal/events/events.go:50.55,52.2 1 1
github.com/operan/modules/05-department-template-engine/internal/events/events.go:55.46,57.2 1 1
github.com/operan/modules/05-department-template-engine/internal/events/events.go:60.35,61.21 1 1
github.com/operan/modules/05-department-template-engine/internal/events/events.go:61.21,63.3 1 1
github.com/operan/modules/05-department-template-engine/internal/events/events.go:64.2,64.12 1 0
github.com/operan/modules/05-department-template-engine/internal/events/events.go:67.62,68.21 1 1
github.com/operan/modules/05-department-template-engine/internal/events/events.go:68.21,70.3 1 0
github.com/operan/modules/05-department-template-engine/internal/events/events.go:71.2,71.70 1 1
github.com/operan/modules/05-department-template-engine/internal/events/events.go:194.82,196.16 2 1
github.com/operan/modules/05-department-template-engine/internal/events/events.go:196.16,198.3 1 0
github.com/operan/modules/05-department-template-engine/internal/events/events.go:199.2,199.50 1 1
github.com/operan/modules/05-department-template-engine/internal/events/events.go:203.82,205.16 2 1
github.com/operan/modules/05-department-template-engine/internal/events/events.go:205.16,207.3 1 0
github.com/operan/modules/05-department-template-engine/internal/events/events.go:208.2,208.50 1 1
github.com/operan/modules/05-department-template-engine/internal/events/events.go:212.84,214.16 2 1
github.com/operan/modules/05-department-template-engine/internal/events/events.go:214.16,216.3 1 0
github.com/operan/modules/05-department-template-engine/internal/events/events.go:217.2,217.51 1 1
github.com/operan/modules/05-department-template-engine/internal/events/events.go:221.100,223.16 2 1
github.com/operan/modules/05-department-template-engine/internal/events/events.go:223.16,225.3 1 0
github.com/operan/modules/05-department-template-engine/internal/events/events.go:226.2,226.60 1 1
github.com/operan/modules/05-department-template-engine/internal/events/events.go:230.88,232.16 2 1
github.com/operan/modules/05-department-template-engine/internal/events/events.go:232.16,234.3 1 0
github.com/operan/modules/05-department-template-engine/internal/events/events.go:235.2,235.53 1 1
github.com/operan/modules/05-department-template-engine/internal/events/events.go:239.82,241.16 2 1
github.com/operan/modules/05-department-template-engine/internal/events/events.go:241.16,243.3 1 0
github.com/operan/modules/05-department-template-engine/internal/events/events.go:244.2,244.50 1 1
github.com/operan/modules/05-department-template-engine/internal/events/events.go:248.86,250.16 2 1
github.com/operan/modules/05-department-template-engine/internal/events/events.go:250.16,252.3 1 0
github.com/operan/modules/05-department-template-engine/internal/events/events.go:253.2,253.52 1 1
github.com/operan/modules/05-department-template-engine/internal/events/events.go:257.80,259.16 2 1
github.com/operan/modules/05-department-template-engine/internal/events/events.go:259.16,261.3 1 0
github.com/operan/modules/05-department-template-engine/internal/events/events.go:262.2,262.49 1 1
github.com/operan/modules/05-department-template-engine/internal/middleware/middleware.go:27.61,28.71 1 1
github.com/operan/modules/05-department-template-engine/internal/middleware/middleware.go:28.71,30.23 2 1
github.com/operan/modules/05-department-template-engine/internal/middleware/middleware.go:30.23,40.4 2 1
github.com/operan/modules/05-department-template-engine/internal/middleware/middleware.go:41.3,41.48 1 1
github.com/operan/modules/05-department-template-engine/internal/middleware/middleware.go:41.48,51.4 2 1
github.com/operan/modules/05-department-template-engine/internal/middleware/middleware.go:52.3,55.17 3 1
github.com/operan/modules/05-department-template-engine/internal/middleware/middleware.go:55.17,65.4 2 1
github.com/operan/modules/05-department-template-engine/internal/middleware/middleware.go:67.3,68.44 2 1
github.com/operan/modules/05-department-template-engine/internal/middleware/middleware.go:68.44,70.4 1 1
github.com/operan/modules/05-department-template-engine/internal/middleware/middleware.go:71.3,71.55 1 1
github.com/operan/modules/05-department-template-engine/internal/middleware/middleware.go:71.55,73.28 2 1
github.com/operan/modules/05-department-template-engine/internal/middleware/middleware.go:73.28,74.33 1 1
github.com/operan/modules/05-department-template-engine/internal/middleware/middleware.go:74.33,76.6 1 1
github.com/operan/modules/05-department-template-engine/internal/middleware/middleware.go:78.4,78.64 1 1
github.com/operan/modules/05-department-template-engine/internal/middleware/middleware.go:80.3,82.23 2 1
github.com/operan/modules/05-department-template-engine/internal/middleware/middleware.go:86.75,88.21 2 1
github.com/operan/modules/05-department-template-engine/internal/middleware/middleware.go:88.21,90.3 1 1
github.com/operan/modules/05-department-template-engine/internal/middleware/middleware.go:92.2,94.43 3 1
github.com/operan/modules/05-department-template-engine/internal/middleware/middleware.go:94.43,96.3 1 1
github.com/operan/modules/05-department-template-engine/internal/middleware/middleware.go:98.2,99.16 2 1
github.com/operan/modules/05-department-template-engine/internal/middleware/middleware.go:99.16,101.3 1 0
github.com/operan/modules/05-department-template-engine/internal/middleware/middleware.go:103.2,104.57 2 1
github.com/operan/modules/05-department-template-engine/internal/middleware/middleware.go:104.57,106.3 1 0
github.com/operan/modules/05-department-template-engine/internal/middleware/middleware.go:108.2,108.44 1 1
github.com/operan/modules/05-department-template-engine/internal/middleware/middleware.go:108.44,109.43 1 0
github.com/operan/modules/05-department-template-engine/internal/middleware/middleware.go:109.43,111.4 1 0
github.com/operan/modules/05-department-template-engine/internal/middleware/middleware.go:114.2,114.20 1 1
github.com/operan/modules/05-department-template-engine/internal/middleware/middleware.go:117.46,120.2 2 1
github.com/operan/modules/05-department-template-engine/internal/middleware/middleware.go:122.48,124.16 2 1
github.com/operan/modules/05-department-template-engine/internal/middleware/middleware.go:124.16,126.3 1 0
github.com/operan/modules/05-department-template-engine/internal/middleware/middleware.go:127.2,127.17 1 1
github.com/operan/modules/05-department-template-engine/internal/middleware/middleware.go:130.42,136.2 5 1
github.com/operan/modules/05-department-template-engine/internal/middleware/middleware.go:138.38,140.2 1 1
github.com/operan/modules/05-department-template-engine/internal/middleware/middleware.go:145.48,146.71 1 1
github.com/operan/modules/05-department-template-engine/internal/middleware/middleware.go:146.71,151.3 4 1
github.com/operan/modules/05-department-template-engine/internal/middleware/middleware.go:155.46,156.71 1 1
github.com/operan/modules/05-department-template-engine/internal/middleware/middleware.go:156.71,158.20 2 1
github.com/operan/modules/05-department-template-engine/internal/middleware/middleware.go:158.20,160.4 1 1
github.com/operan/modules/05-department-template-engine/internal/middleware/middleware.go:161.3,163.40 3 1
github.com/operan/modules/05-department-template-engine/internal/middleware/middleware.go:169.52,170.71 1 1
github.com/operan/modules/05-department-template-engine/internal/middleware/middleware.go:170.71,172.21 2 1
github.com/operan/modules/05-department-template-engine/internal/middleware/middleware.go:172.21,182.4 2 1
github.com/operan/modules/05-department-template-engine/internal/middleware/middleware.go:183.3,184.40 2 1
github.com/operan/modules/05-department-template-engine/internal/middleware/middleware.go:189.45,190.71 1 1
github.com/operan/modules/05-department-template-engine/internal/middleware/middleware.go:190.71,200.3 8 1
github.com/operan/modules/05-department-template-engine/internal/middleware/middleware.go:208.56,211.2 2 1
github.com/operan/modules/05-department-template-engine/internal/middleware/middleware.go:216.55,218.2 1 1
github.com/operan/modules/05-department-template-engine/internal/middleware/middleware.go:221.54,223.2 1 1
github.com/operan/modules/05-department-template-engine/internal/middleware/middleware.go:226.52,228.2 1 1
github.com/operan/modules/05-department-template-engine/internal/middleware/middleware.go:231.57,233.2 1 1
github.com/operan/modules/05-department-template-engine/internal/middleware/middleware.go:235.43,237.14 2 1
github.com/operan/modules/05-department-template-engine/internal/middleware/middleware.go:237.14,239.3 1 1
github.com/operan/modules/05-department-template-engine/internal/middleware/middleware.go:240.2,240.19 1 0
github.com/operan/modules/05-department-template-engine/internal/middleware/middleware.go:243.66,247.2 3 1
github.com/operan/modules/05-department-template-engine/internal/middleware/middleware.go:249.26,253.2 3 1
github.com/operan/modules/05-department-template-engine/internal/middleware/middleware.go:255.42,259.2 3 1
github.com/operan/modules/05-department-template-engine/internal/middleware/middleware.go:261.39,263.2 1 1
github.com/operan/modules/05-department-template-engine/main.go:20.13,23.39 2 0
github.com/operan/modules/05-department-template-engine/main.go:23.39,25.3 1 0
github.com/operan/modules/05-department-template-engine/main.go:28.2,61.77 16 0
github.com/operan/modules/05-department-template-engine/main.go:61.77,65.3 3 0
github.com/operan/modules/05-department-template-engine/main.go:67.2,68.81 2 0
github.com/operan/modules/05-department-template-engine/main.go:68.81,70.3 1 0
github.com/operan/modules/05-department-template-engine/internal/ctxkeys/ctxkeys.go:24.47,26.14 2 0
github.com/operan/modules/05-department-template-engine/internal/ctxkeys/ctxkeys.go:26.14,28.3 1 0
github.com/operan/modules/05-department-template-engine/internal/ctxkeys/ctxkeys.go:29.2,29.19 1 0
github.com/operan/modules/05-department-template-engine/internal/ctxkeys/ctxkeys.go:33.45,35.14 2 0
github.com/operan/modules/05-department-template-engine/internal/ctxkeys/ctxkeys.go:35.14,37.3 1 0
github.com/operan/modules/05-department-template-engine/internal/ctxkeys/ctxkeys.go:38.2,38.19 1 0
github.com/operan/modules/05-department-template-engine/internal/ctxkeys/ctxkeys.go:42.50,44.14 2 0
github.com/operan/modules/05-department-template-engine/internal/ctxkeys/ctxkeys.go:44.14,46.3 1 0
github.com/operan/modules/05-department-template-engine/internal/ctxkeys/ctxkeys.go:47.2,48.9 2 0
github.com/operan/modules/05-department-template-engine/internal/ctxkeys/ctxkeys.go:48.9,50.3 1 0
github.com/operan/modules/05-department-template-engine/internal/ctxkeys/ctxkeys.go:51.2,51.14 1 0
github.com/operan/modules/05-department-template-engine/internal/ctxkeys/ctxkeys.go:55.46,57.14 2 0
github.com/operan/modules/05-department-template-engine/internal/ctxkeys/ctxkeys.go:57.14,59.3 1 0
github.com/operan/modules/05-department-template-engine/internal/ctxkeys/ctxkeys.go:60.2,60.19 1 0
github.com/operan/modules/05-department-template-engine/internal/ctxkeys/ctxkeys.go:64.48,66.14 2 0
github.com/operan/modules/05-department-template-engine/internal/ctxkeys/ctxkeys.go:66.14,68.3 1 0
github.com/operan/modules/05-department-template-engine/internal/ctxkeys/ctxkeys.go:69.2,69.19 1 0
github.com/operan/modules/05-department-template-engine/internal/ctxkeys/ctxkeys.go:73.67,75.2 1 0
github.com/operan/modules/05-department-template-engine/internal/ctxkeys/ctxkeys.go:78.65,80.2 1 0
github.com/operan/modules/05-department-template-engine/internal/ctxkeys/ctxkeys.go:83.73,85.2 1 0
github.com/operan/modules/05-department-template-engine/internal/ctxkeys/ctxkeys.go:88.66,90.2 1 0
github.com/operan/modules/05-department-template-engine/internal/ctxkeys/ctxkeys.go:93.68,95.2 1 0
github.com/operan/modules/05-department-template-engine/internal/store/custom_templates.go:17.52,22.2 1 1
github.com/operan/modules/05-department-template-engine/internal/store/custom_templates.go:25.83,29.17 3 1
github.com/operan/modules/05-department-template-engine/internal/store/custom_templates.go:29.17,31.3 1 1
github.com/operan/modules/05-department-template-engine/internal/store/custom_templates.go:32.2,32.23 1 1
github.com/operan/modules/05-department-template-engine/internal/store/custom_templates.go:32.23,34.3 1 0
github.com/operan/modules/05-department-template-engine/internal/store/custom_templates.go:35.2,37.21 3 1
github.com/operan/modules/05-department-template-engine/internal/store/custom_templates.go:37.21,39.3 1 1
github.com/operan/modules/05-department-template-engine/internal/store/custom_templates.go:40.2,40.23 1 1
github.com/operan/modules/05-department-template-engine/internal/store/custom_templates.go:40.23,42.3 1 0
github.com/operan/modules/05-department-template-engine/internal/store/custom_templates.go:44.2,46.16 3 1
github.com/operan/modules/05-department-template-engine/internal/store/custom_templates.go:50.75,55.9 4 1
github.com/operan/modules/05-department-template-engine/internal/store/custom_templates.go:55.9,57.3 1 1
github.com/operan/modules/05-department-template-engine/internal/store/custom_templates.go:58.2,59.23 2 1
github.com/operan/modules/05-department-template-engine/internal/store/custom_templates.go:59.23,61.32 2 1
github.com/operan/modules/05-department-template-engine/internal/store/custom_templates.go:61.32,63.4 1 1
github.com/operan/modules/05-department-template-engine/internal/store/custom_templates.go:65.2,65.17 1 1
github.com/operan/modules/05-department-template-engine/internal/store/custom_templates.go:69.94,74.9 4 0
github.com/operan/modules/05-department-template-engine/internal/store/custom_templates.go:74.9,76.3 1 0
github.com/operan/modules/05-department-template-engine/internal/store/custom_templates.go:77.2,77.29 1 0
github.com/operan/modules/05-department-template-engine/internal/store/custom_templates.go:77.29,79.3 1 0
github.com/operan/modules/05-department-template-engine/internal/store/custom_templates.go:80.2,81.23 2 0
github.com/operan/modules/05-department-template-engine/internal/store/custom_templates.go:81.23,83.32 2 0
github.com/operan/modules/05-department-template-engine/internal/store/custom_templates.go:83.32,85.4 1 0
github.com/operan/modules/05-department-template-engine/internal/store/custom_templates.go:87.2,87.17 1 0
github.com/operan/modules/05-department-template-engine/internal/store/custom_templates.go:91.127,96.9 4 1
github.com/operan/modules/05-department-template-engine/internal/store/custom_templates.go:96.9,98.3 1 0
github.com/operan/modules/05-department-template-engine/internal/store/custom_templates.go:100.2,101.25 2 1
github.com/operan/modules/05-department-template-engine/internal/store/custom_templates.go:101.25,102.44 1 1
github.com/operan/modules/05-department-template-engine/internal/store/custom_templates.go:102.44,104.4 1 1
github.com/operan/modules/05-department-template-engine/internal/store/custom_templates.go:107.2,107.52 1 1
github.com/operan/modules/05-department-template-engine/internal/store/custom_templates.go:107.52,109.26 2 0
github.com/operan/modules/05-department-template-engine/internal/store/custom_templates.go:109.26,110.38 1 0
github.com/operan/modules/05-department-template-engine/internal/store/custom_templates.go:110.38,112.5 1 0
github.com/operan/modules/05-department-template-engine/internal/store/custom_templates.go:114.3,114.17 1 0
github.com/operan/modules/05-department-template-engine/internal/store/custom_templates.go:117.2,122.17 5 1
github.com/operan/modules/05-department-template-engine/internal/store/custom_templates.go:122.17,124.3 1 1
github.com/operan/modules/05-department-template-engine/internal/store/custom_templates.go:125.2,125.17 1 1
github.com/operan/modules/05-department-template-engine/internal/store/custom_templates.go:125.17,127.3 1 0
github.com/operan/modules/05-department-template-engine/internal/store/custom_templates.go:129.2,130.31 2 1
github.com/operan/modules/05-department-template-engine/internal/store/custom_templates.go:130.31,132.28 2 1
github.com/operan/modules/05-department-template-engine/internal/store/custom_templates.go:132.28,134.37 2 1
github.com/operan/modules/05-department-template-engine/internal/store/custom_templates.go:134.37,136.5 1 1
github.com/operan/modules/05-department-template-engine/internal/store/custom_templates.go:138.3,138.30 1 1
github.com/operan/modules/05-department-template-engine/internal/store/custom_templates.go:141.2,141.31 1 1
github.com/operan/modules/05-department-template-engine/internal/store/custom_templates.go:145.104,150.9 4 1
github.com/operan/modules/05-department-template-engine/internal/store/custom_templates.go:150.9,152.3 1 0
github.com/operan/modules/05-department-template-engine/internal/store/custom_templates.go:154.2,154.40 1 1
github.com/operan/modules/05-department-template-engine/internal/store/custom_templates.go:154.40,155.41 1 1
github.com/operan/modules/05-department-template-engine/internal/store/custom_templates.go:155.41,157.4 1 1
github.com/operan/modules/05-department-template-engine/internal/store/custom_templates.go:159.2,159.47 1 1
github.com/operan/modules/05-department-template-engine/internal/store/custom_templates.go:159.47,160.30 1 0
github.com/operan/modules/05-department-template-engine/internal/store/custom_templates.go:160.30,162.4 1 0
github.com/operan/modules/05-department-template-engine/internal/store/custom_templates.go:164.2,164.44 1 1
github.com/operan/modules/05-department-template-engine/internal/store/custom_templates.go:164.44,165.41 1 0
github.com/operan/modules/05-department-template-engine/internal/store/custom_templates.go:165.41,167.4 1 0
github.com/operan/modules/05-department-template-engine/internal/store/custom_templates.go:169.2,169.55 1 1
github.com/operan/modules/05-department-template-engine/internal/store/custom_templates.go:169.55,170.46 1 0
github.com/operan/modules/05-department-template-engine/internal/store/custom_templates.go:170.46,172.4 1 0
github.com/operan/modules/05-department-template-engine/internal/store/custom_templates.go:174.2,174.47 1 1
github.com/operan/modules/05-department-template-engine/internal/store/custom_templates.go:174.47,175.34 1 0
github.com/operan/modules/05-department-template-engine/internal/store/custom_templates.go:175.34,177.4 1 0
github.com/operan/modules/05-department-template-engine/internal/store/custom_templates.go:179.2,179.42 1 1
github.com/operan/modules/05-department-template-engine/internal/store/custom_templates.go:179.42,180.41 1 0
github.com/operan/modules/05-department-template-engine/internal/store/custom_templates.go:180.41,182.4 1 0
github.com/operan/modules/05-department-template-engine/internal/store/custom_templates.go:185.2,186.16 2 1
github.com/operan/modules/05-department-template-engine/internal/store/custom_templates.go:190.65,195.9 4 1
github.com/operan/modules/05-department-template-engine/internal/store/custom_templates.go:195.9,197.3 1 0
github.com/operan/modules/05-department-template-engine/internal/store/custom_templates.go:198.2,198.29 1 1
github.com/operan/modules/05-department-template-engine/internal/store/custom_templates.go:198.29,200.3 1 0
github.com/operan/modules/05-department-template-engine/internal/store/custom_templates.go:202.2,204.49 2 1
github.com/operan/modules/05-department-template-engine/internal/store/custom_templates.go:204.49,205.27 1 1
github.com/operan/modules/05-department-template-engine/internal/store/custom_templates.go:205.27,206.17 1 1
github.com/operan/modules/05-department-template-engine/internal/store/custom_templates.go:206.17,208.10 2 1
github.com/operan/modules/05-department-template-engine/internal/store/custom_templates.go:213.2,213.12 1 1
github.com/operan/modules/05-department-template-engine/internal/store/deployments.go:18.44,24.2 1 1
github.com/operan/modules/05-department-template-engine/internal/store/deployments.go:27.86,31.16 3 1
github.com/operan/modules/05-department-template-engine/internal/store/deployments.go:31.16,33.3 1 1
github.com/operan/modules/05-department-template-engine/internal/store/deployments.go:34.2,34.22 1 1
github.com/operan/modules/05-department-template-engine/internal/store/deployments.go:34.22,36.3 1 0
github.com/operan/modules/05-department-template-engine/internal/store/deployments.go:37.2,39.20 3 1
github.com/operan/modules/05-department-template-engine/internal/store/deployments.go:39.20,41.3 1 1
github.com/operan/modules/05-department-template-engine/internal/store/deployments.go:43.2,46.15 4 1
github.com/operan/modules/05-department-template-engine/internal/store/deployments.go:50.75,55.9 4 1
github.com/operan/modules/05-department-template-engine/internal/store/deployments.go:55.9,57.3 1 1
github.com/operan/modules/05-department-template-engine/internal/store/deployments.go:58.2,59.17 2 0
github.com/operan/modules/05-department-template-engine/internal/store/deployments.go:63.98,68.39 4 0
github.com/operan/modules/05-department-template-engine/internal/store/deployments.go:68.39,70.3 1 0
github.com/operan/modules/05-department-template-engine/internal/store/deployments.go:71.2,72.17 2 0
github.com/operan/modules/05-department-template-engine/internal/store/deployments.go:76.125,81.9 4 1
github.com/operan/modules/05-department-template-engine/internal/store/deployments.go:81.9,83.3 1 1
github.com/operan/modules/05-department-template-engine/internal/store/deployments.go:85.2,86.25 2 1
github.com/operan/modules/05-department-template-engine/internal/store/deployments.go:86.25,87.71 1 1
github.com/operan/modules/05-department-template-engine/internal/store/deployments.go:87.71,89.4 1 1
github.com/operan/modules/05-department-template-engine/internal/store/deployments.go:92.2,97.17 5 1
github.com/operan/modules/05-department-template-engine/internal/store/deployments.go:97.17,99.3 1 1
github.com/operan/modules/05-department-template-engine/internal/store/deployments.go:100.2,100.17 1 1
github.com/operan/modules/05-department-template-engine/internal/store/deployments.go:100.17,102.3 1 0
github.com/operan/modules/05-department-template-engine/internal/store/deployments.go:104.2,105.31 2 1
github.com/operan/modules/05-department-template-engine/internal/store/deployments.go:105.31,108.3 2 1
github.com/operan/modules/05-department-template-engine/internal/store/deployments.go:110.2,110.31 1 1
github.com/operan/modules/05-department-template-engine/internal/store/deployments.go:114.113,119.9 4 1
github.com/operan/modules/05-department-template-engine/internal/store/deployments.go:119.9,121.3 1 0
github.com/operan/modules/05-department-template-engine/internal/store/deployments.go:123.2,125.21 3 1
github.com/operan/modules/05-department-template-engine/internal/store/deployments.go:125.21,127.3 1 1
github.com/operan/modules/05-department-template-engine/internal/store/deployments.go:129.2,129.29 1 1
github.com/operan/modules/05-department-template-engine/internal/store/deployments.go:129.29,132.3 2 0
github.com/operan/modules/05-department-template-engine/internal/store/deployments.go:132.8,132.31 1 1
github.com/operan/modules/05-department-template-engine/internal/store/deployments.go:132.31,135.3 2 0
github.com/operan/modules/05-department-template-engine/internal/store/deployments.go:137.2,137.15 1 1
github.com/operan/modules/05-department-template-engine/internal/store/deployments.go:141.51,146.9 4 0
github.com/operan/modules/05-department-template-engine/internal/store/deployments.go:146.9,148.3 1 0
github.com/operan/modules/05-department-template-engine/internal/store/deployments.go:150.2,152.55 2 0
github.com/operan/modules/05-department-template-engine/internal/store/deployments.go:152.55,153.27 1 0
github.com/operan/modules/05-department-template-engine/internal/store/deployments.go:153.27,154.17 1 0
github.com/operan/modules/05-department-template-engine/internal/store/deployments.go:154.17,156.10 2 0
github.com/operan/modules/05-department-template-engine/internal/store/deployments.go:161.2,161.51 1 0
github.com/operan/modules/05-department-template-engine/internal/store/deployments.go:161.51,162.27 1 0
github.com/operan/modules/05-department-template-engine/internal/store/deployments.go:162.27,163.17 1 0
github.com/operan/modules/05-department-template-engine/internal/store/deployments.go:163.17,165.10 2 0
github.com/operan/modules/05-department-template-engine/internal/store/deployments.go:170.2,170.12 1 0
github.com/operan/modules/05-department-template-engine/internal/store/models.go:188.49,189.14 1 0
github.com/operan/modules/05-department-template-engine/internal/store/models.go:189.14,191.3 1 0
github.com/operan/modules/05-department-template-engine/internal/store/models.go:192.2,193.16 2 0
github.com/operan/modules/05-department-template-engine/internal/store/models.go:193.16,195.3 1 0
github.com/operan/modules/05-department-template-engine/internal/store/models.go:196.2,196.27 1 0
github.com/operan/modules/05-department-template-engine/internal/store/models.go:199.44,200.14 1 0
github.com/operan/modules/05-department-template-engine/internal/store/models.go:200.14,202.3 1 0
github.com/operan/modules/05-department-template-engine/internal/store/models.go:203.2,204.16 2 0
github.com/operan/modules/05-department-template-engine/internal/store/models.go:204.16,206.3 1 0
github.com/operan/modules/05-department-template-engine/internal/store/models.go:207.2,207.27 1 0
github.com/operan/modules/05-department-template-engine/internal/store/templates.go:18.40,23.2 1 1
github.com/operan/modules/05-department-template-engine/internal/store/templates.go:26.64,30.16 3 1
github.com/operan/modules/05-department-template-engine/internal/store/templates.go:30.16,32.3 1 1
github.com/operan/modules/05-department-template-engine/internal/store/templates.go:33.2,33.22 1 1
github.com/operan/modules/05-department-template-engine/internal/store/templates.go:33.22,35.3 1 0
github.com/operan/modules/05-department-template-engine/internal/store/templates.go:36.2,38.20 3 1
github.com/operan/modules/05-department-template-engine/internal/store/templates.go:38.20,40.3 1 1
github.com/operan/modules/05-department-template-engine/internal/store/templates.go:42.2,44.15 3 1
github.com/operan/modules/05-department-template-engine/internal/store/templates.go:48.63,53.9 4 1
github.com/operan/modules/05-department-template-engine/internal/store/templates.go:53.9,55.3 1 1
github.com/operan/modules/05-department-template-engine/internal/store/templates.go:57.2,58.17 2 1
github.com/operan/modules/05-department-template-engine/internal/store/templates.go:62.82,67.9 4 0
github.com/operan/modules/05-department-template-engine/internal/store/templates.go:67.9,69.3 1 0
github.com/operan/modules/05-department-template-engine/internal/store/templates.go:70.2,70.28 1 0
github.com/operan/modules/05-department-template-engine/internal/store/templates.go:70.28,72.3 1 0
github.com/operan/modules/05-department-template-engine/internal/store/templates.go:73.2,74.17 2 0
github.com/operan/modules/05-department-template-engine/internal/store/templates.go:78.115,83.9 4 1
github.com/operan/modules/05-department-template-engine/internal/store/templates.go:83.9,85.3 1 0
github.com/operan/modules/05-department-template-engine/internal/store/templates.go:87.2,88.25 2 1
github.com/operan/modules/05-department-template-engine/internal/store/templates.go:88.25,89.43 1 1
github.com/operan/modules/05-department-template-engine/internal/store/templates.go:89.43,91.4 1 1
github.com/operan/modules/05-department-template-engine/internal/store/templates.go:95.2,95.52 1 1
github.com/operan/modules/05-department-template-engine/internal/store/templates.go:95.52,97.25 2 1
github.com/operan/modules/05-department-template-engine/internal/store/templates.go:97.25,98.37 1 1
github.com/operan/modules/05-department-template-engine/internal/store/templates.go:98.37,100.5 1 1
github.com/operan/modules/05-department-template-engine/internal/store/templates.go:102.3,102.17 1 1
github.com/operan/modules/05-department-template-engine/internal/store/templates.go:105.2,110.17 5 1
github.com/operan/modules/05-department-template-engine/internal/store/templates.go:110.17,112.3 1 1
github.com/operan/modules/05-department-template-engine/internal/store/templates.go:113.2,113.17 1 1
github.com/operan/modules/05-department-template-engine/internal/store/templates.go:113.17,115.3 1 1
github.com/operan/modules/05-department-template-engine/internal/store/templates.go:117.2,118.31 2 1
github.com/operan/modules/05-department-template-engine/internal/store/templates.go:118.31,121.3 2 1
github.com/operan/modules/05-department-template-engine/internal/store/templates.go:123.2,123.31 1 1
github.com/operan/modules/05-department-template-engine/internal/store/templates.go:127.92,132.9 4 1
github.com/operan/modules/05-department-template-engine/internal/store/templates.go:132.9,134.3 1 0
github.com/operan/modules/05-department-template-engine/internal/store/templates.go:136.2,136.40 1 1
github.com/operan/modules/05-department-template-engine/internal/store/templates.go:136.40,137.41 1 1
github.com/operan/modules/05-department-template-engine/internal/store/templates.go:137.41,139.4 1 1
github.com/operan/modules/05-department-template-engine/internal/store/templates.go:141.2,141.47 1 1
github.com/operan/modules/05-department-template-engine/internal/store/templates.go:141.47,142.30 1 0
github.com/operan/modules/05-department-template-engine/internal/store/templates.go:142.30,144.4 1 0
github.com/operan/modules/05-department-template-engine/internal/store/templates.go:146.2,146.44 1 1
github.com/operan/modules/05-department-template-engine/internal/store/templates.go:146.44,147.41 1 0
github.com/operan/modules/05-department-template-engine/internal/store/templates.go:147.41,149.4 1 0
github.com/operan/modules/05-department-template-engine/internal/store/templates.go:151.2,151.43 1 1
github.com/operan/modules/05-department-template-engine/internal/store/templates.go:151.43,152.41 1 0
github.com/operan/modules/05-department-template-engine/internal/store/templates.go:152.41,154.4 1 0
github.com/operan/modules/05-department-template-engine/internal/store/templates.go:156.2,156.42 1 1
github.com/operan/modules/05-department-template-engine/internal/store/templates.go:156.42,157.41 1 0
github.com/operan/modules/05-department-template-engine/internal/store/templates.go:157.41,159.4 1 0
github.com/operan/modules/05-department-template-engine/internal/store/templates.go:161.2,161.40 1 1
github.com/operan/modules/05-department-template-engine/internal/store/templates.go:161.40,162.34 1 0
github.com/operan/modules/05-department-template-engine/internal/store/templates.go:162.34,164.4 1 0
github.com/operan/modules/05-department-template-engine/internal/store/templates.go:166.2,166.44 1 1
github.com/operan/modules/05-department-template-engine/internal/store/templates.go:166.44,167.46 1 0
github.com/operan/modules/05-department-template-engine/internal/store/templates.go:167.46,169.4 1 0
github.com/operan/modules/05-department-template-engine/internal/store/templates.go:171.2,171.42 1 1
github.com/operan/modules/05-department-template-engine/internal/store/templates.go:171.42,172.39 1 0
github.com/operan/modules/05-department-template-engine/internal/store/templates.go:172.39,176.4 2 0
github.com/operan/modules/05-department-template-engine/internal/store/templates.go:178.2,178.45 1 1
github.com/operan/modules/05-department-template-engine/internal/store/templates.go:178.45,179.39 1 0
github.com/operan/modules/05-department-template-engine/internal/store/templates.go:179.39,182.4 2 0
github.com/operan/modules/05-department-template-engine/internal/store/templates.go:184.2,184.63 1 1
github.com/operan/modules/05-department-template-engine/internal/store/templates.go:184.63,187.3 2 0
github.com/operan/modules/05-department-template-engine/internal/store/templates.go:188.2,188.52 1 1
github.com/operan/modules/05-department-template-engine/internal/store/templates.go:188.52,189.39 1 0
github.com/operan/modules/05-department-template-engine/internal/store/templates.go:189.39,192.4 2 0
github.com/operan/modules/05-department-template-engine/internal/store/templates.go:194.2,194.40 1 1
github.com/operan/modules/05-department-template-engine/internal/store/templates.go:194.40,195.39 1 0
github.com/operan/modules/05-department-template-engine/internal/store/templates.go:195.39,198.4 2 0
github.com/operan/modules/05-department-template-engine/internal/store/templates.go:200.2,200.48 1 1
github.com/operan/modules/05-department-template-engine/internal/store/templates.go:200.48,201.39 1 0
github.com/operan/modules/05-department-template-engine/internal/store/templates.go:201.39,204.4 2 0
github.com/operan/modules/05-department-template-engine/internal/store/templates.go:206.2,206.56 1 1
github.com/operan/modules/05-department-template-engine/internal/store/templates.go:206.56,207.39 1 0
github.com/operan/modules/05-department-template-engine/internal/store/templates.go:207.39,210.4 2 0
github.com/operan/modules/05-department-template-engine/internal/store/templates.go:213.2,214.15 2 1
github.com/operan/modules/05-department-template-engine/internal/store/templates.go:218.59,223.9 4 1
github.com/operan/modules/05-department-template-engine/internal/store/templates.go:223.9,225.3 1 1
github.com/operan/modules/05-department-template-engine/internal/store/templates.go:226.2,226.28 1 1
github.com/operan/modules/05-department-template-engine/internal/store/templates.go:226.28,228.3 1 0
github.com/operan/modules/05-department-template-engine/internal/store/templates.go:230.2,232.49 2 1
github.com/operan/modules/05-department-template-engine/internal/store/templates.go:232.49,233.27 1 1
github.com/operan/modules/05-department-template-engine/internal/store/templates.go:233.27,234.17 1 1
github.com/operan/modules/05-department-template-engine/internal/store/templates.go:234.17,236.10 2 1
github.com/operan/modules/05-department-template-engine/internal/store/templates.go:241.2,241.12 1 1
github.com/operan/modules/05-department-template-engine/internal/store/versions.go:18.38,24.2 1 1
github.com/operan/modules/05-department-template-engine/internal/store/versions.go:27.77,31.16 3 1
github.com/operan/modules/05-department-template-engine/internal/store/versions.go:31.16,33.3 1 1
github.com/operan/modules/05-department-template-engine/internal/store/versions.go:34.2,34.22 1 1
github.com/operan/modules/05-department-template-engine/internal/store/versions.go:34.22,36.3 1 0
github.com/operan/modules/05-department-template-engine/internal/store/versions.go:37.2,42.15 5 1
github.com/operan/modules/05-department-template-engine/internal/store/versions.go:46.69,51.9 4 1
github.com/operan/modules/05-department-template-engine/internal/store/versions.go:51.9,53.3 1 1
github.com/operan/modules/05-department-template-engine/internal/store/versions.go:54.2,56.33 3 0
github.com/operan/modules/05-department-template-engine/internal/store/versions.go:56.33,58.3 1 0
github.com/operan/modules/05-department-template-engine/internal/store/versions.go:59.2,59.17 1 0
github.com/operan/modules/05-department-template-engine/internal/store/versions.go:63.86,68.27 4 1
github.com/operan/modules/05-department-template-engine/internal/store/versions.go:68.27,70.3 1 1
github.com/operan/modules/05-department-template-engine/internal/store/versions.go:72.2,73.25 2 1
github.com/operan/modules/05-department-template-engine/internal/store/versions.go:73.25,74.29 1 1
github.com/operan/modules/05-department-template-engine/internal/store/versions.go:74.29,75.12 1 0
github.com/operan/modules/05-department-template-engine/internal/store/versions.go:77.3,79.34 3 1
github.com/operan/modules/05-department-template-engine/internal/store/versions.go:79.34,81.4 1 0
github.com/operan/modules/05-department-template-engine/internal/store/versions.go:82.3,82.30 1 1
github.com/operan/modules/05-department-template-engine/internal/store/versions.go:84.2,84.15 1 1
github.com/operan/modules/05-department-template-engine/internal/store/versions.go:88.91,93.9 4 1
github.com/operan/modules/05-department-template-engine/internal/store/versions.go:93.9,95.3 1 0
github.com/operan/modules/05-department-template-engine/internal/store/versions.go:97.2,97.25 1 1
github.com/operan/modules/05-department-template-engine/internal/store/versions.go:97.25,98.27 1 1
github.com/operan/modules/05-department-template-engine/internal/store/versions.go:98.27,101.35 3 1
github.com/operan/modules/05-department-template-engine/internal/store/versions.go:101.35,103.5 1 0
github.com/operan/modules/05-department-template-engine/internal/store/versions.go:104.4,104.19 1 1
github.com/operan/modules/05-department-template-engine/internal/store/versions.go:108.2,108.25 1 1
github.com/operan/modules/05-department-template-engine/internal/store/versions.go:112.144,114.33 2 1
github.com/operan/modules/05-department-template-engine/internal/store/versions.go:114.33,116.3 1 1
github.com/operan/modules/05-department-template-engine/internal/store/versions.go:118.2,125.20 2 1
github.com/operan/modules/05-department-template-engine/internal/handlers/custom_templates.go:13.89,17.16 3 1
github.com/operan/modules/05-department-template-engine/internal/handlers/custom_templates.go:17.16,21.3 2 0
github.com/operan/modules/05-department-template-engine/internal/handlers/custom_templates.go:22.2,25.51 3 1
github.com/operan/modules/05-department-template-engine/internal/handlers/custom_templates.go:25.51,29.3 2 0
github.com/operan/modules/05-department-template-engine/internal/handlers/custom_templates.go:31.2,31.20 1 1
github.com/operan/modules/05-department-template-engine/internal/handlers/custom_templates.go:31.20,35.3 2 0
github.com/operan/modules/05-department-template-engine/internal/handlers/custom_templates.go:37.2,51.16 3 1
github.com/operan/modules/05-department-template-engine/internal/handlers/custom_templates.go:51.16,55.3 2 0
github.com/operan/modules/05-department-template-engine/internal/handlers/custom_templates.go:57.2,57.69 1 1
github.com/operan/modules/05-department-template-engine/internal/handlers/custom_templates.go:61.88,64.45 3 1
github.com/operan/modules/05-department-template-engine/internal/handlers/custom_templates.go:64.45,65.48 1 0
github.com/operan/modules/05-department-template-engine/internal/handlers/custom_templates.go:65.48,67.4 1 0
github.com/operan/modules/05-department-template-engine/internal/handlers/custom_templates.go:69.2,69.52 1 1
github.com/operan/modules/05-department-template-engine/internal/handlers/custom_templates.go:69.52,70.49 1 0
github.com/operan/modules/05-department-template-engine/internal/handlers/custom_templates.go:70.49,72.4 1 0
github.com/operan/modules/05-department-template-engine/internal/handlers/custom_templates.go:74.2,74.30 1 1
github.com/operan/modules/05-department-template-engine/internal/handlers/custom_templates.go:74.30,76.3 1 0
github.com/operan/modules/05-department-template-engine/internal/handlers/custom_templates.go:78.2,79.53 2 1
github.com/operan/modules/05-department-template-engine/internal/handlers/custom_templates.go:79.53,81.3 1 0
github.com/operan/modules/05-department-template-engine/internal/handlers/custom_templates.go:83.2,93.4 2 1
github.com/operan/modules/05-department-template-engine/internal/handlers/custom_templates.go:97.86,101.14 3 1
github.com/operan/modules/05-department-template-engine/internal/handlers/custom_templates.go:101.14,105.3 2 0
github.com/operan/modules/05-department-template-engine/internal/handlers/custom_templates.go:107.2,108.16 2 1
github.com/operan/modules/05-department-template-engine/internal/handlers/custom_templates.go:108.16,112.3 2 1
github.com/operan/modules/05-department-template-engine/internal/handlers/custom_templates.go:114.2,114.59 1 1
github.com/operan/modules/05-department-template-engine/internal/handlers/custom_templates.go:118.89,122.14 3 1
github.com/operan/modules/05-department-template-engine/internal/handlers/custom_templates.go:122.14,126.3 2 0
github.com/operan/modules/05-department-template-engine/internal/handlers/custom_templates.go:128.2,129.16 2 1
github.com/operan/modules/05-department-template-engine/internal/handlers/custom_templates.go:129.16,133.3 2 0
github.com/operan/modules/05-department-template-engine/internal/handlers/custom_templates.go:135.2,139.53 4 1
github.com/operan/modules/05-department-template-engine/internal/handlers/custom_templates.go:139.53,143.3 2 0
github.com/operan/modules/05-department-template-engine/internal/handlers/custom_templates.go:145.2,146.16 2 1
github.com/operan/modules/05-department-template-engine/internal/handlers/custom_templates.go:146.16,150.3 2 0
github.com/operan/modules/05-department-template-engine/internal/handlers/custom_templates.go:152.2,152.64 1 1
github.com/operan/modules/05-department-template-engine/internal/handlers/custom_templates.go:156.89,160.14 3 1
github.com/operan/modules/05-department-template-engine/internal/handlers/custom_templates.go:160.14,164.3 2 0
github.com/operan/modules/05-department-template-engine/internal/handlers/custom_templates.go:166.2,166.102 1 1
github.com/operan/modules/05-department-template-engine/internal/handlers/custom_templates.go:166.102,170.3 2 0
github.com/operan/modules/05-department-template-engine/internal/handlers/custom_templates.go:172.2,172.37 1 1
github.com/operan/modules/05-department-template-engine/internal/handlers/helpers.go:15.66,19.2 3 1
github.com/operan/modules/05-department-template-engine/internal/handlers/helpers.go:22.96,33.2 3 1
github.com/operan/modules/05-department-template-engine/internal/handlers/helpers.go:37.70,50.24 2 1
github.com/operan/modules/05-department-template-engine/internal/handlers/helpers.go:50.24,52.3 1 0
github.com/operan/modules/05-department-template-engine/internal/handlers/helpers.go:53.2,53.27 1 1
github.com/operan/modules/05-department-template-engine/internal/handlers/helpers.go:53.27,55.3 1 0
github.com/operan/modules/05-department-template-engine/internal/handlers/helpers.go:56.2,56.32 1 1
github.com/operan/modules/05-department-template-engine/internal/handlers/helpers.go:56.32,58.3 1 0
github.com/operan/modules/05-department-template-engine/internal/handlers/helpers.go:59.2,59.33 1 1
github.com/operan/modules/05-department-template-engine/internal/handlers/helpers.go:59.33,61.3 1 0
github.com/operan/modules/05-department-template-engine/internal/handlers/helpers.go:62.2,62.22 1 1
github.com/operan/modules/05-department-template-engine/internal/handlers/helpers.go:62.22,64.3 1 0
github.com/operan/modules/05-department-template-engine/internal/handlers/helpers.go:65.2,65.30 1 1
github.com/operan/modules/05-department-template-engine/internal/handlers/helpers.go:65.30,67.3 1 0
github.com/operan/modules/05-department-template-engine/internal/handlers/helpers.go:68.2,68.37 1 1
github.com/operan/modules/05-department-template-engine/internal/handlers/helpers.go:68.37,70.3 1 0
github.com/operan/modules/05-department-template-engine/internal/handlers/helpers.go:71.2,71.26 1 1
github.com/operan/modules/05-department-template-engine/internal/handlers/helpers.go:71.26,73.3 1 0
github.com/operan/modules/05-department-template-engine/internal/handlers/helpers.go:74.2,74.22 1 1
github.com/operan/modules/05-department-template-engine/internal/handlers/helpers.go:74.22,76.3 1 0
github.com/operan/modules/05-department-template-engine/internal/handlers/helpers.go:77.2,77.13 1 1
github.com/operan/modules/05-department-template-engine/internal/handlers/helpers.go:80.71,82.30 2 1
github.com/operan/modules/05-department-template-engine/internal/handlers/helpers.go:82.30,98.20 2 1
github.com/operan/modules/05-department-template-engine/internal/handlers/helpers.go:98.20,100.4 1 0
github.com/operan/modules/05-department-template-engine/internal/handlers/helpers.go:101.3,101.32 1 1
github.com/operan/modules/05-department-template-engine/internal/handlers/helpers.go:103.2,103.15 1 1
github.com/operan/modules/05-department-template-engine/internal/handlers/helpers.go:106.80,121.2 1 1
github.com/operan/modules/05-department-template-engine/internal/handlers/helpers.go:123.83,125.31 2 1
github.com/operan/modules/05-department-template-engine/internal/handlers/helpers.go:125.31,139.3 2 1
github.com/operan/modules/05-department-template-engine/internal/handlers/helpers.go:140.2,140.15 1 1
github.com/operan/modules/05-department-template-engine/internal/handlers/helpers.go:143.79,155.28 2 1
github.com/operan/modules/05-department-template-engine/internal/handlers/helpers.go:155.28,157.3 1 0
github.com/operan/modules/05-department-template-engine/internal/handlers/helpers.go:158.2,158.34 1 1
github.com/operan/modules/05-department-template-engine/internal/handlers/helpers.go:158.34,160.3 1 0
github.com/operan/modules/05-department-template-engine/internal/handlers/helpers.go:161.2,161.24 1 1
github.com/operan/modules/05-department-template-engine/internal/handlers/helpers.go:161.24,163.3 1 1
github.com/operan/modules/05-department-template-engine/internal/handlers/helpers.go:164.2,164.26 1 1
github.com/operan/modules/05-department-template-engine/internal/handlers/helpers.go:164.26,166.3 1 0
github.com/operan/modules/05-department-template-engine/internal/handlers/helpers.go:167.2,167.26 1 1
github.com/operan/modules/05-department-template-engine/internal/handlers/helpers.go:167.26,169.3 1 0
github.com/operan/modules/05-department-template-engine/internal/handlers/helpers.go:170.2,170.13 1 1
github.com/operan/modules/05-department-template-engine/internal/handlers/helpers.go:173.85,175.32 2 0
github.com/operan/modules/05-department-template-engine/internal/handlers/helpers.go:175.32,188.3 2 0
github.com/operan/modules/05-department-template-engine/internal/handlers/helpers.go:189.2,189.15 1 0
github.com/operan/modules/05-department-template-engine/internal/handlers/helpers.go:196.52,197.38 1 1
github.com/operan/modules/05-department-template-engine/internal/handlers/helpers.go:197.38,199.3 1 0
github.com/operan/modules/05-department-template-engine/internal/handlers/helpers.go:200.2,203.11 3 1
github.com/operan/modules/05-department-template-engine/internal/handlers/helpers.go:210.58,213.48 2 1
github.com/operan/modules/05-department-template-engine/internal/handlers/helpers.go:213.48,215.3 1 1
github.com/operan/modules/05-department-template-engine/internal/handlers/helpers.go:216.2,216.11 1 0
github.com/operan/modules/05-department-template-engine/internal/handlers/helpers.go:220.46,222.26 2 0
github.com/operan/modules/05-department-template-engine/internal/handlers/helpers.go:222.26,224.3 1 0
github.com/operan/modules/05-department-template-engine/internal/handlers/helpers.go:225.2,225.15 1 0
github.com/operan/modules/05-department-template-engine/internal/handlers/nested.go:23.89,28.22 3 1
github.com/operan/modules/05-department-template-engine/internal/handlers/nested.go:28.22,32.3 2 0
github.com/operan/modules/05-department-template-engine/internal/handlers/nested.go:35.2,36.16 2 1
github.com/operan/modules/05-department-template-engine/internal/handlers/nested.go:36.16,40.3 2 1
github.com/operan/modules/05-department-template-engine/internal/handlers/nested.go:43.2,45.18 2 1
github.com/operan/modules/05-department-template-engine/internal/handlers/nested.go:46.23,47.20 1 1
github.com/operan/modules/05-department-template-engine/internal/handlers/nested.go:48.17,49.31 1 1
github.com/operan/modules/05-department-template-engine/internal/handlers/nested.go:50.16,51.30 1 1
github.com/operan/modules/05-department-template-engine/internal/handlers/nested.go:52.11,54.44 1 0
github.com/operan/modules/05-department-template-engine/internal/handlers/nested.go:57.22,58.10 1 1
github.com/operan/modules/05-department-template-engine/internal/handlers/nested.go:59.35,60.40 1 0
github.com/operan/modules/05-department-template-engine/internal/handlers/nested.go:61.32,62.37 1 1
github.com/operan/modules/05-department-template-engine/internal/handlers/nested.go:63.53,65.64 2 0
github.com/operan/modules/05-department-template-engine/internal/handlers/nested.go:66.50,68.58 2 1
github.com/operan/modules/05-department-template-engine/internal/handlers/nested.go:69.11,71.44 1 0
github.com/operan/modules/05-department-template-engine/internal/handlers/nested.go:74.24,75.51 1 0
github.com/operan/modules/05-department-template-engine/internal/handlers/nested.go:75.51,78.4 2 0
github.com/operan/modules/05-department-template-engine/internal/handlers/nested.go:80.10,82.44 1 0
github.com/operan/modules/05-department-template-engine/internal/handlers/nested.go:86.95,88.16 2 1
github.com/operan/modules/05-department-template-engine/internal/handlers/nested.go:88.16,92.3 2 0
github.com/operan/modules/05-department-template-engine/internal/handlers/nested.go:93.2,96.51 3 1
github.com/operan/modules/05-department-template-engine/internal/handlers/nested.go:96.51,100.3 2 0
github.com/operan/modules/05-department-template-engine/internal/handlers/nested.go:102.2,102.27 1 1
github.com/operan/modules/05-department-template-engine/internal/handlers/nested.go:102.27,106.3 2 1
github.com/operan/modules/05-department-template-engine/internal/handlers/nested.go:108.2,126.16 6 1
github.com/operan/modules/05-department-template-engine/internal/handlers/nested.go:126.16,130.3 2 0
github.com/operan/modules/05-department-template-engine/internal/handlers/nested.go:132.2,144.65 2 1
github.com/operan/modules/05-department-template-engine/internal/handlers/nested.go:147.94,162.16 7 1
github.com/operan/modules/05-department-template-engine/internal/handlers/nested.go:162.16,166.3 2 0
github.com/operan/modules/05-department-template-engine/internal/handlers/nested.go:168.2,188.16 3 1
github.com/operan/modules/05-department-template-engine/internal/handlers/nested.go:188.16,192.3 2 0
github.com/operan/modules/05-department-template-engine/internal/handlers/nested.go:194.2,205.63 2 1
github.com/operan/modules/05-department-template-engine/internal/handlers/nested.go:208.104,214.45 5 0
github.com/operan/modules/05-department-template-engine/internal/handlers/nested.go:214.45,215.48 1 0
github.com/operan/modules/05-department-template-engine/internal/handlers/nested.go:215.48,217.4 1 0
github.com/operan/modules/05-department-template-engine/internal/handlers/nested.go:220.2,230.4 2 0
github.com/operan/modules/05-department-template-engine/internal/handlers/nested.go:233.128,234.24 1 0
github.com/operan/modules/05-department-template-engine/internal/handlers/nested.go:234.24,238.3 2 0
github.com/operan/modules/05-department-template-engine/internal/handlers/nested.go:240.2,241.16 2 0
github.com/operan/modules/05-department-template-engine/internal/handlers/nested.go:241.16,245.3 2 0
github.com/operan/modules/05-department-template-engine/internal/handlers/nested.go:247.2,247.63 1 0
github.com/operan/modules/05-department-template-engine/internal/handlers/nested.go:250.131,251.24 1 0
github.com/operan/modules/05-department-template-engine/internal/handlers/nested.go:251.24,255.3 2 0
github.com/operan/modules/05-department-template-engine/internal/handlers/nested.go:257.2,261.53 4 0
github.com/operan/modules/05-department-template-engine/internal/handlers/nested.go:261.53,265.3 2 0
github.com/operan/modules/05-department-template-engine/internal/handlers/nested.go:267.2,267.39 1 0
github.com/operan/modules/05-department-template-engine/internal/handlers/nested.go:267.39,268.43 1 0
github.com/operan/modules/05-department-template-engine/internal/handlers/nested.go:268.43,270.18 2 0
github.com/operan/modules/05-department-template-engine/internal/handlers/nested.go:270.18,274.5 2 0
github.com/operan/modules/05-department-template-engine/internal/handlers/nested.go:276.4,277.56 2 0
github.com/operan/modules/05-department-template-engine/internal/handlers/nested.go:277.56,278.37 1 0
github.com/operan/modules/05-department-template-engine/internal/handlers/nested.go:278.37,280.6 1 0
github.com/operan/modules/05-department-template-engine/internal/handlers/nested.go:283.4,283.29 1 0
github.com/operan/modules/05-department-template-engine/internal/handlers/nested.go:283.29,297.5 3 0
github.com/operan/modules/05-department-template-engine/internal/handlers/nested.go:297.10,297.41 1 0
github.com/operan/modules/05-department-template-engine/internal/handlers/nested.go:297.41,309.5 1 0
github.com/operan/modules/05-department-template-engine/internal/handlers/nested.go:311.4,312.10 2 0
github.com/operan/modules/05-department-template-engine/internal/handlers/nested.go:316.2,317.16 2 0
github.com/operan/modules/05-department-template-engine/internal/handlers/nested.go:317.16,321.3 2 0
github.com/operan/modules/05-department-template-engine/internal/handlers/nested.go:323.2,323.60 1 0
github.com/operan/modules/05-department-template-engine/internal/handlers/nested.go:326.101,340.2 4 1
github.com/operan/modules/05-department-template-engine/internal/handlers/nested.go:342.122,343.21 1 1
github.com/operan/modules/05-department-template-engine/internal/handlers/nested.go:343.21,347.3 2 0
github.com/operan/modules/05-department-template-engine/internal/handlers/nested.go:349.2,350.16 2 1
github.com/operan/modules/05-department-template-engine/internal/handlers/nested.go:350.16,354.3 2 0
github.com/operan/modules/05-department-template-engine/internal/handlers/nested.go:356.2,362.4 1 1
github.com/operan/modules/05-department-template-engine/internal/handlers/router.go:8.62,26.2 11 0
github.com/operan/modules/05-department-template-engine/internal/handlers/templates.go:40.65,42.27 2 1
github.com/operan/modules/05-department-template-engine/internal/handlers/templates.go:42.27,43.57 1 1
github.com/operan/modules/05-department-template-engine/internal/handlers/templates.go:43.57,45.4 1 1
github.com/operan/modules/05-department-template-engine/internal/handlers/templates.go:47.2,47.22 1 1
github.com/operan/modules/05-department-template-engine/internal/handlers/templates.go:52.110,61.2 1 1
github.com/operan/modules/05-department-template-engine/internal/handlers/templates.go:66.83,70.16 3 1
github.com/operan/modules/05-department-template-engine/internal/handlers/templates.go:70.16,74.3 2 0
github.com/operan/modules/05-department-template-engine/internal/handlers/templates.go:75.2,78.51 3 1
github.com/operan/modules/05-department-template-engine/internal/handlers/templates.go:78.51,82.3 2 1
github.com/operan/modules/05-department-template-engine/internal/handlers/templates.go:84.2,84.20 1 1
github.com/operan/modules/05-department-template-engine/internal/handlers/templates.go:84.20,88.3 2 1
github.com/operan/modules/05-department-template-engine/internal/handlers/templates.go:90.2,110.16 3 1
github.com/operan/modules/05-department-template-engine/internal/handlers/templates.go:110.16,114.3 2 0
github.com/operan/modules/05-department-template-engine/internal/handlers/templates.go:116.2,131.63 2 1
github.com/operan/modules/05-department-template-engine/internal/handlers/templates.go:135.82,138.45 3 1
github.com/operan/modules/05-department-template-engine/internal/handlers/templates.go:138.45,139.48 1 0
github.com/operan/modules/05-department-template-engine/internal/handlers/templates.go:139.48,141.4 1 0
github.com/operan/modules/05-department-template-engine/internal/handlers/templates.go:143.2,143.52 1 1
github.com/operan/modules/05-department-template-engine/internal/handlers/templates.go:143.52,144.49 1 0
github.com/operan/modules/05-department-template-engine/internal/handlers/templates.go:144.49,146.4 1 0
github.com/operan/modules/05-department-template-engine/internal/handlers/templates.go:148.2,148.30 1 1
github.com/operan/modules/05-department-template-engine/internal/handlers/templates.go:148.30,150.3 1 0
github.com/operan/modules/05-department-template-engine/internal/handlers/templates.go:152.2,153.53 2 1
github.com/operan/modules/05-department-template-engine/internal/handlers/templates.go:153.53,155.3 1 0
github.com/operan/modules/05-department-template-engine/internal/handlers/templates.go:157.2,167.4 2 1
github.com/operan/modules/05-department-template-engine/internal/handlers/templates.go:171.80,175.14 3 1
github.com/operan/modules/05-department-template-engine/internal/handlers/templates.go:175.14,179.3 2 0
github.com/operan/modules/05-department-template-engine/internal/handlers/templates.go:181.2,182.16 2 1
github.com/operan/modules/05-department-template-engine/internal/handlers/templates.go:182.16,186.3 2 1
github.com/operan/modules/05-department-template-engine/internal/handlers/templates.go:188.2,188.55 1 1
github.com/operan/modules/05-department-template-engine/internal/handlers/templates.go:192.83,196.14 3 1
github.com/operan/modules/05-department-template-engine/internal/handlers/templates.go:196.14,200.3 2 0
github.com/operan/modules/05-department-template-engine/internal/handlers/templates.go:202.2,203.16 2 1
github.com/operan/modules/05-department-template-engine/internal/handlers/templates.go:203.16,207.3 2 0
github.com/operan/modules/05-department-template-engine/internal/handlers/templates.go:209.2,213.53 4 1
github.com/operan/modules/05-department-template-engine/internal/handlers/templates.go:213.53,217.3 2 0
github.com/operan/modules/05-department-template-engine/internal/handlers/templates.go:219.2,220.16 2 1
github.com/operan/modules/05-department-template-engine/internal/handlers/templates.go:220.16,224.3 2 0
github.com/operan/modules/05-department-template-engine/internal/handlers/templates.go:226.2,241.58 3 1
github.com/operan/modules/05-department-template-engine/internal/handlers/templates.go:245.83,249.14 3 1
github.com/operan/modules/05-department-template-engine/internal/handlers/templates.go:249.14,253.3 2 0
github.com/operan/modules/05-department-template-engine/internal/handlers/templates.go:255.2,256.16 2 1
github.com/operan/modules/05-department-template-engine/internal/handlers/templates.go:256.16,260.3 2 0
github.com/operan/modules/05-department-template-engine/internal/handlers/templates.go:262.2,262.96 1 1
github.com/operan/modules/05-department-template-engine/internal/handlers/templates.go:262.96,266.3 2 0
github.com/operan/modules/05-department-template-engine/internal/handlers/templates.go:268.2,278.37 2 1
